2020-07-14 23:13:50,755 LGboost Start
2020-07-14 23:13:52,381 Score for LGboost is 0.023574821852731593
2020-07-14 23:13:52,382 Run Time for Linear Regression is 0.0 minutes
2020-07-14 23:13:52,383 LGboost Start
2020-07-14 23:13:53,925 Score for LGboost is 0.020546318289786224
2020-07-14 23:13:53,925 Run Time for Linear Regression is 0.0 minutes
2020-07-14 23:13:53,926 LGboost Start
2020-07-14 23:13:55,353 Score for LGboost is 0.0168646080760095
2020-07-14 23:13:55,354 Run Time for Linear Regression is 0.0 minutes
2020-07-14 23:13:55,357 LGboost Start
2020-07-14 23:13:56,815 Score for LGboost is 0.016448931116389547
2020-07-14 23:13:56,815 Run Time for Linear Regression is 0.0 minutes
2020-07-14 23:13:56,816 LGboost Start
2020-07-14 23:13:58,313 Score for LGboost is 0.0581353919239905
2020-07-14 23:13:58,314 Run Time for Linear Regression is 0.0 minutes
2020-07-14 23:13:58,314 LGboost Start
2020-07-14 23:13:59,840 Score for LGboost is 0.06817102137767221
2020-07-14 23:13:59,840 Run Time for Linear Regression is 0.0 minutes
2020-07-14 23:13:59,841 LGboost Start
2020-07-14 23:14:01,204 Score for LGboost is 0.18806413301662708
2020-07-14 23:14:01,205 Run Time for Linear Regression is 0.0 minutes
2020-07-14 23:14:01,205 LGboost Start
2020-07-14 23:14:02,460 Score for LGboost is 0.047327790973871735
2020-07-14 23:14:02,461 Run Time for Linear Regression is 0.0 minutes
2020-07-14 23:14:02,461 LGboost Start
2020-07-14 23:14:04,079 Score for LGboost is 0.032541567695962
2020-07-14 23:14:04,079 Run Time for Linear Regression is 0.0 minutes
2020-07-14 23:14:04,080 LGboost Start
2020-07-14 23:14:05,714 Score for LGboost is 0.028859857482185274
2020-07-14 23:14:05,714 Run Time for Linear Regression is 0.0 minutes
2020-07-14 23:14:05,715 LGboost Start
2020-07-14 23:14:07,815 Score for LGboost is 0.025890736342042756
2020-07-14 23:14:07,815 Run Time for Linear Regression is 0.0 minutes
2020-07-14 23:14:07,816 LGboost Start
2020-07-14 23:14:09,625 Score for LGboost is 0.02327790973871734
2020-07-14 23:14:09,625 Run Time for Linear Regression is 0.0 minutes
2020-07-14 23:14:09,627 LGboost Start
2020-07-14 23:14:11,593 Score for LGboost is 0.02155581947743468
2020-07-14 23:14:11,593 Run Time for Linear Regression is 0.0 minutes
2020-07-14 23:14:11,595 LGboost Start
2020-07-14 23:14:13,567 Score for LGboost is 0.02173396674584323
2020-07-14 23:14:13,567 Run Time for Linear Regression is 0.0 minutes
2020-07-14 23:14:13,568 LGboost Start
2020-07-14 23:14:16,132 Score for LGboost is 0.021199524940617578
2020-07-14 23:14:16,133 Run Time for Linear Regression is 0.0 minutes
2020-07-14 23:14:16,134 LGboost Start
2020-07-14 23:14:17,829 Score for LGboost is 0.047327790973871735
2020-07-14 23:14:17,829 Run Time for Linear Regression is 0.0 minutes
2020-07-14 23:14:17,830 LGboost Start
2020-07-14 23:14:19,553 Score for LGboost is 0.030997624703087884
2020-07-14 23:14:19,553 Run Time for Linear Regression is 0.0 minutes
2020-07-14 23:14:19,554 LGboost Start
2020-07-14 23:14:21,961 Score for LGboost is 0.020546318289786224
2020-07-14 23:14:21,962 Run Time for Linear Regression is 0.0 minutes
2020-07-14 23:14:21,963 LGboost Start
2020-07-14 23:14:24,937 Score for LGboost is 0.015142517814726841
2020-07-14 23:14:24,937 Run Time for Linear Regression is 0.0 minutes
2020-07-14 23:14:24,939 LGboost Start
2020-07-14 23:14:47,539 Score for LGboost is 0.016211401425178146
2020-07-14 23:14:47,539 Run Time for Linear Regression is 0.0 minutes
2020-07-14 23:14:47,541 LGboost Start
2020-07-14 23:14:58,256 Score for LGboost is 0.016211401425178146
2020-07-14 23:14:58,256 Run Time for Linear Regression is 1.0 minutes
2020-07-14 23:14:58,259 LGboost Start
2020-07-14 23:15:10,346 Score for LGboost is 0.016211401425178146
2020-07-14 23:15:10,346 Run Time for Linear Regression is 1.0 minutes
2020-07-14 23:15:10,348 LGboost Start
2020-07-14 23:15:11,831 Score for LGboost is 0.1161520190023753
2020-07-14 23:15:11,831 Run Time for Linear Regression is 1.0 minutes
2020-07-14 23:15:11,832 LGboost Start
2020-07-14 23:15:13,264 Score for LGboost is 0.1161520190023753
2020-07-14 23:15:13,264 Run Time for Linear Regression is 1.0 minutes
2020-07-14 23:15:13,265 LGboost Start
2020-07-14 23:15:14,757 Score for LGboost is 0.1161520190023753
2020-07-14 23:15:14,757 Run Time for Linear Regression is 1.0 minutes
2020-07-14 23:15:14,758 LGboost Start
2020-07-14 23:15:16,166 Score for LGboost is 0.1161520190023753
2020-07-14 23:15:16,166 Run Time for Linear Regression is 1.0 minutes
2020-07-14 23:15:16,167 LGboost Start
2020-07-14 23:15:17,755 Score for LGboost is 0.08723277909738718
2020-07-14 23:15:17,755 Run Time for Linear Regression is 1.0 minutes
2020-07-14 23:15:17,756 LGboost Start
2020-07-14 23:15:19,097 Score for LGboost is 0.030463182897862234
2020-07-14 23:15:19,097 Run Time for Linear Regression is 1.0 minutes
2020-07-14 23:15:19,099 LGboost Start
2020-07-14 23:15:20,564 Score for LGboost is 0.029216152019002375
2020-07-14 23:15:20,564 Run Time for Linear Regression is 1.0 minutes
2020-07-14 23:15:20,566 LGboost Start
2020-07-14 23:15:22,274 Score for LGboost is 0.028503562945368172
2020-07-14 23:15:22,274 Run Time for Linear Regression is 1.0 minutes
2020-07-14 23:15:22,275 LGboost Start
2020-07-14 23:15:23,944 Score for LGboost is 0.024406175771971496
2020-07-14 23:15:23,945 Run Time for Linear Regression is 1.0 minutes
2020-07-14 23:15:23,946 LGboost Start
2020-07-14 23:15:25,756 Score for LGboost is 0.02315914489311164
2020-07-14 23:15:25,756 Run Time for Linear Regression is 1.0 minutes
2020-07-14 23:15:25,757 LGboost Start
2020-07-14 23:15:27,666 Score for LGboost is 0.022565320665083134
2020-07-14 23:15:27,666 Run Time for Linear Regression is 1.0 minutes
2020-07-14 23:15:27,667 LGboost Start
2020-07-14 23:15:29,636 Score for LGboost is 0.020546318289786224
2020-07-14 23:15:29,636 Run Time for Linear Regression is 1.0 minutes
2020-07-14 23:15:29,637 LGboost Start
2020-07-14 23:15:31,679 Score for LGboost is 0.025356294536817103
2020-07-14 23:15:31,679 Run Time for Linear Regression is 1.0 minutes
2020-07-14 23:15:31,681 LGboost Start
2020-07-14 23:15:33,415 Score for LGboost is 0.03010688836104513
2020-07-14 23:15:33,416 Run Time for Linear Regression is 1.0 minutes
2020-07-14 23:15:33,417 LGboost Start
2020-07-14 23:15:35,157 Score for LGboost is 0.03236342042755344
2020-07-14 23:15:35,158 Run Time for Linear Regression is 1.0 minutes
2020-07-14 23:15:35,159 LGboost Start
2020-07-14 23:15:36,905 Score for LGboost is 0.03705463182897862
2020-07-14 23:15:36,905 Run Time for Linear Regression is 1.0 minutes
2020-07-14 23:15:36,907 LGboost Start
2020-07-14 23:15:38,595 Score for LGboost is 0.047090261282660334
2020-07-14 23:15:38,595 Run Time for Linear Regression is 1.0 minutes
2020-07-14 23:17:45,883 LGboost Start
2020-07-14 23:17:47,387 Score for LGboost is 0.021199524940617578
2020-07-14 23:17:47,387 Run Time for Linear Regression is 0.0 minutes
2020-07-14 23:26:27,468 Logistic Regression Start
2020-07-14 23:26:39,982 Score for Logistic Regression is {'fit_time': array([2.37716079, 2.45996189, 2.07607961, 2.8265276 , 2.57052302]), 'score_time': array([0.04101515, 0.03411317, 0.03623176, 0.03305292, 0.03503132]), 'test_mse': array([0.05418381, 0.1292377 , 0.19684499, 0.08103077, 0.10906418])}
2020-07-14 23:26:39,982 Run Time for Logistic Regression is 0.0 minutes
2020-07-14 23:27:07,790 Logistic Regression Start
2020-07-14 23:27:20,029 Score for Logistic Regression is {'fit_time': array([2.26898408, 2.17194986, 2.09777021, 2.66596222, 2.82867527]), 'score_time': array([0.03712535, 0.0349865 , 0.04103494, 0.03737497, 0.04029369]), 'test_mse': array([0.05418381, 0.1292377 , 0.19684499, 0.08103077, 0.10906418])}
2020-07-14 23:27:20,029 Run Time for Logistic Regression is 0.0 minutes
2020-07-14 23:29:04,840 RandomForest Start
2020-07-14 23:29:53,732 Score for RandomForest is {'fit_time': array([32.02884889,  3.85784149,  3.56063485,  4.35646248,  4.2847476 ]), 'score_time': array([0.16744399, 0.15640092, 0.15812278, 0.15048289, 0.14838338]), 'test_mse': array([0.05222418, 0.16313933, 0.18342152, 0.08475407, 0.24487996])}
2020-07-14 23:29:53,733 Run Time for RandomForest is 0.0 minutes
2020-07-14 23:31:13,965 XGboost Start
2020-07-14 23:32:28,701 Score for XGboost is {'fit_time': array([13.32590389, 13.97384143, 13.01952624, 16.27883196, 16.9841311 ]), 'score_time': array([0.24523711, 0.2778821 , 0.19558001, 0.22808099, 0.1824894 ]), 'test_mse': array([0.05134235, 0.20909269, 0.18009014, 0.08945718, 0.11905928])}
2020-07-14 23:32:28,701 Run Time for XGboost is 1.0 minutes
2020-07-14 23:33:33,299 LGboost Start
2020-07-14 23:33:44,881 Score for LGboost is {'fit_time': array([1.85697699, 1.94271493, 2.92372227, 2.12611294, 2.28044534]), 'score_time': array([0.08935714, 0.08866191, 0.08683944, 0.08233881, 0.08740902]), 'test_mse': array([0.04967666, 0.17724868, 0.18165785, 0.08161866, 0.11788339])}
2020-07-14 23:33:44,881 Run Time for LGboost is 0.0 minutes
2020-07-14 23:43:52,528 LGboost Start
2020-07-14 23:43:54,453 Score for LGboost is 0.020902612826603325
2020-07-14 23:43:54,453 Run Time for Linear Regression is 0.0 minutes
