2020-07-15 00:04:28,661 LGboost Start
2020-07-15 00:04:30,130 Score for LGboost is None
2020-07-15 00:04:30,130 Run Time for Linear Regression is 0.0 minutes
2020-07-15 00:06:06,018 LGboost Start
2020-07-15 00:06:07,453 Score for LGboost is None
2020-07-15 00:06:07,453 Run Time for Linear Regression is 0.0 minutes
2020-07-15 00:09:24,617 CACHEDIR=/home/narquette/.cache/matplotlib
2020-07-15 00:09:24,618 Using fontManager instance from /home/narquette/.cache/matplotlib/fontlist-v310.json
2020-07-15 00:09:24,800 Loaded backend module://ipykernel.pylab.backend_inline version unknown.
2020-07-15 00:09:24,801 Loaded backend module://ipykernel.pylab.backend_inline version unknown.
2020-07-15 00:12:49,962 pickle loaded: /home/narquette/anaconda/envs/claims/lib/python3.7/site-packages/jedi/third_party/typeshed/stdlib/2and3/builtins.pyi
2020-07-15 00:12:50,270 pickle loaded: /home/narquette/anaconda/envs/claims/lib/python3.7/site-packages/jedi/third_party/typeshed/stdlib/3/sys.pyi
2020-07-15 00:13:36,337 diff parser start
2020-07-15 00:13:36,338 line_lengths old: 10; new: 10
2020-07-15 00:13:36,339 -> code[equal] old[1:9] new[1:9]
2020-07-15 00:13:36,340 copy old[1:8] new[1:8]
2020-07-15 00:13:36,342 parse_part from 9 to 10 (to 9 in part parser)
2020-07-15 00:13:36,342 -> code[replace] old[10:10] new[10:10]
2020-07-15 00:13:36,343 diff parser end
2020-07-15 00:13:37,407 diff parser start
2020-07-15 00:13:37,408 line_lengths old: 10; new: 10
2020-07-15 00:13:37,408 -> code[equal] old[1:9] new[1:9]
2020-07-15 00:13:37,409 copy old[1:8] new[1:8]
2020-07-15 00:13:37,409 parse_part from 9 to 10 (to 9 in part parser)
2020-07-15 00:13:37,410 -> code[replace] old[10:10] new[10:10]
2020-07-15 00:13:37,410 diff parser end
2020-07-15 00:15:44,147 findfont: Matching sans\-serif:style=normal:variant=normal:weight=normal:stretch=normal:size=12.0.
2020-07-15 00:15:44,147 findfont: score(<Font 'STIXSizeTwoSym' (STIXSizTwoSymReg.ttf) normal normal regular normal>) = 10.05
2020-07-15 00:15:44,147 findfont: score(<Font 'DejaVu Serif' (DejaVuSerif.ttf) normal normal 400 normal>) = 10.05
2020-07-15 00:15:44,147 findfont: score(<Font 'DejaVu Sans Mono' (DejaVuSansMono.ttf) normal normal 400 normal>) = 10.05
2020-07-15 00:15:44,147 findfont: score(<Font 'STIXSizeFourSym' (STIXSizFourSymBol.ttf) normal normal bold normal>) = 10.335
2020-07-15 00:15:44,147 findfont: score(<Font 'DejaVu Serif' (DejaVuSerif-Italic.ttf) italic normal 400 normal>) = 11.05
2020-07-15 00:15:44,147 findfont: score(<Font 'cmex10' (cmex10.ttf) normal normal 400 normal>) = 10.05
2020-07-15 00:15:44,147 findfont: score(<Font 'STIXSizeThreeSym' (STIXSizThreeSymReg.ttf) normal normal regular normal>) = 10.05
2020-07-15 00:15:44,147 findfont: score(<Font 'STIXSizeTwoSym' (STIXSizTwoSymBol.ttf) normal normal bold normal>) = 10.335
2020-07-15 00:15:44,147 findfont: score(<Font 'DejaVu Serif' (DejaVuSerif-BoldItalic.ttf) italic normal bold normal>) = 11.335
2020-07-15 00:15:44,147 findfont: score(<Font 'DejaVu Sans Mono' (DejaVuSansMono-BoldOblique.ttf) oblique normal bold normal>) = 11.335
2020-07-15 00:15:44,147 findfont: score(<Font 'DejaVu Sans' (DejaVuSans-BoldOblique.ttf) oblique normal bold normal>) = 1.335
2020-07-15 00:15:44,147 findfont: score(<Font 'DejaVu Sans' (DejaVuSans-Oblique.ttf) oblique normal 400 normal>) = 1.05
2020-07-15 00:15:44,148 findfont: score(<Font 'STIXSizeOneSym' (STIXSizOneSymReg.ttf) normal normal regular normal>) = 10.05
2020-07-15 00:15:44,148 findfont: score(<Font 'cmtt10' (cmtt10.ttf) normal normal 400 normal>) = 10.05
2020-07-15 00:15:44,148 findfont: score(<Font 'STIXSizeThreeSym' (STIXSizThreeSymBol.ttf) normal normal bold normal>) = 10.335
2020-07-15 00:15:44,148 findfont: score(<Font 'cmsy10' (cmsy10.ttf) normal normal 400 normal>) = 10.05
2020-07-15 00:15:44,148 findfont: score(<Font 'DejaVu Sans Mono' (DejaVuSansMono-Oblique.ttf) oblique normal 400 normal>) = 11.05
2020-07-15 00:15:44,148 findfont: score(<Font 'STIXGeneral' (STIXGeneralBol.ttf) normal normal bold normal>) = 10.335
2020-07-15 00:15:44,148 findfont: score(<Font 'cmr10' (cmr10.ttf) normal normal 400 normal>) = 10.05
2020-07-15 00:15:44,148 findfont: score(<Font 'DejaVu Sans Mono' (DejaVuSansMono-Bold.ttf) normal normal bold normal>) = 10.335
2020-07-15 00:15:44,148 findfont: score(<Font 'DejaVu Sans Display' (DejaVuSansDisplay.ttf) normal normal 400 normal>) = 10.05
2020-07-15 00:15:44,148 findfont: score(<Font 'STIXGeneral' (STIXGeneralBolIta.ttf) italic normal bold normal>) = 11.335
2020-07-15 00:15:44,148 findfont: score(<Font 'DejaVu Sans' (DejaVuSans.ttf) normal normal 400 normal>) = 0.05
2020-07-15 00:15:44,148 findfont: score(<Font 'STIXGeneral' (STIXGeneral.ttf) normal normal regular normal>) = 10.05
2020-07-15 00:15:44,148 findfont: score(<Font 'STIXSizeFiveSym' (STIXSizFiveSymReg.ttf) normal normal regular normal>) = 10.05
2020-07-15 00:15:44,148 findfont: score(<Font 'STIXNonUnicode' (STIXNonUniBolIta.ttf) italic normal bold normal>) = 11.335
2020-07-15 00:15:44,148 findfont: score(<Font 'DejaVu Serif Display' (DejaVuSerifDisplay.ttf) normal normal 400 normal>) = 10.05
2020-07-15 00:15:44,148 findfont: score(<Font 'STIXNonUnicode' (STIXNonUni.ttf) normal normal regular normal>) = 10.05
2020-07-15 00:15:44,148 findfont: score(<Font 'STIXSizeOneSym' (STIXSizOneSymBol.ttf) normal normal bold normal>) = 10.335
2020-07-15 00:15:44,148 findfont: score(<Font 'DejaVu Serif' (DejaVuSerif-Bold.ttf) normal normal bold normal>) = 10.335
2020-07-15 00:15:44,148 findfont: score(<Font 'cmmi10' (cmmi10.ttf) normal normal 400 normal>) = 10.05
2020-07-15 00:15:44,149 findfont: score(<Font 'cmb10' (cmb10.ttf) normal normal 400 normal>) = 10.05
2020-07-15 00:15:44,149 findfont: score(<Font 'cmss10' (cmss10.ttf) normal normal 400 normal>) = 10.05
2020-07-15 00:15:44,149 findfont: score(<Font 'DejaVu Sans' (DejaVuSans-Bold.ttf) normal normal bold normal>) = 0.33499999999999996
2020-07-15 00:15:44,149 findfont: score(<Font 'STIXSizeFourSym' (STIXSizFourSymReg.ttf) normal normal regular normal>) = 10.05
2020-07-15 00:15:44,149 findfont: score(<Font 'STIXNonUnicode' (STIXNonUniIta.ttf) italic normal 400 normal>) = 11.05
2020-07-15 00:15:44,149 findfont: score(<Font 'STIXNonUnicode' (STIXNonUniBol.ttf) normal normal bold normal>) = 10.335
2020-07-15 00:15:44,149 findfont: score(<Font 'STIXGeneral' (STIXGeneralItalic.ttf) italic normal 400 normal>) = 11.05
2020-07-15 00:15:44,149 findfont: Matching sans\-serif:style=normal:variant=normal:weight=normal:stretch=normal:size=12.0 to DejaVu Sans ('/home/narquette/anaconda/envs/claims/lib/python3.7/site-packages/matplotlib/mpl-data/fonts/ttf/DejaVuSans.ttf') with score of 0.050000.
2020-07-15 00:15:44,156 findfont: Matching sans\-serif:style=normal:variant=normal:weight=normal:stretch=normal:size=10.0.
2020-07-15 00:15:44,157 findfont: score(<Font 'STIXSizeTwoSym' (STIXSizTwoSymReg.ttf) normal normal regular normal>) = 10.05
2020-07-15 00:15:44,157 findfont: score(<Font 'DejaVu Serif' (DejaVuSerif.ttf) normal normal 400 normal>) = 10.05
2020-07-15 00:15:44,157 findfont: score(<Font 'DejaVu Sans Mono' (DejaVuSansMono.ttf) normal normal 400 normal>) = 10.05
2020-07-15 00:15:44,157 findfont: score(<Font 'STIXSizeFourSym' (STIXSizFourSymBol.ttf) normal normal bold normal>) = 10.335
2020-07-15 00:15:44,157 findfont: score(<Font 'DejaVu Serif' (DejaVuSerif-Italic.ttf) italic normal 400 normal>) = 11.05
2020-07-15 00:15:44,157 findfont: score(<Font 'cmex10' (cmex10.ttf) normal normal 400 normal>) = 10.05
2020-07-15 00:15:44,157 findfont: score(<Font 'STIXSizeThreeSym' (STIXSizThreeSymReg.ttf) normal normal regular normal>) = 10.05
2020-07-15 00:15:44,157 findfont: score(<Font 'STIXSizeTwoSym' (STIXSizTwoSymBol.ttf) normal normal bold normal>) = 10.335
2020-07-15 00:15:44,157 findfont: score(<Font 'DejaVu Serif' (DejaVuSerif-BoldItalic.ttf) italic normal bold normal>) = 11.335
2020-07-15 00:15:44,157 findfont: score(<Font 'DejaVu Sans Mono' (DejaVuSansMono-BoldOblique.ttf) oblique normal bold normal>) = 11.335
2020-07-15 00:15:44,157 findfont: score(<Font 'DejaVu Sans' (DejaVuSans-BoldOblique.ttf) oblique normal bold normal>) = 1.335
2020-07-15 00:15:44,157 findfont: score(<Font 'DejaVu Sans' (DejaVuSans-Oblique.ttf) oblique normal 400 normal>) = 1.05
2020-07-15 00:15:44,157 findfont: score(<Font 'STIXSizeOneSym' (STIXSizOneSymReg.ttf) normal normal regular normal>) = 10.05
2020-07-15 00:15:44,157 findfont: score(<Font 'cmtt10' (cmtt10.ttf) normal normal 400 normal>) = 10.05
2020-07-15 00:15:44,157 findfont: score(<Font 'STIXSizeThreeSym' (STIXSizThreeSymBol.ttf) normal normal bold normal>) = 10.335
2020-07-15 00:15:44,157 findfont: score(<Font 'cmsy10' (cmsy10.ttf) normal normal 400 normal>) = 10.05
2020-07-15 00:15:44,158 findfont: score(<Font 'DejaVu Sans Mono' (DejaVuSansMono-Oblique.ttf) oblique normal 400 normal>) = 11.05
2020-07-15 00:15:44,158 findfont: score(<Font 'STIXGeneral' (STIXGeneralBol.ttf) normal normal bold normal>) = 10.335
2020-07-15 00:15:44,158 findfont: score(<Font 'cmr10' (cmr10.ttf) normal normal 400 normal>) = 10.05
2020-07-15 00:15:44,158 findfont: score(<Font 'DejaVu Sans Mono' (DejaVuSansMono-Bold.ttf) normal normal bold normal>) = 10.335
2020-07-15 00:15:44,158 findfont: score(<Font 'DejaVu Sans Display' (DejaVuSansDisplay.ttf) normal normal 400 normal>) = 10.05
2020-07-15 00:15:44,158 findfont: score(<Font 'STIXGeneral' (STIXGeneralBolIta.ttf) italic normal bold normal>) = 11.335
2020-07-15 00:15:44,158 findfont: score(<Font 'DejaVu Sans' (DejaVuSans.ttf) normal normal 400 normal>) = 0.05
2020-07-15 00:15:44,158 findfont: score(<Font 'STIXGeneral' (STIXGeneral.ttf) normal normal regular normal>) = 10.05
2020-07-15 00:15:44,158 findfont: score(<Font 'STIXSizeFiveSym' (STIXSizFiveSymReg.ttf) normal normal regular normal>) = 10.05
2020-07-15 00:15:44,158 findfont: score(<Font 'STIXNonUnicode' (STIXNonUniBolIta.ttf) italic normal bold normal>) = 11.335
2020-07-15 00:15:44,158 findfont: score(<Font 'DejaVu Serif Display' (DejaVuSerifDisplay.ttf) normal normal 400 normal>) = 10.05
2020-07-15 00:15:44,158 findfont: score(<Font 'STIXNonUnicode' (STIXNonUni.ttf) normal normal regular normal>) = 10.05
2020-07-15 00:15:44,158 findfont: score(<Font 'STIXSizeOneSym' (STIXSizOneSymBol.ttf) normal normal bold normal>) = 10.335
2020-07-15 00:15:44,158 findfont: score(<Font 'DejaVu Serif' (DejaVuSerif-Bold.ttf) normal normal bold normal>) = 10.335
2020-07-15 00:15:44,158 findfont: score(<Font 'cmmi10' (cmmi10.ttf) normal normal 400 normal>) = 10.05
2020-07-15 00:15:44,158 findfont: score(<Font 'cmb10' (cmb10.ttf) normal normal 400 normal>) = 10.05
2020-07-15 00:15:44,158 findfont: score(<Font 'cmss10' (cmss10.ttf) normal normal 400 normal>) = 10.05
2020-07-15 00:15:44,158 findfont: score(<Font 'DejaVu Sans' (DejaVuSans-Bold.ttf) normal normal bold normal>) = 0.33499999999999996
2020-07-15 00:15:44,158 findfont: score(<Font 'STIXSizeFourSym' (STIXSizFourSymReg.ttf) normal normal regular normal>) = 10.05
2020-07-15 00:15:44,158 findfont: score(<Font 'STIXNonUnicode' (STIXNonUniIta.ttf) italic normal 400 normal>) = 11.05
2020-07-15 00:15:44,158 findfont: score(<Font 'STIXNonUnicode' (STIXNonUniBol.ttf) normal normal bold normal>) = 10.335
2020-07-15 00:15:44,159 findfont: score(<Font 'STIXGeneral' (STIXGeneralItalic.ttf) italic normal 400 normal>) = 11.05
2020-07-15 00:15:44,159 findfont: Matching sans\-serif:style=normal:variant=normal:weight=normal:stretch=normal:size=10.0 to DejaVu Sans ('/home/narquette/anaconda/envs/claims/lib/python3.7/site-packages/matplotlib/mpl-data/fonts/ttf/DejaVuSans.ttf') with score of 0.050000.
