2020-07-27 10:58:48,349 Logistic Regression Start
2020-07-27 11:00:11,494 Logistic Regression Start
2020-07-27 11:00:50,130 Logistic Regression Start
2020-07-27 11:00:50,449 Score for Logistic Regression is 0.10461922596754057
2020-07-27 11:00:50,449 Run Time for Linear Regression is 0.0 minutes
2020-07-27 11:00:54,025 RandomForest Start
2020-07-27 11:00:54,737 Score for RandomForest is 0.26541822721598
2020-07-27 11:00:54,737 Run Time for Linear Regression is 0.0 minutes
2020-07-27 11:00:54,741 RandomForest Start
2020-07-27 11:00:55,383 Score for RandomForest is 0.2574282147315855
2020-07-27 11:00:55,383 Run Time for Linear Regression is 0.0 minutes
2020-07-27 11:00:55,384 RandomForest Start
2020-07-27 11:00:56,018 Score for RandomForest is 0.24344569288389514
2020-07-27 11:00:56,018 Run Time for Linear Regression is 0.0 minutes
2020-07-27 11:00:56,018 RandomForest Start
2020-07-27 11:00:56,651 Score for RandomForest is 0.2177278401997503
2020-07-27 11:00:56,651 Run Time for Linear Regression is 0.0 minutes
2020-07-27 11:00:56,651 RandomForest Start
2020-07-27 11:00:57,334 Score for RandomForest is 0.21423220973782772
2020-07-27 11:00:57,334 Run Time for Linear Regression is 0.0 minutes
2020-07-27 11:00:57,335 RandomForest Start
2020-07-27 11:00:58,108 Score for RandomForest is 0.17328339575530588
2020-07-27 11:00:58,108 Run Time for Linear Regression is 0.0 minutes
2020-07-27 11:00:58,108 RandomForest Start
2020-07-27 11:00:58,900 Score for RandomForest is 0.13632958801498127
2020-07-27 11:00:58,900 Run Time for Linear Regression is 0.0 minutes
2020-07-27 11:00:58,901 RandomForest Start
2020-07-27 11:00:59,844 Score for RandomForest is 0.11210986267166043
2020-07-27 11:00:59,844 Run Time for Linear Regression is 0.0 minutes
2020-07-27 11:00:59,845 RandomForest Start
2020-07-27 11:01:00,793 Score for RandomForest is 0.10561797752808989
2020-07-27 11:01:00,793 Run Time for Linear Regression is 0.0 minutes
2020-07-27 11:01:00,794 RandomForest Start
2020-07-27 11:01:00,996 Score for RandomForest is 0.17128589263420724
2020-07-27 11:01:00,996 Run Time for Linear Regression is 0.0 minutes
2020-07-27 11:01:00,996 RandomForest Start
2020-07-27 11:01:01,397 Score for RandomForest is 0.18002496878901372
2020-07-27 11:01:01,397 Run Time for Linear Regression is 0.0 minutes
2020-07-27 11:01:01,397 RandomForest Start
2020-07-27 11:01:01,793 Score for RandomForest is 0.13632958801498127
2020-07-27 11:01:01,794 Run Time for Linear Regression is 0.0 minutes
2020-07-27 11:01:01,795 RandomForest Start
2020-07-27 11:01:02,197 Score for RandomForest is 0.1418227215980025
2020-07-27 11:01:02,197 Run Time for Linear Regression is 0.0 minutes
2020-07-27 11:01:02,198 RandomForest Start
2020-07-27 11:01:02,610 Score for RandomForest is 0.12659176029962546
2020-07-27 11:01:02,610 Run Time for Linear Regression is 0.0 minutes
2020-07-27 11:01:02,611 RandomForest Start
2020-07-27 11:01:03,042 Score for RandomForest is 0.1118601747815231
2020-07-27 11:01:03,042 Run Time for Linear Regression is 0.0 minutes
2020-07-27 11:01:03,043 RandomForest Start
2020-07-27 11:01:03,656 Score for RandomForest is 0.10786516853932585
2020-07-27 11:01:03,656 Run Time for Linear Regression is 0.0 minutes
2020-07-27 11:01:03,657 RandomForest Start
2020-07-27 11:01:04,383 Score for RandomForest is 0.10511860174781523
2020-07-27 11:01:04,383 Run Time for Linear Regression is 0.0 minutes
2020-07-27 11:01:04,385 RandomForest Start
2020-07-27 11:01:05,030 Score for RandomForest is 0.10886392009987515
2020-07-27 11:01:05,030 Run Time for Linear Regression is 0.0 minutes
2020-07-27 11:01:05,033 RandomForest Start
2020-07-27 11:01:05,683 Score for RandomForest is 0.1066167290886392
2020-07-27 11:01:05,683 Run Time for Linear Regression is 0.0 minutes
2020-07-27 11:01:05,684 RandomForest Start
2020-07-27 11:01:06,321 Score for RandomForest is 0.10411985018726591
2020-07-27 11:01:06,321 Run Time for Linear Regression is 0.0 minutes
2020-07-27 11:01:06,322 RandomForest Start
2020-07-27 11:01:07,136 Score for RandomForest is 0.10536828963795256
2020-07-27 11:01:07,136 Run Time for Linear Regression is 0.0 minutes
2020-07-27 11:01:07,137 RandomForest Start
2020-07-27 11:01:08,043 Score for RandomForest is 0.10536828963795256
2020-07-27 11:01:08,043 Run Time for Linear Regression is 0.0 minutes
2020-07-27 11:01:08,043 RandomForest Start
2020-07-27 11:01:09,468 Score for RandomForest is 0.10162297128589264
2020-07-27 11:01:09,468 Run Time for Linear Regression is 0.0 minutes
2020-07-27 11:01:09,469 RandomForest Start
2020-07-27 11:01:10,380 Score for RandomForest is 0.10536828963795256
2020-07-27 11:01:10,380 Run Time for Linear Regression is 0.0 minutes
2020-07-27 11:01:10,381 RandomForest Start
2020-07-27 11:01:11,344 Score for RandomForest is 0.1083645443196005
2020-07-27 11:01:11,345 Run Time for Linear Regression is 0.0 minutes
2020-07-27 11:01:11,345 RandomForest Start
2020-07-27 11:01:12,539 Score for RandomForest is 0.1066167290886392
2020-07-27 11:01:12,539 Run Time for Linear Regression is 0.0 minutes
2020-07-27 11:01:12,540 RandomForest Start
2020-07-27 11:01:13,472 Score for RandomForest is 0.10986267166042447
2020-07-27 11:01:13,472 Run Time for Linear Regression is 0.0 minutes
2020-07-27 11:01:13,473 RandomForest Start
2020-07-27 11:01:14,423 Score for RandomForest is 0.10536828963795256
2020-07-27 11:01:14,423 Run Time for Linear Regression is 0.0 minutes
2020-07-27 11:01:14,426 RandomForest Start
2020-07-27 11:01:15,275 Score for RandomForest is 0.16329588014981272
2020-07-27 11:01:15,275 Run Time for Linear Regression is 0.0 minutes
2020-07-27 11:01:15,276 RandomForest Start
2020-07-27 11:01:15,935 Score for RandomForest is 0.1822721598002497
2020-07-27 11:01:15,935 Run Time for Linear Regression is 0.0 minutes
2020-07-27 11:01:15,936 RandomForest Start
2020-07-27 11:01:16,725 Score for RandomForest is 0.18626716604244695
2020-07-27 11:01:16,725 Run Time for Linear Regression is 0.0 minutes
2020-07-27 11:01:16,726 RandomForest Start
2020-07-27 11:01:17,551 Score for RandomForest is 0.19425717852684146
2020-07-27 11:01:17,552 Run Time for Linear Regression is 0.0 minutes
2020-07-27 11:01:17,554 RandomForest Start
2020-07-27 11:01:18,402 Score for RandomForest is 0.20199750312109863
2020-07-27 11:01:18,402 Run Time for Linear Regression is 0.0 minutes
2020-07-27 11:01:18,403 RandomForest Start
2020-07-27 11:01:19,084 Score for RandomForest is 0.20474406991260924
2020-07-27 11:01:19,084 Run Time for Linear Regression is 0.0 minutes
2020-07-27 11:01:19,085 RandomForest Start
2020-07-27 11:01:19,767 Score for RandomForest is 0.20524344569288389
2020-07-27 11:01:19,768 Run Time for Linear Regression is 0.0 minutes
2020-07-27 11:01:19,768 RandomForest Start
2020-07-27 11:01:20,572 Score for RandomForest is 0.21697877652933834
2020-07-27 11:01:20,573 Run Time for Linear Regression is 0.0 minutes
2020-07-27 11:01:20,573 RandomForest Start
2020-07-27 11:01:21,268 Score for RandomForest is 0.2184769038701623
2020-07-27 11:01:21,268 Run Time for Linear Regression is 0.0 minutes
2020-07-27 11:01:21,269 RandomForest Start
2020-07-27 11:01:21,910 Score for RandomForest is 0.2389513108614232
2020-07-27 11:01:21,911 Run Time for Linear Regression is 0.0 minutes
2020-07-27 11:01:22,108 RandomForest Start
2020-07-27 11:01:22,684 Score for RandomForest is 0.10936329588014981
2020-07-27 11:01:22,684 Run Time for Linear Regression is 0.0 minutes
2020-07-27 11:01:22,803 XGboost Start
2020-07-27 11:01:23,719 Score for XGboost is 0.14681647940074907
2020-07-27 11:01:23,720 Run Time for Linear Regression is 0.0 minutes
2020-07-27 11:01:23,721 XGboost Start
2020-07-27 11:01:24,791 Score for XGboost is 0.132334581772784
2020-07-27 11:01:24,792 Run Time for Linear Regression is 0.0 minutes
2020-07-27 11:01:24,792 XGboost Start
2020-07-27 11:01:25,846 Score for XGboost is 0.1146067415730337
2020-07-27 11:01:25,846 Run Time for Linear Regression is 0.0 minutes
2020-07-27 11:01:25,847 XGboost Start
2020-07-27 11:01:26,765 Score for XGboost is 0.09762796504369538
2020-07-27 11:01:26,766 Run Time for Linear Regression is 0.0 minutes
2020-07-27 11:01:26,766 XGboost Start
2020-07-27 11:01:27,699 Score for XGboost is 0.08764044943820225
2020-07-27 11:01:27,699 Run Time for Linear Regression is 0.0 minutes
2020-07-27 11:01:27,700 XGboost Start
2020-07-27 11:01:28,626 Score for XGboost is 0.08514357053682896
2020-07-27 11:01:28,626 Run Time for Linear Regression is 0.0 minutes
2020-07-27 11:01:28,627 XGboost Start
2020-07-27 11:01:29,497 Score for XGboost is 0.09238451935081149
2020-07-27 11:01:29,497 Run Time for Linear Regression is 0.0 minutes
2020-07-27 11:01:29,497 XGboost Start
2020-07-27 11:01:29,903 Score for XGboost is 0.18127340823970037
2020-07-27 11:01:29,903 Run Time for Linear Regression is 0.0 minutes
2020-07-27 11:01:29,904 XGboost Start
2020-07-27 11:01:30,418 Score for XGboost is 0.1470661672908864
2020-07-27 11:01:30,418 Run Time for Linear Regression is 0.0 minutes
2020-07-27 11:01:30,419 XGboost Start
2020-07-27 11:01:30,998 Score for XGboost is 0.1303370786516854
2020-07-27 11:01:30,998 Run Time for Linear Regression is 0.0 minutes
2020-07-27 11:01:30,999 XGboost Start
2020-07-27 11:01:31,778 Score for XGboost is 0.11610486891385768
2020-07-27 11:01:31,778 Run Time for Linear Regression is 0.0 minutes
2020-07-27 11:01:31,779 XGboost Start
2020-07-27 11:01:32,568 Score for XGboost is 0.1066167290886392
2020-07-27 11:01:32,568 Run Time for Linear Regression is 0.0 minutes
2020-07-27 11:01:32,569 XGboost Start
2020-07-27 11:01:33,823 Score for XGboost is 0.08838951310861423
2020-07-27 11:01:33,823 Run Time for Linear Regression is 0.0 minutes
2020-07-27 11:01:33,824 XGboost Start
2020-07-27 11:01:36,303 Score for XGboost is 0.08414481897627965
2020-07-27 11:01:36,303 Run Time for Linear Regression is 0.0 minutes
2020-07-27 11:01:36,304 XGboost Start
2020-07-27 11:01:40,638 Score for XGboost is 0.09013732833957554
2020-07-27 11:01:40,639 Run Time for Linear Regression is 0.0 minutes
2020-07-27 11:01:40,640 XGboost Start
2020-07-27 11:01:40,799 Score for XGboost is 0.1752808988764045
2020-07-27 11:01:40,799 Run Time for Linear Regression is 0.0 minutes
2020-07-27 11:01:40,800 XGboost Start
2020-07-27 11:01:40,973 Score for XGboost is 0.1637952559300874
2020-07-27 11:01:40,974 Run Time for Linear Regression is 0.0 minutes
2020-07-27 11:01:40,974 XGboost Start
2020-07-27 11:01:41,145 Score for XGboost is 0.1655430711610487
2020-07-27 11:01:41,145 Run Time for Linear Regression is 0.0 minutes
2020-07-27 11:01:41,146 XGboost Start
2020-07-27 11:01:41,329 Score for XGboost is 0.1630461922596754
2020-07-27 11:01:41,330 Run Time for Linear Regression is 0.0 minutes
2020-07-27 11:01:41,330 XGboost Start
2020-07-27 11:01:41,513 Score for XGboost is 0.16279650436953808
2020-07-27 11:01:41,513 Run Time for Linear Regression is 0.0 minutes
2020-07-27 11:01:41,514 XGboost Start
2020-07-27 11:01:41,781 Score for XGboost is 0.1470661672908864
2020-07-27 11:01:41,781 Run Time for Linear Regression is 0.0 minutes
2020-07-27 11:01:41,782 XGboost Start
2020-07-27 11:01:42,200 Score for XGboost is 0.14332084893882646
2020-07-27 11:01:42,200 Run Time for Linear Regression is 0.0 minutes
2020-07-27 11:01:42,201 XGboost Start
2020-07-27 11:01:42,540 Score for XGboost is 0.1365792759051186
2020-07-27 11:01:42,541 Run Time for Linear Regression is 0.0 minutes
2020-07-27 11:01:42,541 XGboost Start
2020-07-27 11:01:42,961 Score for XGboost is 0.12484394506866417
2020-07-27 11:01:42,961 Run Time for Linear Regression is 0.0 minutes
2020-07-27 11:01:42,962 XGboost Start
2020-07-27 11:01:43,481 Score for XGboost is 0.12134831460674157
2020-07-27 11:01:43,481 Run Time for Linear Regression is 0.0 minutes
2020-07-27 11:01:43,482 XGboost Start
2020-07-27 11:01:44,078 Score for XGboost is 0.11310861423220973
2020-07-27 11:01:44,078 Run Time for Linear Regression is 0.0 minutes
2020-07-27 11:01:44,079 XGboost Start
2020-07-27 11:01:44,888 Score for XGboost is 0.10461922596754057
2020-07-27 11:01:44,888 Run Time for Linear Regression is 0.0 minutes
2020-07-27 11:01:45,092 XGboost Start
2020-07-27 11:01:47,736 Score for XGboost is 0.09113607990012484
2020-07-27 11:01:47,736 Run Time for Linear Regression is 0.0 minutes
2020-07-27 11:01:47,868 LGboost Start
2020-07-27 11:01:48,245 Score for LGboost is 0.1181023720349563
2020-07-27 11:01:48,245 Run Time for Linear Regression is 0.0 minutes
2020-07-27 11:01:48,247 LGboost Start
2020-07-27 11:01:48,644 Score for LGboost is 0.10486891385767791
2020-07-27 11:01:48,645 Run Time for Linear Regression is 0.0 minutes
2020-07-27 11:01:48,645 LGboost Start
2020-07-27 11:01:49,057 Score for LGboost is 0.10087390761548065
2020-07-27 11:01:49,057 Run Time for Linear Regression is 0.0 minutes
2020-07-27 11:01:49,058 LGboost Start
2020-07-27 11:01:49,417 Score for LGboost is 0.09787765293383272
2020-07-27 11:01:49,417 Run Time for Linear Regression is 0.0 minutes
2020-07-27 11:01:49,418 LGboost Start
2020-07-27 11:01:49,743 Score for LGboost is 0.09213483146067415
2020-07-27 11:01:49,743 Run Time for Linear Regression is 0.0 minutes
2020-07-27 11:01:49,743 LGboost Start
2020-07-27 11:01:50,106 Score for LGboost is 0.099625468164794
2020-07-27 11:01:50,106 Run Time for Linear Regression is 0.0 minutes
2020-07-27 11:01:50,107 LGboost Start
2020-07-27 11:01:50,470 Score for LGboost is 0.10112359550561797
2020-07-27 11:01:50,471 Run Time for Linear Regression is 0.0 minutes
2020-07-27 11:01:50,472 LGboost Start
2020-07-27 11:01:50,650 Score for LGboost is 0.21223470661672908
2020-07-27 11:01:50,651 Run Time for Linear Regression is 0.0 minutes
2020-07-27 11:01:50,652 LGboost Start
2020-07-27 11:01:50,845 Score for LGboost is 0.16254681647940075
2020-07-27 11:01:50,845 Run Time for Linear Regression is 0.0 minutes
2020-07-27 11:01:50,846 LGboost Start
2020-07-27 11:01:51,076 Score for LGboost is 0.14132334581772785
2020-07-27 11:01:51,077 Run Time for Linear Regression is 0.0 minutes
2020-07-27 11:01:51,078 LGboost Start
2020-07-27 11:01:51,346 Score for LGboost is 0.12908863920099875
2020-07-27 11:01:51,346 Run Time for Linear Regression is 0.0 minutes
2020-07-27 11:01:51,347 LGboost Start
2020-07-27 11:01:51,640 Score for LGboost is 0.12309612983770288
2020-07-27 11:01:51,640 Run Time for Linear Regression is 0.0 minutes
2020-07-27 11:01:51,641 LGboost Start
2020-07-27 11:01:51,948 Score for LGboost is 0.11385767790262172
2020-07-27 11:01:51,949 Run Time for Linear Regression is 0.0 minutes
2020-07-27 11:01:51,949 LGboost Start
2020-07-27 11:01:52,298 Score for LGboost is 0.11210986267166043
2020-07-27 11:01:52,299 Run Time for Linear Regression is 0.0 minutes
2020-07-27 11:01:52,299 LGboost Start
2020-07-27 11:01:52,632 Score for LGboost is 0.1101123595505618
2020-07-27 11:01:52,632 Run Time for Linear Regression is 0.0 minutes
2020-07-27 11:01:52,633 LGboost Start
2020-07-27 11:01:52,792 Score for LGboost is 0.21223470661672908
2020-07-27 11:01:52,792 Run Time for Linear Regression is 0.0 minutes
2020-07-27 11:01:52,792 LGboost Start
2020-07-27 11:01:53,000 Score for LGboost is 0.14357053682896379
2020-07-27 11:01:53,000 Run Time for Linear Regression is 0.0 minutes
2020-07-27 11:01:53,001 LGboost Start
2020-07-27 11:01:53,354 Score for LGboost is 0.10486891385767791
2020-07-27 11:01:53,354 Run Time for Linear Regression is 0.0 minutes
2020-07-27 11:01:53,355 LGboost Start
2020-07-27 11:01:54,084 Score for LGboost is 0.09188514357053683
2020-07-27 11:01:54,084 Run Time for Linear Regression is 0.0 minutes
2020-07-27 11:01:54,085 LGboost Start
2020-07-27 11:01:55,604 Score for LGboost is 0.09138576779026217
2020-07-27 11:01:55,604 Run Time for Linear Regression is 0.0 minutes
2020-07-27 11:01:55,605 LGboost Start
2020-07-27 11:01:57,824 Score for LGboost is 0.09138576779026217
2020-07-27 11:01:57,824 Run Time for Linear Regression is 0.0 minutes
2020-07-27 11:01:57,824 LGboost Start
2020-07-27 11:02:00,147 Score for LGboost is 0.09138576779026217
2020-07-27 11:02:00,147 Run Time for Linear Regression is 0.0 minutes
2020-07-27 11:02:00,148 LGboost Start
2020-07-27 11:02:00,245 Score for LGboost is 0.1675405742821473
2020-07-27 11:02:00,245 Run Time for Linear Regression is 0.0 minutes
2020-07-27 11:02:00,246 LGboost Start
2020-07-27 11:02:00,356 Score for LGboost is 0.15755305867665417
2020-07-27 11:02:00,356 Run Time for Linear Regression is 0.0 minutes
2020-07-27 11:02:00,357 LGboost Start
2020-07-27 11:02:00,478 Score for LGboost is 0.14731585518102372
2020-07-27 11:02:00,478 Run Time for Linear Regression is 0.0 minutes
2020-07-27 11:02:00,478 LGboost Start
2020-07-27 11:02:00,580 Score for LGboost is 0.14831460674157304
2020-07-27 11:02:00,580 Run Time for Linear Regression is 0.0 minutes
2020-07-27 11:02:00,581 LGboost Start
2020-07-27 11:02:00,699 Score for LGboost is 0.15006242197253433
2020-07-27 11:02:00,699 Run Time for Linear Regression is 0.0 minutes
2020-07-27 11:02:00,700 LGboost Start
2020-07-27 11:02:00,835 Score for LGboost is 0.13857677902621723
2020-07-27 11:02:00,835 Run Time for Linear Regression is 0.0 minutes
2020-07-27 11:02:00,836 LGboost Start
2020-07-27 11:02:00,988 Score for LGboost is 0.13433208489388265
2020-07-27 11:02:00,988 Run Time for Linear Regression is 0.0 minutes
2020-07-27 11:02:00,989 LGboost Start
2020-07-27 11:02:01,160 Score for LGboost is 0.12833957553058678
2020-07-27 11:02:01,160 Run Time for Linear Regression is 0.0 minutes
2020-07-27 11:02:01,161 LGboost Start
2020-07-27 11:02:01,376 Score for LGboost is 0.12059925093632959
2020-07-27 11:02:01,376 Run Time for Linear Regression is 0.0 minutes
2020-07-27 11:02:01,377 LGboost Start
2020-07-27 11:02:01,629 Score for LGboost is 0.11835205992509364
2020-07-27 11:02:01,629 Run Time for Linear Regression is 0.0 minutes
2020-07-27 11:02:01,630 LGboost Start
2020-07-27 11:02:01,931 Score for LGboost is 0.11335830212234707
2020-07-27 11:02:01,932 Run Time for Linear Regression is 0.0 minutes
2020-07-27 11:02:01,932 LGboost Start
2020-07-27 11:02:02,314 Score for LGboost is 0.10486891385767791
2020-07-27 11:02:02,315 Run Time for Linear Regression is 0.0 minutes
2020-07-27 11:02:02,315 LGboost Start
2020-07-27 11:02:02,676 Score for LGboost is 0.13008739076154807
2020-07-27 11:02:02,676 Run Time for Linear Regression is 0.0 minutes
2020-07-27 11:02:02,677 LGboost Start
2020-07-27 11:02:03,028 Score for LGboost is 0.1540574282147316
2020-07-27 11:02:03,028 Run Time for Linear Regression is 0.0 minutes
2020-07-27 11:02:03,029 LGboost Start
2020-07-27 11:02:03,400 Score for LGboost is 0.17028714107365792
2020-07-27 11:02:03,400 Run Time for Linear Regression is 0.0 minutes
2020-07-27 11:02:03,401 LGboost Start
2020-07-27 11:02:03,689 Score for LGboost is 0.19300873907615482
2020-07-27 11:02:03,689 Run Time for Linear Regression is 0.0 minutes
2020-07-27 11:02:03,690 LGboost Start
2020-07-27 11:02:03,964 Score for LGboost is 0.20299625468164795
2020-07-27 11:02:03,964 Run Time for Linear Regression is 0.0 minutes
2020-07-27 11:02:04,189 LGboost Start
2020-07-27 11:02:04,691 Score for LGboost is 0.12034956304619226
2020-07-27 11:02:04,692 Run Time for Linear Regression is 0.0 minutes
2020-07-27 11:02:05,110 Logistic Regression Start
2020-07-27 11:02:06,737 Score for Logistic Regression is {'fit_time': array([0.29340911, 0.3082757 , 0.33563828, 0.3228302 , 0.28793049]), 'score_time': array([0.01570773, 0.01290822, 0.01271558, 0.01319313, 0.01454282]), 'test_mse': array([0.44604613, 0.28677379, 0.40832303, 0.21466831, 0.54058508]), 'test_accuracy': array([0.55395387, 0.71322621, 0.59167697, 0.78533169, 0.45941492])}
2020-07-27 11:02:06,737 Run Time for Logistic Regression is 0.0 minutes
2020-07-27 11:02:07,258 RandomForest Start
2020-07-27 11:02:13,752 Score for RandomForest is {'fit_time': array([4.25968075, 0.39253283, 0.4432292 , 0.40963769, 0.3765862 ]), 'score_time': array([0.12187839, 0.11793828, 0.11647129, 0.11920905, 0.12033224]), 'test_mse': array([0.43080725, 0.25751957, 0.37165225, 0.35517099, 0.55170993]), 'test_accuracy': array([0.56919275, 0.74248043, 0.62834775, 0.64482901, 0.44829007])}
2020-07-27 11:02:13,752 Run Time for RandomForest is 0.0 minutes
2020-07-27 11:02:16,426 XGboost Start
2020-07-27 11:02:31,149 Score for XGboost is {'fit_time': array([2.82167935, 2.81686759, 2.92123628, 3.20512986, 2.67301345]), 'score_time': array([0.05225348, 0.0561161 , 0.05864668, 0.04710078, 0.05256081]), 'test_mse': array([0.4398682 , 0.28677379, 0.37412443, 0.09847548, 0.53934899]), 'test_accuracy': array([0.5601318 , 0.71322621, 0.62587557, 0.90152452, 0.46065101])}
2020-07-27 11:02:31,150 Run Time for XGboost is 0.0 minutes
2020-07-27 11:02:31,595 LGboost Start
2020-07-27 11:02:33,239 Score for LGboost is {'fit_time': array([0.29670334, 0.29757214, 0.29476953, 0.28280663, 0.29019356]), 'score_time': array([0.0346446 , 0.03588319, 0.03408027, 0.03075957, 0.03561068]), 'test_mse': array([0.45098847, 0.29542645, 0.40214256, 0.11784096, 0.54923774]), 'test_accuracy': array([0.54901153, 0.70457355, 0.59785744, 0.88215904, 0.45076226])}
2020-07-27 11:02:33,239 Run Time for LGboost is 0.0 minutes
2020-07-27 16:46:31,957 Logistic Regression Start
2020-07-27 16:46:32,297 Score for Logistic Regression is 0.10461922596754057
2020-07-27 16:46:32,298 Run Time for Linear Regression is 0.0 minutes
2020-07-27 16:46:37,567 RandomForest Start
2020-07-27 16:46:38,178 Score for RandomForest is 0.26541822721598
2020-07-27 16:46:38,178 Run Time for Linear Regression is 0.0 minutes
2020-07-27 16:46:38,189 RandomForest Start
2020-07-27 16:46:38,938 Score for RandomForest is 0.2574282147315855
2020-07-27 16:46:38,938 Run Time for Linear Regression is 0.0 minutes
2020-07-27 16:46:38,939 RandomForest Start
2020-07-27 16:46:39,686 Score for RandomForest is 0.24344569288389514
2020-07-27 16:46:39,686 Run Time for Linear Regression is 0.0 minutes
2020-07-27 16:46:39,687 RandomForest Start
2020-07-27 16:46:40,337 Score for RandomForest is 0.2177278401997503
2020-07-27 16:46:40,338 Run Time for Linear Regression is 0.0 minutes
2020-07-27 16:46:40,338 RandomForest Start
2020-07-27 16:46:40,998 Score for RandomForest is 0.21423220973782772
2020-07-27 16:46:40,998 Run Time for Linear Regression is 0.0 minutes
2020-07-27 16:46:40,999 RandomForest Start
2020-07-27 16:46:41,665 Score for RandomForest is 0.17328339575530588
2020-07-27 16:46:41,666 Run Time for Linear Regression is 0.0 minutes
2020-07-27 16:46:41,666 RandomForest Start
2020-07-27 16:46:42,475 Score for RandomForest is 0.13632958801498127
2020-07-27 16:46:42,475 Run Time for Linear Regression is 0.0 minutes
2020-07-27 16:46:42,476 RandomForest Start
2020-07-27 16:46:43,331 Score for RandomForest is 0.11210986267166043
2020-07-27 16:46:43,331 Run Time for Linear Regression is 0.0 minutes
2020-07-27 16:46:43,332 RandomForest Start
2020-07-27 16:46:44,366 Score for RandomForest is 0.10561797752808989
2020-07-27 16:46:44,366 Run Time for Linear Regression is 0.0 minutes
2020-07-27 16:46:44,367 RandomForest Start
2020-07-27 16:46:44,600 Score for RandomForest is 0.17128589263420724
2020-07-27 16:46:44,600 Run Time for Linear Regression is 0.0 minutes
2020-07-27 16:46:44,601 RandomForest Start
2020-07-27 16:46:44,992 Score for RandomForest is 0.18002496878901372
2020-07-27 16:46:44,992 Run Time for Linear Regression is 0.0 minutes
2020-07-27 16:46:44,993 RandomForest Start
2020-07-27 16:46:45,380 Score for RandomForest is 0.13632958801498127
2020-07-27 16:46:45,380 Run Time for Linear Regression is 0.0 minutes
2020-07-27 16:46:45,381 RandomForest Start
2020-07-27 16:46:45,764 Score for RandomForest is 0.1418227215980025
2020-07-27 16:46:45,764 Run Time for Linear Regression is 0.0 minutes
2020-07-27 16:46:45,765 RandomForest Start
2020-07-27 16:46:46,149 Score for RandomForest is 0.12659176029962546
2020-07-27 16:46:46,149 Run Time for Linear Regression is 0.0 minutes
2020-07-27 16:46:46,150 RandomForest Start
2020-07-27 16:46:46,573 Score for RandomForest is 0.1118601747815231
2020-07-27 16:46:46,573 Run Time for Linear Regression is 0.0 minutes
2020-07-27 16:46:46,574 RandomForest Start
2020-07-27 16:46:47,033 Score for RandomForest is 0.10786516853932585
2020-07-27 16:46:47,033 Run Time for Linear Regression is 0.0 minutes
2020-07-27 16:46:47,034 RandomForest Start
2020-07-27 16:46:47,491 Score for RandomForest is 0.10511860174781523
2020-07-27 16:46:47,491 Run Time for Linear Regression is 0.0 minutes
2020-07-27 16:46:47,491 RandomForest Start
2020-07-27 16:46:48,111 Score for RandomForest is 0.10886392009987515
2020-07-27 16:46:48,111 Run Time for Linear Regression is 0.0 minutes
2020-07-27 16:46:48,112 RandomForest Start
2020-07-27 16:46:48,861 Score for RandomForest is 0.1066167290886392
2020-07-27 16:46:48,861 Run Time for Linear Regression is 0.0 minutes
2020-07-27 16:46:48,862 RandomForest Start
2020-07-27 16:46:49,499 Score for RandomForest is 0.10411985018726591
2020-07-27 16:46:49,499 Run Time for Linear Regression is 0.0 minutes
2020-07-27 16:46:49,500 RandomForest Start
2020-07-27 16:46:50,473 Score for RandomForest is 0.10536828963795256
2020-07-27 16:46:50,474 Run Time for Linear Regression is 0.0 minutes
2020-07-27 16:46:50,475 RandomForest Start
2020-07-27 16:46:51,605 Score for RandomForest is 0.10536828963795256
2020-07-27 16:46:51,606 Run Time for Linear Regression is 0.0 minutes
2020-07-27 16:46:51,607 RandomForest Start
2020-07-27 16:46:53,544 Score for RandomForest is 0.10162297128589264
2020-07-27 16:46:53,544 Run Time for Linear Regression is 0.0 minutes
2020-07-27 16:46:53,545 RandomForest Start
2020-07-27 16:46:54,591 Score for RandomForest is 0.10536828963795256
2020-07-27 16:46:54,592 Run Time for Linear Regression is 0.0 minutes
2020-07-27 16:46:54,593 RandomForest Start
2020-07-27 16:46:55,726 Score for RandomForest is 0.1083645443196005
2020-07-27 16:46:55,726 Run Time for Linear Regression is 0.0 minutes
2020-07-27 16:46:55,727 RandomForest Start
2020-07-27 16:46:57,265 Score for RandomForest is 0.1066167290886392
2020-07-27 16:46:57,266 Run Time for Linear Regression is 0.0 minutes
2020-07-27 16:46:57,266 RandomForest Start
2020-07-27 16:46:58,472 Score for RandomForest is 0.10986267166042447
2020-07-27 16:46:58,472 Run Time for Linear Regression is 0.0 minutes
2020-07-27 16:46:58,473 RandomForest Start
2020-07-27 16:46:59,503 Score for RandomForest is 0.10536828963795256
2020-07-27 16:46:59,503 Run Time for Linear Regression is 0.0 minutes
2020-07-27 16:46:59,504 RandomForest Start
2020-07-27 16:47:00,280 Score for RandomForest is 0.16329588014981272
2020-07-27 16:47:00,280 Run Time for Linear Regression is 0.0 minutes
2020-07-27 16:47:00,281 RandomForest Start
2020-07-27 16:47:01,082 Score for RandomForest is 0.1822721598002497
2020-07-27 16:47:01,082 Run Time for Linear Regression is 0.0 minutes
2020-07-27 16:47:01,083 RandomForest Start
2020-07-27 16:47:01,763 Score for RandomForest is 0.18626716604244695
2020-07-27 16:47:01,763 Run Time for Linear Regression is 0.0 minutes
2020-07-27 16:47:01,764 RandomForest Start
2020-07-27 16:47:02,431 Score for RandomForest is 0.19425717852684146
2020-07-27 16:47:02,431 Run Time for Linear Regression is 0.0 minutes
2020-07-27 16:47:02,432 RandomForest Start
2020-07-27 16:47:03,095 Score for RandomForest is 0.20199750312109863
2020-07-27 16:47:03,096 Run Time for Linear Regression is 0.0 minutes
2020-07-27 16:47:03,096 RandomForest Start
2020-07-27 16:47:03,780 Score for RandomForest is 0.20474406991260924
2020-07-27 16:47:03,781 Run Time for Linear Regression is 0.0 minutes
2020-07-27 16:47:03,781 RandomForest Start
2020-07-27 16:47:04,455 Score for RandomForest is 0.20524344569288389
2020-07-27 16:47:04,456 Run Time for Linear Regression is 0.0 minutes
2020-07-27 16:47:04,456 RandomForest Start
2020-07-27 16:47:05,150 Score for RandomForest is 0.21697877652933834
2020-07-27 16:47:05,151 Run Time for Linear Regression is 0.0 minutes
2020-07-27 16:47:05,151 RandomForest Start
2020-07-27 16:47:05,984 Score for RandomForest is 0.2184769038701623
2020-07-27 16:47:05,984 Run Time for Linear Regression is 0.0 minutes
2020-07-27 16:47:05,985 RandomForest Start
2020-07-27 16:47:06,649 Score for RandomForest is 0.2389513108614232
2020-07-27 16:47:06,650 Run Time for Linear Regression is 0.0 minutes
