2020-07-29 11:02:16,699 Logistic Regression Start
2020-07-29 11:02:16,900 Score for Logistic Regression is 0.1136079900124844
2020-07-29 11:02:16,900 Run Time for Linear Regression is 0.0 minutes
2020-07-29 11:02:45,894 Logistic Regression Start
2020-07-29 11:02:46,118 Score for Logistic Regression is 0.1136079900124844
2020-07-29 11:02:46,118 Run Time for Linear Regression is 0.0 minutes
2020-07-29 11:02:50,599 RandomForest Start
2020-07-29 11:02:51,186 Score for RandomForest is 0.23021223470661673
2020-07-29 11:02:51,186 Run Time for Linear Regression is 0.0 minutes
2020-07-29 11:02:51,186 RandomForest Start
2020-07-29 11:02:51,804 Score for RandomForest is 0.22696629213483147
2020-07-29 11:02:51,804 Run Time for Linear Regression is 0.0 minutes
2020-07-29 11:02:51,805 RandomForest Start
2020-07-29 11:02:52,404 Score for RandomForest is 0.2317103620474407
2020-07-29 11:02:52,404 Run Time for Linear Regression is 0.0 minutes
2020-07-29 11:02:52,407 RandomForest Start
2020-07-29 11:02:53,034 Score for RandomForest is 0.21348314606741572
2020-07-29 11:02:53,034 Run Time for Linear Regression is 0.0 minutes
2020-07-29 11:02:53,035 RandomForest Start
2020-07-29 11:02:53,649 Score for RandomForest is 0.21548064918851437
2020-07-29 11:02:53,649 Run Time for Linear Regression is 0.0 minutes
2020-07-29 11:02:53,650 RandomForest Start
2020-07-29 11:02:54,256 Score for RandomForest is 0.1902621722846442
2020-07-29 11:02:54,256 Run Time for Linear Regression is 0.0 minutes
2020-07-29 11:02:54,257 RandomForest Start
2020-07-29 11:02:54,889 Score for RandomForest is 0.149063670411985
2020-07-29 11:02:54,889 Run Time for Linear Regression is 0.0 minutes
2020-07-29 11:02:54,890 RandomForest Start
2020-07-29 11:02:55,635 Score for RandomForest is 0.10886392009987515
2020-07-29 11:02:55,635 Run Time for Linear Regression is 0.0 minutes
2020-07-29 11:02:55,637 RandomForest Start
2020-07-29 11:02:56,457 Score for RandomForest is 0.11485642946317104
2020-07-29 11:02:56,457 Run Time for Linear Regression is 0.0 minutes
2020-07-29 11:02:56,458 RandomForest Start
2020-07-29 11:02:56,632 Score for RandomForest is 0.1875156054931336
2020-07-29 11:02:56,632 Run Time for Linear Regression is 0.0 minutes
2020-07-29 11:02:56,633 RandomForest Start
2020-07-29 11:02:57,027 Score for RandomForest is 0.2042446941323346
2020-07-29 11:02:57,028 Run Time for Linear Regression is 0.0 minutes
2020-07-29 11:02:57,029 RandomForest Start
2020-07-29 11:02:57,400 Score for RandomForest is 0.15755305867665417
2020-07-29 11:02:57,401 Run Time for Linear Regression is 0.0 minutes
2020-07-29 11:02:57,401 RandomForest Start
2020-07-29 11:02:57,777 Score for RandomForest is 0.1637952559300874
2020-07-29 11:02:57,778 Run Time for Linear Regression is 0.0 minutes
2020-07-29 11:02:57,782 RandomForest Start
2020-07-29 11:02:58,181 Score for RandomForest is 0.14132334581772785
2020-07-29 11:02:58,181 Run Time for Linear Regression is 0.0 minutes
2020-07-29 11:02:58,182 RandomForest Start
2020-07-29 11:02:58,604 Score for RandomForest is 0.11585518102372035
2020-07-29 11:02:58,604 Run Time for Linear Regression is 0.0 minutes
2020-07-29 11:02:58,605 RandomForest Start
2020-07-29 11:02:59,023 Score for RandomForest is 0.11935081148564294
2020-07-29 11:02:59,024 Run Time for Linear Regression is 0.0 minutes
2020-07-29 11:02:59,024 RandomForest Start
2020-07-29 11:02:59,521 Score for RandomForest is 0.11510611735330836
2020-07-29 11:02:59,521 Run Time for Linear Regression is 0.0 minutes
2020-07-29 11:02:59,524 RandomForest Start
2020-07-29 11:03:00,077 Score for RandomForest is 0.11435705368289638
2020-07-29 11:03:00,077 Run Time for Linear Regression is 0.0 minutes
2020-07-29 11:03:00,078 RandomForest Start
2020-07-29 11:03:00,649 Score for RandomForest is 0.1136079900124844
2020-07-29 11:03:00,649 Run Time for Linear Regression is 0.0 minutes
2020-07-29 11:03:00,650 RandomForest Start
2020-07-29 11:03:01,420 Score for RandomForest is 0.11335830212234707
2020-07-29 11:03:01,420 Run Time for Linear Regression is 0.0 minutes
2020-07-29 11:03:01,421 RandomForest Start
2020-07-29 11:03:02,175 Score for RandomForest is 0.11560549313358302
2020-07-29 11:03:02,175 Run Time for Linear Regression is 0.0 minutes
2020-07-29 11:03:02,176 RandomForest Start
2020-07-29 11:03:02,922 Score for RandomForest is 0.11560549313358302
2020-07-29 11:03:02,922 Run Time for Linear Regression is 0.0 minutes
2020-07-29 11:03:02,923 RandomForest Start
2020-07-29 11:03:04,224 Score for RandomForest is 0.11310861423220973
2020-07-29 11:03:04,224 Run Time for Linear Regression is 0.0 minutes
2020-07-29 11:03:04,227 RandomForest Start
2020-07-29 11:03:05,066 Score for RandomForest is 0.11560549313358302
2020-07-29 11:03:05,067 Run Time for Linear Regression is 0.0 minutes
2020-07-29 11:03:05,070 RandomForest Start
2020-07-29 11:03:06,114 Score for RandomForest is 0.10811485642946317
2020-07-29 11:03:06,115 Run Time for Linear Regression is 0.0 minutes
2020-07-29 11:03:06,117 RandomForest Start
2020-07-29 11:03:07,756 Score for RandomForest is 0.11410736579275906
2020-07-29 11:03:07,756 Run Time for Linear Regression is 0.0 minutes
2020-07-29 11:03:07,758 RandomForest Start
2020-07-29 11:03:08,995 Score for RandomForest is 0.11760299625468165
2020-07-29 11:03:08,995 Run Time for Linear Regression is 0.0 minutes
2020-07-29 11:03:08,996 RandomForest Start
2020-07-29 11:03:10,129 Score for RandomForest is 0.11560549313358302
2020-07-29 11:03:10,129 Run Time for Linear Regression is 0.0 minutes
2020-07-29 11:03:10,130 RandomForest Start
2020-07-29 11:03:10,941 Score for RandomForest is 0.16779026217228465
2020-07-29 11:03:10,941 Run Time for Linear Regression is 0.0 minutes
2020-07-29 11:03:10,942 RandomForest Start
2020-07-29 11:03:11,722 Score for RandomForest is 0.19225967540574282
2020-07-29 11:03:11,722 Run Time for Linear Regression is 0.0 minutes
2020-07-29 11:03:11,722 RandomForest Start
2020-07-29 11:03:12,501 Score for RandomForest is 0.2017478152309613
2020-07-29 11:03:12,502 Run Time for Linear Regression is 0.0 minutes
2020-07-29 11:03:12,503 RandomForest Start
2020-07-29 11:03:13,309 Score for RandomForest is 0.2087390761548065
2020-07-29 11:03:13,310 Run Time for Linear Regression is 0.0 minutes
2020-07-29 11:03:13,313 RandomForest Start
2020-07-29 11:03:14,104 Score for RandomForest is 0.20549313358302124
2020-07-29 11:03:14,104 Run Time for Linear Regression is 0.0 minutes
2020-07-29 11:03:14,105 RandomForest Start
2020-07-29 11:03:14,888 Score for RandomForest is 0.21248439450686643
2020-07-29 11:03:14,888 Run Time for Linear Regression is 0.0 minutes
2020-07-29 11:03:14,889 RandomForest Start
2020-07-29 11:03:15,651 Score for RandomForest is 0.22421972534332085
2020-07-29 11:03:15,652 Run Time for Linear Regression is 0.0 minutes
2020-07-29 11:03:15,652 RandomForest Start
2020-07-29 11:03:16,313 Score for RandomForest is 0.2274656679151061
2020-07-29 11:03:16,313 Run Time for Linear Regression is 0.0 minutes
2020-07-29 11:03:16,314 RandomForest Start
2020-07-29 11:03:16,970 Score for RandomForest is 0.22946317103620475
2020-07-29 11:03:16,970 Run Time for Linear Regression is 0.0 minutes
2020-07-29 11:03:16,971 RandomForest Start
2020-07-29 11:03:17,616 Score for RandomForest is 0.2324594257178527
2020-07-29 11:03:17,616 Run Time for Linear Regression is 0.0 minutes
2020-07-29 11:06:39,328 Logistic Regression Start
2020-07-29 11:06:39,520 Score for Logistic Regression is 0.1136079900124844
2020-07-29 11:06:39,521 Run Time for Linear Regression is 0.0 minutes
2020-07-29 11:06:40,445 RandomForest Start
2020-07-29 11:06:41,030 Score for RandomForest is 0.23021223470661673
2020-07-29 11:06:41,030 Run Time for Linear Regression is 0.0 minutes
2020-07-29 11:06:41,031 RandomForest Start
2020-07-29 11:06:41,627 Score for RandomForest is 0.22696629213483147
2020-07-29 11:06:41,627 Run Time for Linear Regression is 0.0 minutes
2020-07-29 11:06:41,627 RandomForest Start
2020-07-29 11:06:42,242 Score for RandomForest is 0.2317103620474407
2020-07-29 11:06:42,242 Run Time for Linear Regression is 0.0 minutes
2020-07-29 11:06:42,243 RandomForest Start
2020-07-29 11:06:42,844 Score for RandomForest is 0.21348314606741572
2020-07-29 11:06:42,844 Run Time for Linear Regression is 0.0 minutes
2020-07-29 11:06:42,847 RandomForest Start
2020-07-29 11:06:43,461 Score for RandomForest is 0.21548064918851437
2020-07-29 11:06:43,461 Run Time for Linear Regression is 0.0 minutes
2020-07-29 11:06:43,462 RandomForest Start
2020-07-29 11:06:44,086 Score for RandomForest is 0.1902621722846442
2020-07-29 11:06:44,086 Run Time for Linear Regression is 0.0 minutes
2020-07-29 11:06:44,087 RandomForest Start
2020-07-29 11:06:44,708 Score for RandomForest is 0.149063670411985
2020-07-29 11:06:44,709 Run Time for Linear Regression is 0.0 minutes
2020-07-29 11:06:44,710 RandomForest Start
2020-07-29 11:06:45,510 Score for RandomForest is 0.10886392009987515
2020-07-29 11:06:45,510 Run Time for Linear Regression is 0.0 minutes
2020-07-29 11:06:45,511 RandomForest Start
2020-07-29 11:06:46,318 Score for RandomForest is 0.11485642946317104
2020-07-29 11:06:46,318 Run Time for Linear Regression is 0.0 minutes
2020-07-29 11:06:46,319 RandomForest Start
2020-07-29 11:06:46,499 Score for RandomForest is 0.1875156054931336
2020-07-29 11:06:46,499 Run Time for Linear Regression is 0.0 minutes
2020-07-29 11:06:46,499 RandomForest Start
2020-07-29 11:06:46,891 Score for RandomForest is 0.2042446941323346
2020-07-29 11:06:46,891 Run Time for Linear Regression is 0.0 minutes
2020-07-29 11:06:46,892 RandomForest Start
2020-07-29 11:06:47,272 Score for RandomForest is 0.15755305867665417
2020-07-29 11:06:47,272 Run Time for Linear Regression is 0.0 minutes
2020-07-29 11:06:47,273 RandomForest Start
2020-07-29 11:06:47,649 Score for RandomForest is 0.1637952559300874
2020-07-29 11:06:47,649 Run Time for Linear Regression is 0.0 minutes
2020-07-29 11:06:47,651 RandomForest Start
2020-07-29 11:06:48,054 Score for RandomForest is 0.14132334581772785
2020-07-29 11:06:48,054 Run Time for Linear Regression is 0.0 minutes
2020-07-29 11:06:48,056 RandomForest Start
2020-07-29 11:06:48,484 Score for RandomForest is 0.11585518102372035
2020-07-29 11:06:48,485 Run Time for Linear Regression is 0.0 minutes
2020-07-29 11:06:48,485 RandomForest Start
2020-07-29 11:06:48,898 Score for RandomForest is 0.11935081148564294
2020-07-29 11:06:48,898 Run Time for Linear Regression is 0.0 minutes
2020-07-29 11:06:48,899 RandomForest Start
2020-07-29 11:06:49,309 Score for RandomForest is 0.11510611735330836
2020-07-29 11:06:49,309 Run Time for Linear Regression is 0.0 minutes
2020-07-29 11:06:49,310 RandomForest Start
2020-07-29 11:06:49,870 Score for RandomForest is 0.11435705368289638
2020-07-29 11:06:49,870 Run Time for Linear Regression is 0.0 minutes
2020-07-29 11:06:49,871 RandomForest Start
2020-07-29 11:06:50,443 Score for RandomForest is 0.1136079900124844
2020-07-29 11:06:50,444 Run Time for Linear Regression is 0.0 minutes
2020-07-29 11:06:50,444 RandomForest Start
2020-07-29 11:06:51,046 Score for RandomForest is 0.11335830212234707
2020-07-29 11:06:51,046 Run Time for Linear Regression is 0.0 minutes
2020-07-29 11:06:51,047 RandomForest Start
2020-07-29 11:06:51,813 Score for RandomForest is 0.11560549313358302
2020-07-29 11:06:51,813 Run Time for Linear Regression is 0.0 minutes
2020-07-29 11:06:51,816 RandomForest Start
2020-07-29 11:06:52,640 Score for RandomForest is 0.11560549313358302
2020-07-29 11:06:52,640 Run Time for Linear Regression is 0.0 minutes
2020-07-29 11:06:52,641 RandomForest Start
2020-07-29 11:06:53,812 Score for RandomForest is 0.11310861423220973
2020-07-29 11:06:53,813 Run Time for Linear Regression is 0.0 minutes
2020-07-29 11:06:53,813 RandomForest Start
2020-07-29 11:06:54,614 Score for RandomForest is 0.11560549313358302
2020-07-29 11:06:54,614 Run Time for Linear Regression is 0.0 minutes
2020-07-29 11:06:54,615 RandomForest Start
2020-07-29 11:06:55,448 Score for RandomForest is 0.10811485642946317
2020-07-29 11:06:55,448 Run Time for Linear Regression is 0.0 minutes
2020-07-29 11:06:55,449 RandomForest Start
2020-07-29 11:06:56,502 Score for RandomForest is 0.11410736579275906
2020-07-29 11:06:56,502 Run Time for Linear Regression is 0.0 minutes
2020-07-29 11:06:56,503 RandomForest Start
2020-07-29 11:06:57,475 Score for RandomForest is 0.11760299625468165
2020-07-29 11:06:57,476 Run Time for Linear Regression is 0.0 minutes
2020-07-29 11:06:57,479 RandomForest Start
2020-07-29 11:06:58,451 Score for RandomForest is 0.11560549313358302
2020-07-29 11:06:58,451 Run Time for Linear Regression is 0.0 minutes
2020-07-29 11:06:58,452 RandomForest Start
2020-07-29 11:06:59,222 Score for RandomForest is 0.16779026217228465
2020-07-29 11:06:59,222 Run Time for Linear Regression is 0.0 minutes
2020-07-29 11:06:59,226 RandomForest Start
2020-07-29 11:06:59,876 Score for RandomForest is 0.19225967540574282
2020-07-29 11:06:59,876 Run Time for Linear Regression is 0.0 minutes
2020-07-29 11:06:59,877 RandomForest Start
2020-07-29 11:07:00,508 Score for RandomForest is 0.2017478152309613
2020-07-29 11:07:00,508 Run Time for Linear Regression is 0.0 minutes
2020-07-29 11:07:00,509 RandomForest Start
2020-07-29 11:07:01,143 Score for RandomForest is 0.2087390761548065
2020-07-29 11:07:01,143 Run Time for Linear Regression is 0.0 minutes
2020-07-29 11:07:01,144 RandomForest Start
2020-07-29 11:07:01,767 Score for RandomForest is 0.20549313358302124
2020-07-29 11:07:01,768 Run Time for Linear Regression is 0.0 minutes
2020-07-29 11:07:01,768 RandomForest Start
2020-07-29 11:07:02,401 Score for RandomForest is 0.21248439450686643
2020-07-29 11:07:02,401 Run Time for Linear Regression is 0.0 minutes
2020-07-29 11:07:02,402 RandomForest Start
2020-07-29 11:07:03,050 Score for RandomForest is 0.22421972534332085
2020-07-29 11:07:03,050 Run Time for Linear Regression is 0.0 minutes
2020-07-29 11:07:03,051 RandomForest Start
2020-07-29 11:07:03,703 Score for RandomForest is 0.2274656679151061
2020-07-29 11:07:03,704 Run Time for Linear Regression is 0.0 minutes
2020-07-29 11:07:03,706 RandomForest Start
2020-07-29 11:07:04,328 Score for RandomForest is 0.22946317103620475
2020-07-29 11:07:04,328 Run Time for Linear Regression is 0.0 minutes
2020-07-29 11:07:04,329 RandomForest Start
2020-07-29 11:07:04,943 Score for RandomForest is 0.2324594257178527
2020-07-29 11:07:04,944 Run Time for Linear Regression is 0.0 minutes
2020-07-29 11:12:03,047 Logistic Regression Start
2020-07-29 11:12:03,255 Score for Logistic Regression is 0.1136079900124844
2020-07-29 11:12:03,255 Run Time for Linear Regression is 0.0 minutes
2020-07-29 11:12:07,215 RandomForest Start
2020-07-29 11:12:07,811 Score for RandomForest is 0.23021223470661673
2020-07-29 11:12:07,811 Run Time for Linear Regression is 0.0 minutes
2020-07-29 11:12:07,812 RandomForest Start
2020-07-29 11:12:08,424 Score for RandomForest is 0.22696629213483147
2020-07-29 11:12:08,424 Run Time for Linear Regression is 0.0 minutes
2020-07-29 11:12:08,425 RandomForest Start
2020-07-29 11:12:09,027 Score for RandomForest is 0.2317103620474407
2020-07-29 11:12:09,027 Run Time for Linear Regression is 0.0 minutes
2020-07-29 11:12:09,027 RandomForest Start
2020-07-29 11:12:09,629 Score for RandomForest is 0.21348314606741572
2020-07-29 11:12:09,629 Run Time for Linear Regression is 0.0 minutes
2020-07-29 11:12:09,630 RandomForest Start
2020-07-29 11:12:10,231 Score for RandomForest is 0.21548064918851437
2020-07-29 11:12:10,231 Run Time for Linear Regression is 0.0 minutes
2020-07-29 11:12:10,232 RandomForest Start
2020-07-29 11:12:10,832 Score for RandomForest is 0.1902621722846442
2020-07-29 11:12:10,832 Run Time for Linear Regression is 0.0 minutes
2020-07-29 11:12:10,833 RandomForest Start
2020-07-29 11:12:11,572 Score for RandomForest is 0.149063670411985
2020-07-29 11:12:11,572 Run Time for Linear Regression is 0.0 minutes
2020-07-29 11:12:11,573 RandomForest Start
2020-07-29 11:12:12,313 Score for RandomForest is 0.10886392009987515
2020-07-29 11:12:12,313 Run Time for Linear Regression is 0.0 minutes
2020-07-29 11:12:12,314 RandomForest Start
2020-07-29 11:12:13,078 Score for RandomForest is 0.11485642946317104
2020-07-29 11:12:13,078 Run Time for Linear Regression is 0.0 minutes
2020-07-29 11:12:13,079 RandomForest Start
2020-07-29 11:12:13,260 Score for RandomForest is 0.1875156054931336
2020-07-29 11:12:13,260 Run Time for Linear Regression is 0.0 minutes
2020-07-29 11:12:13,261 RandomForest Start
2020-07-29 11:12:13,628 Score for RandomForest is 0.2042446941323346
2020-07-29 11:12:13,628 Run Time for Linear Regression is 0.0 minutes
2020-07-29 11:12:13,631 RandomForest Start
2020-07-29 11:12:14,031 Score for RandomForest is 0.15755305867665417
2020-07-29 11:12:14,031 Run Time for Linear Regression is 0.0 minutes
2020-07-29 11:12:14,032 RandomForest Start
2020-07-29 11:12:14,407 Score for RandomForest is 0.1637952559300874
2020-07-29 11:12:14,407 Run Time for Linear Regression is 0.0 minutes
2020-07-29 11:12:14,408 RandomForest Start
2020-07-29 11:12:14,793 Score for RandomForest is 0.14132334581772785
2020-07-29 11:12:14,794 Run Time for Linear Regression is 0.0 minutes
2020-07-29 11:12:14,794 RandomForest Start
2020-07-29 11:12:15,187 Score for RandomForest is 0.11585518102372035
2020-07-29 11:12:15,187 Run Time for Linear Regression is 0.0 minutes
2020-07-29 11:12:15,188 RandomForest Start
2020-07-29 11:12:15,591 Score for RandomForest is 0.11935081148564294
2020-07-29 11:12:15,591 Run Time for Linear Regression is 0.0 minutes
2020-07-29 11:12:15,592 RandomForest Start
2020-07-29 11:12:16,008 Score for RandomForest is 0.11510611735330836
2020-07-29 11:12:16,009 Run Time for Linear Regression is 0.0 minutes
2020-07-29 11:12:16,012 RandomForest Start
2020-07-29 11:12:16,592 Score for RandomForest is 0.11435705368289638
2020-07-29 11:12:16,593 Run Time for Linear Regression is 0.0 minutes
2020-07-29 11:12:16,596 RandomForest Start
2020-07-29 11:12:17,203 Score for RandomForest is 0.1136079900124844
2020-07-29 11:12:17,203 Run Time for Linear Regression is 0.0 minutes
2020-07-29 11:12:17,206 RandomForest Start
2020-07-29 11:12:17,831 Score for RandomForest is 0.11335830212234707
2020-07-29 11:12:17,832 Run Time for Linear Regression is 0.0 minutes
2020-07-29 11:12:17,834 RandomForest Start
2020-07-29 11:12:18,676 Score for RandomForest is 0.11560549313358302
2020-07-29 11:12:18,676 Run Time for Linear Regression is 0.0 minutes
2020-07-29 11:12:18,676 RandomForest Start
2020-07-29 11:12:19,539 Score for RandomForest is 0.11560549313358302
2020-07-29 11:12:19,539 Run Time for Linear Regression is 0.0 minutes
2020-07-29 11:12:19,539 RandomForest Start
2020-07-29 11:12:20,810 Score for RandomForest is 0.11310861423220973
2020-07-29 11:12:20,810 Run Time for Linear Regression is 0.0 minutes
2020-07-29 11:12:20,813 RandomForest Start
2020-07-29 11:12:21,623 Score for RandomForest is 0.11560549313358302
2020-07-29 11:12:21,623 Run Time for Linear Regression is 0.0 minutes
2020-07-29 11:12:21,626 RandomForest Start
2020-07-29 11:12:22,493 Score for RandomForest is 0.10811485642946317
2020-07-29 11:12:22,493 Run Time for Linear Regression is 0.0 minutes
2020-07-29 11:12:22,494 RandomForest Start
2020-07-29 11:12:23,878 Score for RandomForest is 0.11410736579275906
2020-07-29 11:12:23,878 Run Time for Linear Regression is 0.0 minutes
2020-07-29 11:12:23,879 RandomForest Start
2020-07-29 11:12:24,838 Score for RandomForest is 0.11760299625468165
2020-07-29 11:12:24,838 Run Time for Linear Regression is 0.0 minutes
2020-07-29 11:12:24,839 RandomForest Start
2020-07-29 11:12:25,789 Score for RandomForest is 0.11560549313358302
2020-07-29 11:12:25,789 Run Time for Linear Regression is 0.0 minutes
2020-07-29 11:12:25,792 RandomForest Start
2020-07-29 11:12:26,461 Score for RandomForest is 0.16779026217228465
2020-07-29 11:12:26,462 Run Time for Linear Regression is 0.0 minutes
2020-07-29 11:12:26,464 RandomForest Start
2020-07-29 11:12:27,140 Score for RandomForest is 0.19225967540574282
2020-07-29 11:12:27,140 Run Time for Linear Regression is 0.0 minutes
2020-07-29 11:12:27,141 RandomForest Start
2020-07-29 11:12:27,788 Score for RandomForest is 0.2017478152309613
2020-07-29 11:12:27,788 Run Time for Linear Regression is 0.0 minutes
2020-07-29 11:12:27,791 RandomForest Start
2020-07-29 11:12:28,436 Score for RandomForest is 0.2087390761548065
2020-07-29 11:12:28,436 Run Time for Linear Regression is 0.0 minutes
2020-07-29 11:12:28,437 RandomForest Start
2020-07-29 11:12:29,080 Score for RandomForest is 0.20549313358302124
2020-07-29 11:12:29,080 Run Time for Linear Regression is 0.0 minutes
2020-07-29 11:12:29,081 RandomForest Start
2020-07-29 11:12:29,716 Score for RandomForest is 0.21248439450686643
2020-07-29 11:12:29,716 Run Time for Linear Regression is 0.0 minutes
2020-07-29 11:12:29,717 RandomForest Start
2020-07-29 11:12:30,371 Score for RandomForest is 0.22421972534332085
2020-07-29 11:12:30,371 Run Time for Linear Regression is 0.0 minutes
2020-07-29 11:12:30,374 RandomForest Start
2020-07-29 11:12:31,029 Score for RandomForest is 0.2274656679151061
2020-07-29 11:12:31,029 Run Time for Linear Regression is 0.0 minutes
2020-07-29 11:12:31,030 RandomForest Start
2020-07-29 11:12:31,645 Score for RandomForest is 0.22946317103620475
2020-07-29 11:12:31,646 Run Time for Linear Regression is 0.0 minutes
2020-07-29 11:12:31,648 RandomForest Start
2020-07-29 11:12:32,271 Score for RandomForest is 0.2324594257178527
2020-07-29 11:12:32,271 Run Time for Linear Regression is 0.0 minutes
2020-07-29 11:13:05,646 Logistic Regression Start
2020-07-29 11:13:05,853 Score for Logistic Regression is 0.1136079900124844
2020-07-29 11:13:05,853 Run Time for Linear Regression is 0.0 minutes
2020-07-29 11:13:06,236 RandomForest Start
2020-07-29 11:13:06,832 Score for RandomForest is 0.23021223470661673
2020-07-29 11:13:06,832 Run Time for Linear Regression is 0.0 minutes
2020-07-29 11:13:06,833 RandomForest Start
2020-07-29 11:13:07,421 Score for RandomForest is 0.22696629213483147
2020-07-29 11:13:07,421 Run Time for Linear Regression is 0.0 minutes
2020-07-29 11:13:07,422 RandomForest Start
2020-07-29 11:13:08,036 Score for RandomForest is 0.2317103620474407
2020-07-29 11:13:08,037 Run Time for Linear Regression is 0.0 minutes
2020-07-29 11:13:08,039 RandomForest Start
2020-07-29 11:13:08,638 Score for RandomForest is 0.21348314606741572
2020-07-29 11:13:08,639 Run Time for Linear Regression is 0.0 minutes
2020-07-29 11:13:08,641 RandomForest Start
2020-07-29 11:13:09,250 Score for RandomForest is 0.21548064918851437
2020-07-29 11:13:09,250 Run Time for Linear Regression is 0.0 minutes
2020-07-29 11:13:09,251 RandomForest Start
2020-07-29 11:13:09,852 Score for RandomForest is 0.1902621722846442
2020-07-29 11:13:09,852 Run Time for Linear Regression is 0.0 minutes
2020-07-29 11:13:09,853 RandomForest Start
2020-07-29 11:13:10,587 Score for RandomForest is 0.149063670411985
2020-07-29 11:13:10,588 Run Time for Linear Regression is 0.0 minutes
2020-07-29 11:13:10,588 RandomForest Start
2020-07-29 11:13:11,396 Score for RandomForest is 0.10886392009987515
2020-07-29 11:13:11,396 Run Time for Linear Regression is 0.0 minutes
2020-07-29 11:13:11,397 RandomForest Start
2020-07-29 11:13:12,202 Score for RandomForest is 0.11485642946317104
2020-07-29 11:13:12,202 Run Time for Linear Regression is 0.0 minutes
2020-07-29 11:13:12,205 RandomForest Start
2020-07-29 11:13:12,373 Score for RandomForest is 0.1875156054931336
2020-07-29 11:13:12,374 Run Time for Linear Regression is 0.0 minutes
2020-07-29 11:13:12,374 RandomForest Start
2020-07-29 11:13:12,748 Score for RandomForest is 0.2042446941323346
2020-07-29 11:13:12,749 Run Time for Linear Regression is 0.0 minutes
2020-07-29 11:13:12,751 RandomForest Start
2020-07-29 11:13:13,148 Score for RandomForest is 0.15755305867665417
2020-07-29 11:13:13,149 Run Time for Linear Regression is 0.0 minutes
2020-07-29 11:13:13,150 RandomForest Start
2020-07-29 11:13:13,535 Score for RandomForest is 0.1637952559300874
2020-07-29 11:13:13,535 Run Time for Linear Regression is 0.0 minutes
2020-07-29 11:13:13,536 RandomForest Start
2020-07-29 11:13:13,908 Score for RandomForest is 0.14132334581772785
2020-07-29 11:13:13,909 Run Time for Linear Regression is 0.0 minutes
2020-07-29 11:13:13,909 RandomForest Start
2020-07-29 11:13:14,303 Score for RandomForest is 0.11585518102372035
2020-07-29 11:13:14,303 Run Time for Linear Regression is 0.0 minutes
2020-07-29 11:13:14,303 RandomForest Start
2020-07-29 11:13:14,730 Score for RandomForest is 0.11935081148564294
2020-07-29 11:13:14,730 Run Time for Linear Regression is 0.0 minutes
2020-07-29 11:13:14,732 RandomForest Start
2020-07-29 11:13:15,172 Score for RandomForest is 0.11510611735330836
2020-07-29 11:13:15,172 Run Time for Linear Regression is 0.0 minutes
2020-07-29 11:13:15,173 RandomForest Start
2020-07-29 11:13:15,767 Score for RandomForest is 0.11435705368289638
2020-07-29 11:13:15,767 Run Time for Linear Regression is 0.0 minutes
2020-07-29 11:13:15,770 RandomForest Start
2020-07-29 11:13:16,355 Score for RandomForest is 0.1136079900124844
2020-07-29 11:13:16,355 Run Time for Linear Regression is 0.0 minutes
2020-07-29 11:13:16,356 RandomForest Start
2020-07-29 11:13:16,939 Score for RandomForest is 0.11335830212234707
2020-07-29 11:13:16,939 Run Time for Linear Regression is 0.0 minutes
2020-07-29 11:13:16,940 RandomForest Start
2020-07-29 11:13:17,742 Score for RandomForest is 0.11560549313358302
2020-07-29 11:13:17,743 Run Time for Linear Regression is 0.0 minutes
2020-07-29 11:13:17,743 RandomForest Start
2020-07-29 11:13:18,571 Score for RandomForest is 0.11560549313358302
2020-07-29 11:13:18,572 Run Time for Linear Regression is 0.0 minutes
2020-07-29 11:13:18,573 RandomForest Start
2020-07-29 11:13:20,189 Score for RandomForest is 0.11310861423220973
2020-07-29 11:13:20,189 Run Time for Linear Regression is 0.0 minutes
2020-07-29 11:13:20,190 RandomForest Start
2020-07-29 11:13:21,142 Score for RandomForest is 0.11560549313358302
2020-07-29 11:13:21,142 Run Time for Linear Regression is 0.0 minutes
2020-07-29 11:13:21,143 RandomForest Start
2020-07-29 11:13:22,089 Score for RandomForest is 0.10811485642946317
2020-07-29 11:13:22,090 Run Time for Linear Regression is 0.0 minutes
2020-07-29 11:13:22,090 RandomForest Start
2020-07-29 11:13:23,336 Score for RandomForest is 0.11410736579275906
2020-07-29 11:13:23,336 Run Time for Linear Regression is 0.0 minutes
2020-07-29 11:13:23,337 RandomForest Start
2020-07-29 11:13:24,273 Score for RandomForest is 0.11760299625468165
2020-07-29 11:13:24,273 Run Time for Linear Regression is 0.0 minutes
2020-07-29 11:13:24,274 RandomForest Start
2020-07-29 11:13:25,240 Score for RandomForest is 0.11560549313358302
2020-07-29 11:13:25,240 Run Time for Linear Regression is 0.0 minutes
2020-07-29 11:13:25,241 RandomForest Start
2020-07-29 11:13:26,061 Score for RandomForest is 0.16779026217228465
2020-07-29 11:13:26,062 Run Time for Linear Regression is 0.0 minutes
2020-07-29 11:13:26,065 RandomForest Start
2020-07-29 11:13:26,833 Score for RandomForest is 0.19225967540574282
2020-07-29 11:13:26,834 Run Time for Linear Regression is 0.0 minutes
2020-07-29 11:13:26,837 RandomForest Start
2020-07-29 11:13:27,493 Score for RandomForest is 0.2017478152309613
2020-07-29 11:13:27,493 Run Time for Linear Regression is 0.0 minutes
2020-07-29 11:13:27,494 RandomForest Start
2020-07-29 11:13:28,245 Score for RandomForest is 0.2087390761548065
2020-07-29 11:13:28,245 Run Time for Linear Regression is 0.0 minutes
2020-07-29 11:13:28,248 RandomForest Start
2020-07-29 11:13:28,934 Score for RandomForest is 0.20549313358302124
2020-07-29 11:13:28,934 Run Time for Linear Regression is 0.0 minutes
2020-07-29 11:13:28,935 RandomForest Start
2020-07-29 11:13:29,579 Score for RandomForest is 0.21248439450686643
2020-07-29 11:13:29,580 Run Time for Linear Regression is 0.0 minutes
2020-07-29 11:13:29,580 RandomForest Start
2020-07-29 11:13:30,223 Score for RandomForest is 0.22421972534332085
2020-07-29 11:13:30,223 Run Time for Linear Regression is 0.0 minutes
2020-07-29 11:13:30,224 RandomForest Start
2020-07-29 11:13:30,868 Score for RandomForest is 0.2274656679151061
2020-07-29 11:13:30,869 Run Time for Linear Regression is 0.0 minutes
2020-07-29 11:13:30,871 RandomForest Start
2020-07-29 11:13:31,520 Score for RandomForest is 0.22946317103620475
2020-07-29 11:13:31,521 Run Time for Linear Regression is 0.0 minutes
2020-07-29 11:13:31,524 RandomForest Start
2020-07-29 11:13:32,161 Score for RandomForest is 0.2324594257178527
2020-07-29 11:13:32,162 Run Time for Linear Regression is 0.0 minutes
2020-07-29 11:13:50,978 RandomForest Start
2020-07-29 11:13:51,592 Score for RandomForest is 0.12734082397003746
2020-07-29 11:13:51,592 Run Time for Linear Regression is 0.0 minutes
2020-07-29 11:13:55,346 XGboost Start
2020-07-29 11:13:56,033 Score for XGboost is 0.15630461922596753
2020-07-29 11:13:56,033 Run Time for Linear Regression is 0.0 minutes
2020-07-29 11:13:56,034 XGboost Start
2020-07-29 11:13:56,747 Score for XGboost is 0.14057428214731585
2020-07-29 11:13:56,747 Run Time for Linear Regression is 0.0 minutes
2020-07-29 11:13:56,748 XGboost Start
2020-07-29 11:13:57,382 Score for XGboost is 0.12084893882646691
2020-07-29 11:13:57,382 Run Time for Linear Regression is 0.0 minutes
2020-07-29 11:13:57,383 XGboost Start
2020-07-29 11:13:58,009 Score for XGboost is 0.1083645443196005
2020-07-29 11:13:58,009 Run Time for Linear Regression is 0.0 minutes
2020-07-29 11:13:58,010 XGboost Start
2020-07-29 11:13:58,648 Score for XGboost is 0.09612983770287141
2020-07-29 11:13:58,649 Run Time for Linear Regression is 0.0 minutes
2020-07-29 11:13:58,649 XGboost Start
2020-07-29 11:13:59,332 Score for XGboost is 0.09588014981273409
2020-07-29 11:13:59,332 Run Time for Linear Regression is 0.0 minutes
2020-07-29 11:13:59,333 XGboost Start
2020-07-29 11:13:59,969 Score for XGboost is 0.09837702871410736
2020-07-29 11:13:59,970 Run Time for Linear Regression is 0.0 minutes
2020-07-29 11:13:59,970 XGboost Start
2020-07-29 11:14:00,319 Score for XGboost is 0.18202247191011237
2020-07-29 11:14:00,319 Run Time for Linear Regression is 0.0 minutes
2020-07-29 11:14:00,319 XGboost Start
2020-07-29 11:14:00,726 Score for XGboost is 0.1630461922596754
2020-07-29 11:14:00,726 Run Time for Linear Regression is 0.0 minutes
2020-07-29 11:14:00,727 XGboost Start
2020-07-29 11:14:01,157 Score for XGboost is 0.13433208489388265
2020-07-29 11:14:01,157 Run Time for Linear Regression is 0.0 minutes
2020-07-29 11:14:01,157 XGboost Start
2020-07-29 11:14:01,682 Score for XGboost is 0.12259675405742822
2020-07-29 11:14:01,682 Run Time for Linear Regression is 0.0 minutes
2020-07-29 11:14:01,682 XGboost Start
2020-07-29 11:14:02,248 Score for XGboost is 0.11660424469413233
2020-07-29 11:14:02,248 Run Time for Linear Regression is 0.0 minutes
2020-07-29 11:14:02,249 XGboost Start
2020-07-29 11:14:03,416 Score for XGboost is 0.10087390761548065
2020-07-29 11:14:03,416 Run Time for Linear Regression is 0.0 minutes
2020-07-29 11:14:03,417 XGboost Start
2020-07-29 11:14:05,995 Score for XGboost is 0.09662921348314607
2020-07-29 11:14:05,996 Run Time for Linear Regression is 0.0 minutes
2020-07-29 11:14:05,996 XGboost Start
2020-07-29 11:14:10,461 Score for XGboost is 0.09612983770287141
2020-07-29 11:14:10,461 Run Time for Linear Regression is 0.0 minutes
2020-07-29 11:14:10,462 XGboost Start
2020-07-29 11:14:10,600 Score for XGboost is 0.199250936329588
2020-07-29 11:14:10,600 Run Time for Linear Regression is 0.0 minutes
2020-07-29 11:14:10,601 XGboost Start
2020-07-29 11:14:10,745 Score for XGboost is 0.1867665418227216
2020-07-29 11:14:10,746 Run Time for Linear Regression is 0.0 minutes
2020-07-29 11:14:10,746 XGboost Start
2020-07-29 11:14:10,899 Score for XGboost is 0.17952559300873908
2020-07-29 11:14:10,899 Run Time for Linear Regression is 0.0 minutes
2020-07-29 11:14:10,900 XGboost Start
2020-07-29 11:14:11,073 Score for XGboost is 0.18027465667915107
2020-07-29 11:14:11,074 Run Time for Linear Regression is 0.0 minutes
2020-07-29 11:14:11,074 XGboost Start
2020-07-29 11:14:11,288 Score for XGboost is 0.17852684144818975
2020-07-29 11:14:11,288 Run Time for Linear Regression is 0.0 minutes
2020-07-29 11:14:11,289 XGboost Start
2020-07-29 11:14:11,547 Score for XGboost is 0.1585518102372035
2020-07-29 11:14:11,548 Run Time for Linear Regression is 0.0 minutes
2020-07-29 11:14:11,548 XGboost Start
2020-07-29 11:14:11,844 Score for XGboost is 0.14731585518102372
2020-07-29 11:14:11,844 Run Time for Linear Regression is 0.0 minutes
2020-07-29 11:14:11,845 XGboost Start
2020-07-29 11:14:12,167 Score for XGboost is 0.14307116104868914
2020-07-29 11:14:12,167 Run Time for Linear Regression is 0.0 minutes
2020-07-29 11:14:12,168 XGboost Start
2020-07-29 11:14:12,612 Score for XGboost is 0.12933832709113607
2020-07-29 11:14:12,613 Run Time for Linear Regression is 0.0 minutes
2020-07-29 11:14:12,613 XGboost Start
2020-07-29 11:14:13,118 Score for XGboost is 0.1278401997503121
2020-07-29 11:14:13,118 Run Time for Linear Regression is 0.0 minutes
2020-07-29 11:14:13,119 XGboost Start
2020-07-29 11:14:13,747 Score for XGboost is 0.11235955056179775
2020-07-29 11:14:13,747 Run Time for Linear Regression is 0.0 minutes
2020-07-29 11:14:13,748 XGboost Start
2020-07-29 11:14:14,584 Score for XGboost is 0.11260923845193509
2020-07-29 11:14:14,585 Run Time for Linear Regression is 0.0 minutes
2020-07-29 11:15:55,212 Logistic Regression Start
2020-07-29 11:15:55,410 Score for Logistic Regression is 0.1136079900124844
2020-07-29 11:15:55,410 Run Time for Linear Regression is 0.0 minutes
2020-07-29 11:15:56,895 RandomForest Start
2020-07-29 11:15:57,479 Score for RandomForest is 0.23021223470661673
2020-07-29 11:15:57,479 Run Time for Linear Regression is 0.0 minutes
2020-07-29 11:15:57,480 RandomForest Start
2020-07-29 11:15:58,082 Score for RandomForest is 0.22696629213483147
2020-07-29 11:15:58,082 Run Time for Linear Regression is 0.0 minutes
2020-07-29 11:15:58,083 RandomForest Start
2020-07-29 11:15:58,692 Score for RandomForest is 0.2317103620474407
2020-07-29 11:15:58,692 Run Time for Linear Regression is 0.0 minutes
2020-07-29 11:15:58,694 RandomForest Start
2020-07-29 11:15:59,319 Score for RandomForest is 0.21348314606741572
2020-07-29 11:15:59,319 Run Time for Linear Regression is 0.0 minutes
2020-07-29 11:15:59,320 RandomForest Start
2020-07-29 11:15:59,940 Score for RandomForest is 0.21548064918851437
2020-07-29 11:15:59,941 Run Time for Linear Regression is 0.0 minutes
2020-07-29 11:15:59,944 RandomForest Start
2020-07-29 11:16:00,568 Score for RandomForest is 0.1902621722846442
2020-07-29 11:16:00,569 Run Time for Linear Regression is 0.0 minutes
2020-07-29 11:16:00,572 RandomForest Start
2020-07-29 11:16:01,223 Score for RandomForest is 0.149063670411985
2020-07-29 11:16:01,223 Run Time for Linear Regression is 0.0 minutes
2020-07-29 11:16:01,223 RandomForest Start
2020-07-29 11:16:01,994 Score for RandomForest is 0.10886392009987515
2020-07-29 11:16:01,994 Run Time for Linear Regression is 0.0 minutes
2020-07-29 11:16:01,995 RandomForest Start
2020-07-29 11:16:02,739 Score for RandomForest is 0.11485642946317104
2020-07-29 11:16:02,739 Run Time for Linear Regression is 0.0 minutes
2020-07-29 11:16:02,742 RandomForest Start
2020-07-29 11:16:02,911 Score for RandomForest is 0.1875156054931336
2020-07-29 11:16:02,912 Run Time for Linear Regression is 0.0 minutes
2020-07-29 11:16:02,912 RandomForest Start
2020-07-29 11:16:03,277 Score for RandomForest is 0.2042446941323346
2020-07-29 11:16:03,278 Run Time for Linear Regression is 0.0 minutes
2020-07-29 11:16:03,279 RandomForest Start
2020-07-29 11:16:03,684 Score for RandomForest is 0.15755305867665417
2020-07-29 11:16:03,684 Run Time for Linear Regression is 0.0 minutes
2020-07-29 11:16:03,688 RandomForest Start
2020-07-29 11:16:04,094 Score for RandomForest is 0.1637952559300874
2020-07-29 11:16:04,094 Run Time for Linear Regression is 0.0 minutes
2020-07-29 11:16:04,094 RandomForest Start
2020-07-29 11:16:04,471 Score for RandomForest is 0.14132334581772785
2020-07-29 11:16:04,471 Run Time for Linear Regression is 0.0 minutes
2020-07-29 11:16:04,472 RandomForest Start
2020-07-29 11:16:04,879 Score for RandomForest is 0.11585518102372035
2020-07-29 11:16:04,879 Run Time for Linear Regression is 0.0 minutes
2020-07-29 11:16:04,880 RandomForest Start
2020-07-29 11:16:05,283 Score for RandomForest is 0.11935081148564294
2020-07-29 11:16:05,283 Run Time for Linear Regression is 0.0 minutes
2020-07-29 11:16:05,285 RandomForest Start
2020-07-29 11:16:05,835 Score for RandomForest is 0.11510611735330836
2020-07-29 11:16:05,835 Run Time for Linear Regression is 0.0 minutes
2020-07-29 11:16:05,836 RandomForest Start
2020-07-29 11:16:06,411 Score for RandomForest is 0.11435705368289638
2020-07-29 11:16:06,411 Run Time for Linear Regression is 0.0 minutes
2020-07-29 11:16:06,412 RandomForest Start
2020-07-29 11:16:06,970 Score for RandomForest is 0.1136079900124844
2020-07-29 11:16:06,970 Run Time for Linear Regression is 0.0 minutes
2020-07-29 11:16:06,971 RandomForest Start
2020-07-29 11:16:07,605 Score for RandomForest is 0.11335830212234707
2020-07-29 11:16:07,605 Run Time for Linear Regression is 0.0 minutes
2020-07-29 11:16:07,605 RandomForest Start
2020-07-29 11:16:08,395 Score for RandomForest is 0.11560549313358302
2020-07-29 11:16:08,395 Run Time for Linear Regression is 0.0 minutes
2020-07-29 11:16:08,395 RandomForest Start
2020-07-29 11:16:09,185 Score for RandomForest is 0.11560549313358302
2020-07-29 11:16:09,185 Run Time for Linear Regression is 0.0 minutes
2020-07-29 11:16:09,185 RandomForest Start
2020-07-29 11:16:10,359 Score for RandomForest is 0.11310861423220973
2020-07-29 11:16:10,359 Run Time for Linear Regression is 0.0 minutes
2020-07-29 11:16:10,360 RandomForest Start
2020-07-29 11:16:11,149 Score for RandomForest is 0.11560549313358302
2020-07-29 11:16:11,149 Run Time for Linear Regression is 0.0 minutes
2020-07-29 11:16:11,150 RandomForest Start
2020-07-29 11:16:11,972 Score for RandomForest is 0.10811485642946317
2020-07-29 11:16:11,972 Run Time for Linear Regression is 0.0 minutes
2020-07-29 11:16:11,973 RandomForest Start
2020-07-29 11:16:13,060 Score for RandomForest is 0.11410736579275906
2020-07-29 11:16:13,060 Run Time for Linear Regression is 0.0 minutes
2020-07-29 11:16:13,061 RandomForest Start
2020-07-29 11:16:14,031 Score for RandomForest is 0.11760299625468165
2020-07-29 11:16:14,032 Run Time for Linear Regression is 0.0 minutes
2020-07-29 11:16:14,033 RandomForest Start
2020-07-29 11:16:15,040 Score for RandomForest is 0.11560549313358302
2020-07-29 11:16:15,040 Run Time for Linear Regression is 0.0 minutes
2020-07-29 11:16:15,041 RandomForest Start
2020-07-29 11:16:15,834 Score for RandomForest is 0.16779026217228465
2020-07-29 11:16:15,834 Run Time for Linear Regression is 0.0 minutes
2020-07-29 11:16:15,835 RandomForest Start
2020-07-29 11:16:16,610 Score for RandomForest is 0.19225967540574282
2020-07-29 11:16:16,610 Run Time for Linear Regression is 0.0 minutes
2020-07-29 11:16:16,611 RandomForest Start
2020-07-29 11:16:17,431 Score for RandomForest is 0.2017478152309613
2020-07-29 11:16:17,431 Run Time for Linear Regression is 0.0 minutes
2020-07-29 11:16:17,432 RandomForest Start
2020-07-29 11:16:18,178 Score for RandomForest is 0.2087390761548065
2020-07-29 11:16:18,178 Run Time for Linear Regression is 0.0 minutes
2020-07-29 11:16:18,179 RandomForest Start
2020-07-29 11:16:18,934 Score for RandomForest is 0.20549313358302124
2020-07-29 11:16:18,934 Run Time for Linear Regression is 0.0 minutes
2020-07-29 11:16:18,935 RandomForest Start
2020-07-29 11:16:19,607 Score for RandomForest is 0.21248439450686643
2020-07-29 11:16:19,608 Run Time for Linear Regression is 0.0 minutes
2020-07-29 11:16:19,611 RandomForest Start
2020-07-29 11:16:20,267 Score for RandomForest is 0.22421972534332085
2020-07-29 11:16:20,267 Run Time for Linear Regression is 0.0 minutes
2020-07-29 11:16:20,268 RandomForest Start
2020-07-29 11:16:21,067 Score for RandomForest is 0.2274656679151061
2020-07-29 11:16:21,067 Run Time for Linear Regression is 0.0 minutes
2020-07-29 11:16:21,068 RandomForest Start
2020-07-29 11:16:21,836 Score for RandomForest is 0.22946317103620475
2020-07-29 11:16:21,836 Run Time for Linear Regression is 0.0 minutes
2020-07-29 11:16:21,837 RandomForest Start
2020-07-29 11:16:22,604 Score for RandomForest is 0.2324594257178527
2020-07-29 11:16:22,604 Run Time for Linear Regression is 0.0 minutes
2020-07-29 11:16:22,826 RandomForest Start
2020-07-29 11:16:23,631 Score for RandomForest is 0.12734082397003746
2020-07-29 11:16:23,631 Run Time for Linear Regression is 0.0 minutes
2020-07-29 11:16:23,770 XGboost Start
2020-07-29 11:16:24,713 Score for XGboost is 0.15630461922596753
2020-07-29 11:16:24,714 Run Time for Linear Regression is 0.0 minutes
2020-07-29 11:16:24,714 XGboost Start
2020-07-29 11:16:25,592 Score for XGboost is 0.14057428214731585
2020-07-29 11:16:25,593 Run Time for Linear Regression is 0.0 minutes
2020-07-29 11:16:25,593 XGboost Start
2020-07-29 11:16:26,417 Score for XGboost is 0.12084893882646691
2020-07-29 11:16:26,417 Run Time for Linear Regression is 0.0 minutes
2020-07-29 11:16:26,418 XGboost Start
2020-07-29 11:16:27,248 Score for XGboost is 0.1083645443196005
2020-07-29 11:16:27,248 Run Time for Linear Regression is 0.0 minutes
2020-07-29 11:16:27,248 XGboost Start
2020-07-29 11:16:28,081 Score for XGboost is 0.09612983770287141
2020-07-29 11:16:28,082 Run Time for Linear Regression is 0.0 minutes
2020-07-29 11:16:28,082 XGboost Start
2020-07-29 11:16:28,979 Score for XGboost is 0.09588014981273409
2020-07-29 11:16:28,979 Run Time for Linear Regression is 0.0 minutes
2020-07-29 11:16:28,980 XGboost Start
2020-07-29 11:16:29,894 Score for XGboost is 0.09837702871410736
2020-07-29 11:16:29,895 Run Time for Linear Regression is 0.0 minutes
2020-07-29 11:16:29,895 XGboost Start
2020-07-29 11:16:30,310 Score for XGboost is 0.18202247191011237
2020-07-29 11:16:30,310 Run Time for Linear Regression is 0.0 minutes
2020-07-29 11:16:30,311 XGboost Start
2020-07-29 11:16:30,827 Score for XGboost is 0.1630461922596754
2020-07-29 11:16:30,827 Run Time for Linear Regression is 0.0 minutes
2020-07-29 11:16:30,828 XGboost Start
2020-07-29 11:16:31,406 Score for XGboost is 0.13433208489388265
2020-07-29 11:16:31,406 Run Time for Linear Regression is 0.0 minutes
2020-07-29 11:16:31,407 XGboost Start
2020-07-29 11:16:32,028 Score for XGboost is 0.12259675405742822
2020-07-29 11:16:32,029 Run Time for Linear Regression is 0.0 minutes
2020-07-29 11:16:32,029 XGboost Start
2020-07-29 11:16:32,782 Score for XGboost is 0.11660424469413233
2020-07-29 11:16:32,782 Run Time for Linear Regression is 0.0 minutes
2020-07-29 11:16:32,782 XGboost Start
2020-07-29 11:16:34,028 Score for XGboost is 0.10087390761548065
2020-07-29 11:16:34,028 Run Time for Linear Regression is 0.0 minutes
2020-07-29 11:16:34,029 XGboost Start
2020-07-29 11:16:36,624 Score for XGboost is 0.09662921348314607
2020-07-29 11:16:36,624 Run Time for Linear Regression is 0.0 minutes
2020-07-29 11:16:36,625 XGboost Start
2020-07-29 11:16:40,775 Score for XGboost is 0.09612983770287141
2020-07-29 11:16:40,775 Run Time for Linear Regression is 0.0 minutes
2020-07-29 11:16:40,775 XGboost Start
2020-07-29 11:16:40,924 Score for XGboost is 0.199250936329588
2020-07-29 11:16:40,924 Run Time for Linear Regression is 0.0 minutes
2020-07-29 11:16:40,925 XGboost Start
2020-07-29 11:16:41,094 Score for XGboost is 0.1867665418227216
2020-07-29 11:16:41,095 Run Time for Linear Regression is 0.0 minutes
2020-07-29 11:16:41,095 XGboost Start
2020-07-29 11:16:41,301 Score for XGboost is 0.17952559300873908
2020-07-29 11:16:41,301 Run Time for Linear Regression is 0.0 minutes
2020-07-29 11:16:41,301 XGboost Start
2020-07-29 11:16:41,501 Score for XGboost is 0.18027465667915107
2020-07-29 11:16:41,502 Run Time for Linear Regression is 0.0 minutes
2020-07-29 11:16:41,502 XGboost Start
2020-07-29 11:16:41,704 Score for XGboost is 0.17852684144818975
2020-07-29 11:16:41,704 Run Time for Linear Regression is 0.0 minutes
2020-07-29 11:16:41,705 XGboost Start
2020-07-29 11:16:41,968 Score for XGboost is 0.1585518102372035
2020-07-29 11:16:41,968 Run Time for Linear Regression is 0.0 minutes
2020-07-29 11:16:41,969 XGboost Start
2020-07-29 11:16:42,266 Score for XGboost is 0.14731585518102372
2020-07-29 11:16:42,266 Run Time for Linear Regression is 0.0 minutes
2020-07-29 11:16:42,267 XGboost Start
2020-07-29 11:16:42,584 Score for XGboost is 0.14307116104868914
2020-07-29 11:16:42,584 Run Time for Linear Regression is 0.0 minutes
2020-07-29 11:16:42,585 XGboost Start
2020-07-29 11:16:43,008 Score for XGboost is 0.12933832709113607
2020-07-29 11:16:43,008 Run Time for Linear Regression is 0.0 minutes
2020-07-29 11:16:43,009 XGboost Start
2020-07-29 11:16:43,504 Score for XGboost is 0.1278401997503121
2020-07-29 11:16:43,504 Run Time for Linear Regression is 0.0 minutes
2020-07-29 11:16:43,505 XGboost Start
2020-07-29 11:16:44,151 Score for XGboost is 0.11235955056179775
2020-07-29 11:16:44,151 Run Time for Linear Regression is 0.0 minutes
2020-07-29 11:16:44,152 XGboost Start
2020-07-29 11:16:44,959 Score for XGboost is 0.11260923845193509
2020-07-29 11:16:44,959 Run Time for Linear Regression is 0.0 minutes
2020-07-29 11:16:45,189 XGboost Start
2020-07-29 11:16:47,561 Score for XGboost is 0.10137328339575531
2020-07-29 11:16:47,561 Run Time for Linear Regression is 0.0 minutes
2020-07-29 11:16:47,782 LGboost Start
2020-07-29 11:16:48,142 Score for LGboost is 0.12134831460674157
2020-07-29 11:16:48,142 Run Time for Linear Regression is 0.0 minutes
2020-07-29 11:16:48,143 LGboost Start
2020-07-29 11:16:48,509 Score for LGboost is 0.1111111111111111
2020-07-29 11:16:48,509 Run Time for Linear Regression is 0.0 minutes
2020-07-29 11:16:48,510 LGboost Start
2020-07-29 11:16:48,852 Score for LGboost is 0.10187265917602996
2020-07-29 11:16:48,852 Run Time for Linear Regression is 0.0 minutes
2020-07-29 11:16:48,853 LGboost Start
2020-07-29 11:16:49,178 Score for LGboost is 0.1066167290886392
2020-07-29 11:16:49,178 Run Time for Linear Regression is 0.0 minutes
2020-07-29 11:16:49,179 LGboost Start
2020-07-29 11:16:49,551 Score for LGboost is 0.099625468164794
2020-07-29 11:16:49,551 Run Time for Linear Regression is 0.0 minutes
2020-07-29 11:16:49,552 LGboost Start
2020-07-29 11:16:49,870 Score for LGboost is 0.16154806491885143
2020-07-29 11:16:49,871 Run Time for Linear Regression is 0.0 minutes
2020-07-29 11:16:49,871 LGboost Start
2020-07-29 11:16:50,193 Score for LGboost is 0.1146067415730337
2020-07-29 11:16:50,193 Run Time for Linear Regression is 0.0 minutes
2020-07-29 11:16:50,194 LGboost Start
2020-07-29 11:16:50,330 Score for LGboost is 0.23545568039950063
2020-07-29 11:16:50,330 Run Time for Linear Regression is 0.0 minutes
2020-07-29 11:16:50,331 LGboost Start
2020-07-29 11:16:50,495 Score for LGboost is 0.16928838951310862
2020-07-29 11:16:50,495 Run Time for Linear Regression is 0.0 minutes
2020-07-29 11:16:50,496 LGboost Start
2020-07-29 11:16:50,698 Score for LGboost is 0.15006242197253433
2020-07-29 11:16:50,699 Run Time for Linear Regression is 0.0 minutes
2020-07-29 11:16:50,699 LGboost Start
2020-07-29 11:16:50,935 Score for LGboost is 0.13807740324594256
2020-07-29 11:16:50,935 Run Time for Linear Regression is 0.0 minutes
2020-07-29 11:16:50,936 LGboost Start
2020-07-29 11:16:51,188 Score for LGboost is 0.12559300873907617
2020-07-29 11:16:51,188 Run Time for Linear Regression is 0.0 minutes
2020-07-29 11:16:51,189 LGboost Start
2020-07-29 11:16:51,479 Score for LGboost is 0.12109862671660425
2020-07-29 11:16:51,479 Run Time for Linear Regression is 0.0 minutes
2020-07-29 11:16:51,480 LGboost Start
2020-07-29 11:16:51,822 Score for LGboost is 0.11660424469413233
2020-07-29 11:16:51,822 Run Time for Linear Regression is 0.0 minutes
2020-07-29 11:16:51,823 LGboost Start
2020-07-29 11:16:52,145 Score for LGboost is 0.11735330836454431
2020-07-29 11:16:52,145 Run Time for Linear Regression is 0.0 minutes
2020-07-29 11:16:52,146 LGboost Start
2020-07-29 11:16:52,280 Score for LGboost is 0.23545568039950063
2020-07-29 11:16:52,280 Run Time for Linear Regression is 0.0 minutes
2020-07-29 11:16:52,280 LGboost Start
2020-07-29 11:16:52,468 Score for LGboost is 0.1523096129837703
2020-07-29 11:16:52,468 Run Time for Linear Regression is 0.0 minutes
2020-07-29 11:16:52,468 LGboost Start
2020-07-29 11:16:52,803 Score for LGboost is 0.1111111111111111
2020-07-29 11:16:52,803 Run Time for Linear Regression is 0.0 minutes
2020-07-29 11:16:52,804 LGboost Start
2020-07-29 11:16:53,518 Score for LGboost is 0.10037453183520599
2020-07-29 11:16:53,518 Run Time for Linear Regression is 0.0 minutes
2020-07-29 11:16:53,519 LGboost Start
2020-07-29 11:16:54,950 Score for LGboost is 0.09937578027465668
2020-07-29 11:16:54,950 Run Time for Linear Regression is 0.0 minutes
2020-07-29 11:16:54,951 LGboost Start
2020-07-29 11:16:57,268 Score for LGboost is 0.09937578027465668
2020-07-29 11:16:57,268 Run Time for Linear Regression is 0.0 minutes
2020-07-29 11:16:57,269 LGboost Start
2020-07-29 11:16:59,615 Score for LGboost is 0.09937578027465668
2020-07-29 11:16:59,615 Run Time for Linear Regression is 0.0 minutes
2020-07-29 11:16:59,616 LGboost Start
2020-07-29 11:16:59,701 Score for LGboost is 0.17378277153558053
2020-07-29 11:16:59,701 Run Time for Linear Regression is 0.0 minutes
2020-07-29 11:16:59,702 LGboost Start
2020-07-29 11:16:59,791 Score for LGboost is 0.1533083645443196
2020-07-29 11:16:59,791 Run Time for Linear Regression is 0.0 minutes
2020-07-29 11:16:59,792 LGboost Start
2020-07-29 11:16:59,880 Score for LGboost is 0.15830212234706617
2020-07-29 11:16:59,880 Run Time for Linear Regression is 0.0 minutes
2020-07-29 11:16:59,881 LGboost Start
2020-07-29 11:16:59,969 Score for LGboost is 0.15255930087390762
2020-07-29 11:16:59,970 Run Time for Linear Regression is 0.0 minutes
2020-07-29 11:16:59,970 LGboost Start
2020-07-29 11:17:00,065 Score for LGboost is 0.1515605493133583
2020-07-29 11:17:00,065 Run Time for Linear Regression is 0.0 minutes
2020-07-29 11:17:00,066 LGboost Start
2020-07-29 11:17:00,182 Score for LGboost is 0.14307116104868914
2020-07-29 11:17:00,182 Run Time for Linear Regression is 0.0 minutes
2020-07-29 11:17:00,183 LGboost Start
2020-07-29 11:17:00,314 Score for LGboost is 0.1383270911360799
2020-07-29 11:17:00,314 Run Time for Linear Regression is 0.0 minutes
2020-07-29 11:17:00,315 LGboost Start
2020-07-29 11:17:00,459 Score for LGboost is 0.13108614232209737
2020-07-29 11:17:00,460 Run Time for Linear Regression is 0.0 minutes
2020-07-29 11:17:00,460 LGboost Start
2020-07-29 11:17:00,645 Score for LGboost is 0.12634207240948814
2020-07-29 11:17:00,645 Run Time for Linear Regression is 0.0 minutes
2020-07-29 11:17:00,646 LGboost Start
2020-07-29 11:17:00,858 Score for LGboost is 0.12234706616729088
2020-07-29 11:17:00,858 Run Time for Linear Regression is 0.0 minutes
2020-07-29 11:17:00,859 LGboost Start
2020-07-29 11:17:01,119 Score for LGboost is 0.11685393258426967
2020-07-29 11:17:01,119 Run Time for Linear Regression is 0.0 minutes
2020-07-29 11:17:01,120 LGboost Start
2020-07-29 11:17:01,456 Score for LGboost is 0.1111111111111111
2020-07-29 11:17:01,456 Run Time for Linear Regression is 0.0 minutes
2020-07-29 11:17:01,457 LGboost Start
2020-07-29 11:17:01,796 Score for LGboost is 0.14132334581772785
2020-07-29 11:17:01,796 Run Time for Linear Regression is 0.0 minutes
2020-07-29 11:17:01,797 LGboost Start
2020-07-29 11:17:02,126 Score for LGboost is 0.1605493133583021
2020-07-29 11:17:02,126 Run Time for Linear Regression is 0.0 minutes
2020-07-29 11:17:02,127 LGboost Start
2020-07-29 11:17:02,406 Score for LGboost is 0.1760299625468165
2020-07-29 11:17:02,406 Run Time for Linear Regression is 0.0 minutes
2020-07-29 11:17:02,407 LGboost Start
2020-07-29 11:17:02,687 Score for LGboost is 0.1990012484394507
2020-07-29 11:17:02,688 Run Time for Linear Regression is 0.0 minutes
2020-07-29 11:17:02,688 LGboost Start
2020-07-29 11:17:02,940 Score for LGboost is 0.216729088639201
2020-07-29 11:17:02,940 Run Time for Linear Regression is 0.0 minutes
2020-07-29 11:17:21,593 LGboost Start
2020-07-29 11:17:22,123 Score for LGboost is 0.14032459425717853
2020-07-29 11:17:22,123 Run Time for Linear Regression is 0.0 minutes
2020-07-29 11:17:29,193 Logistic Regression Start
2020-07-29 11:17:30,702 Score for Logistic Regression is {'fit_time': array([0.43219781, 0.33454084, 0.23743486, 0.22926998, 0.19702196]), 'score_time': array([0.01551819, 0.01386595, 0.01277971, 0.0120852 , 0.01173639]), 'test_mse': array([0.45016474, 0.31025958, 0.41821178, 0.24186238, 0.5500618 ]), 'test_accuracy': array([0.54983526, 0.68974042, 0.58178822, 0.75813762, 0.4499382 ])}
2020-07-29 11:17:30,702 Run Time for Logistic Regression is 0.0 minutes
2020-07-29 11:17:39,571 RandomForest Start
2020-07-29 11:17:47,981 Score for RandomForest is {'fit_time': array([5.30355048, 0.60793567, 0.61803317, 0.65695381, 0.60427094]), 'score_time': array([0.12702012, 0.1192019 , 0.12003732, 0.11926055, 0.11950445]), 'test_mse': array([0.46046129, 0.2723527 , 0.42480429, 0.40667491, 0.56736712]), 'test_accuracy': array([0.53953871, 0.7276473 , 0.57519571, 0.59332509, 0.43263288])}
2020-07-29 11:17:47,981 Run Time for RandomForest is 0.0 minutes
2020-07-29 11:18:02,319 XGboost Start
2020-07-29 11:18:17,870 Score for XGboost is {'fit_time': array([2.71894288, 2.88051987, 3.2513001 , 3.50308776, 2.86796308]), 'score_time': array([0.05959654, 0.06195712, 0.09062529, 0.04739976, 0.04913425]), 'test_mse': array([0.44233937, 0.31025958, 0.39596209, 0.15203956, 0.53893696]), 'test_accuracy': array([0.55766063, 0.68974042, 0.60403791, 0.84796044, 0.46106304])}
2020-07-29 11:18:17,870 Run Time for XGboost is 0.0 minutes
2020-07-29 11:18:18,461 LGboost Start
2020-07-29 11:18:21,076 Score for LGboost is {'fit_time': array([0.49353671, 0.46825242, 0.48531079, 0.46578765, 0.4518106 ]), 'score_time': array([0.05835748, 0.04438829, 0.04337549, 0.04216051, 0.04620147]), 'test_mse': array([0.45428336, 0.33086115, 0.41079522, 0.23114957, 0.54841368]), 'test_accuracy': array([0.54571664, 0.66913885, 0.58920478, 0.76885043, 0.45158632])}
2020-07-29 11:18:21,076 Run Time for LGboost is 0.0 minutes
2020-07-29 11:18:36,345 XGboost Start
2020-07-29 11:18:38,946 Score for XGboost is None
2020-07-29 11:18:38,946 Run Time for Linear Regression is 0.0 minutes
