2020-07-28 20:46:21,518 Logistic Regression Start
2020-07-28 20:46:21,759 Score for Logistic Regression is 0.10461922596754057
2020-07-28 20:46:21,759 Run Time for Linear Regression is 0.0 minutes
2020-07-28 20:46:25,458 RandomForest Start
2020-07-28 20:46:26,074 Score for RandomForest is 0.26541822721598
2020-07-28 20:46:26,074 Run Time for Linear Regression is 0.0 minutes
2020-07-28 20:46:26,088 RandomForest Start
2020-07-28 20:46:26,713 Score for RandomForest is 0.2574282147315855
2020-07-28 20:46:26,715 Run Time for Linear Regression is 0.0 minutes
2020-07-28 20:46:26,716 RandomForest Start
2020-07-28 20:46:27,338 Score for RandomForest is 0.24344569288389514
2020-07-28 20:46:27,339 Run Time for Linear Regression is 0.0 minutes
2020-07-28 20:46:27,340 RandomForest Start
2020-07-28 20:46:27,950 Score for RandomForest is 0.2177278401997503
2020-07-28 20:46:27,950 Run Time for Linear Regression is 0.0 minutes
2020-07-28 20:46:27,953 RandomForest Start
2020-07-28 20:46:28,554 Score for RandomForest is 0.21423220973782772
2020-07-28 20:46:28,554 Run Time for Linear Regression is 0.0 minutes
2020-07-28 20:46:28,555 RandomForest Start
2020-07-28 20:46:29,166 Score for RandomForest is 0.17328339575530588
2020-07-28 20:46:29,166 Run Time for Linear Regression is 0.0 minutes
2020-07-28 20:46:29,167 RandomForest Start
2020-07-28 20:46:29,903 Score for RandomForest is 0.13632958801498127
2020-07-28 20:46:29,903 Run Time for Linear Regression is 0.0 minutes
2020-07-28 20:46:29,904 RandomForest Start
2020-07-28 20:46:30,671 Score for RandomForest is 0.11210986267166043
2020-07-28 20:46:30,671 Run Time for Linear Regression is 0.0 minutes
2020-07-28 20:46:30,672 RandomForest Start
2020-07-28 20:46:31,473 Score for RandomForest is 0.10561797752808989
2020-07-28 20:46:31,474 Run Time for Linear Regression is 0.0 minutes
2020-07-28 20:46:31,474 RandomForest Start
2020-07-28 20:46:31,649 Score for RandomForest is 0.17128589263420724
2020-07-28 20:46:31,650 Run Time for Linear Regression is 0.0 minutes
2020-07-28 20:46:31,650 RandomForest Start
2020-07-28 20:46:32,023 Score for RandomForest is 0.18002496878901372
2020-07-28 20:46:32,023 Run Time for Linear Regression is 0.0 minutes
2020-07-28 20:46:32,024 RandomForest Start
2020-07-28 20:46:32,419 Score for RandomForest is 0.13632958801498127
2020-07-28 20:46:32,419 Run Time for Linear Regression is 0.0 minutes
2020-07-28 20:46:32,422 RandomForest Start
2020-07-28 20:46:32,829 Score for RandomForest is 0.1418227215980025
2020-07-28 20:46:32,829 Run Time for Linear Regression is 0.0 minutes
2020-07-28 20:46:32,830 RandomForest Start
2020-07-28 20:46:33,235 Score for RandomForest is 0.12659176029962546
2020-07-28 20:46:33,235 Run Time for Linear Regression is 0.0 minutes
2020-07-28 20:46:33,236 RandomForest Start
2020-07-28 20:46:33,642 Score for RandomForest is 0.1118601747815231
2020-07-28 20:46:33,642 Run Time for Linear Regression is 0.0 minutes
2020-07-28 20:46:33,643 RandomForest Start
2020-07-28 20:46:34,095 Score for RandomForest is 0.10786516853932585
2020-07-28 20:46:34,096 Run Time for Linear Regression is 0.0 minutes
2020-07-28 20:46:34,098 RandomForest Start
2020-07-28 20:46:34,547 Score for RandomForest is 0.10511860174781523
2020-07-28 20:46:34,547 Run Time for Linear Regression is 0.0 minutes
2020-07-28 20:46:34,547 RandomForest Start
2020-07-28 20:46:35,134 Score for RandomForest is 0.10886392009987515
2020-07-28 20:46:35,134 Run Time for Linear Regression is 0.0 minutes
2020-07-28 20:46:35,135 RandomForest Start
2020-07-28 20:46:35,721 Score for RandomForest is 0.1066167290886392
2020-07-28 20:46:35,721 Run Time for Linear Regression is 0.0 minutes
2020-07-28 20:46:35,722 RandomForest Start
2020-07-28 20:46:36,330 Score for RandomForest is 0.10411985018726591
2020-07-28 20:46:36,331 Run Time for Linear Regression is 0.0 minutes
2020-07-28 20:46:36,334 RandomForest Start
2020-07-28 20:46:37,151 Score for RandomForest is 0.10536828963795256
2020-07-28 20:46:37,152 Run Time for Linear Regression is 0.0 minutes
2020-07-28 20:46:37,153 RandomForest Start
2020-07-28 20:46:37,954 Score for RandomForest is 0.10536828963795256
2020-07-28 20:46:37,954 Run Time for Linear Regression is 0.0 minutes
2020-07-28 20:46:37,955 RandomForest Start
2020-07-28 20:46:39,204 Score for RandomForest is 0.10162297128589264
2020-07-28 20:46:39,204 Run Time for Linear Regression is 0.0 minutes
2020-07-28 20:46:39,205 RandomForest Start
2020-07-28 20:46:40,031 Score for RandomForest is 0.10536828963795256
2020-07-28 20:46:40,032 Run Time for Linear Regression is 0.0 minutes
2020-07-28 20:46:40,034 RandomForest Start
2020-07-28 20:46:41,015 Score for RandomForest is 0.1083645443196005
2020-07-28 20:46:41,016 Run Time for Linear Regression is 0.0 minutes
2020-07-28 20:46:41,017 RandomForest Start
2020-07-28 20:46:42,411 Score for RandomForest is 0.1066167290886392
2020-07-28 20:46:42,411 Run Time for Linear Regression is 0.0 minutes
2020-07-28 20:46:42,412 RandomForest Start
2020-07-28 20:46:43,349 Score for RandomForest is 0.10986267166042447
2020-07-28 20:46:43,349 Run Time for Linear Regression is 0.0 minutes
2020-07-28 20:46:43,350 RandomForest Start
2020-07-28 20:46:44,170 Score for RandomForest is 0.10536828963795256
2020-07-28 20:46:44,170 Run Time for Linear Regression is 0.0 minutes
2020-07-28 20:46:44,171 RandomForest Start
2020-07-28 20:46:44,959 Score for RandomForest is 0.16329588014981272
2020-07-28 20:46:44,959 Run Time for Linear Regression is 0.0 minutes
2020-07-28 20:46:44,960 RandomForest Start
2020-07-28 20:46:45,618 Score for RandomForest is 0.1822721598002497
2020-07-28 20:46:45,618 Run Time for Linear Regression is 0.0 minutes
2020-07-28 20:46:45,619 RandomForest Start
2020-07-28 20:46:46,276 Score for RandomForest is 0.18626716604244695
2020-07-28 20:46:46,277 Run Time for Linear Regression is 0.0 minutes
2020-07-28 20:46:46,278 RandomForest Start
2020-07-28 20:46:46,932 Score for RandomForest is 0.19425717852684146
2020-07-28 20:46:46,932 Run Time for Linear Regression is 0.0 minutes
2020-07-28 20:46:46,933 RandomForest Start
2020-07-28 20:46:47,602 Score for RandomForest is 0.20199750312109863
2020-07-28 20:46:47,602 Run Time for Linear Regression is 0.0 minutes
2020-07-28 20:46:47,603 RandomForest Start
2020-07-28 20:46:48,417 Score for RandomForest is 0.20474406991260924
2020-07-28 20:46:48,418 Run Time for Linear Regression is 0.0 minutes
2020-07-28 20:46:48,419 RandomForest Start
2020-07-28 20:46:49,278 Score for RandomForest is 0.20524344569288389
2020-07-28 20:46:49,278 Run Time for Linear Regression is 0.0 minutes
2020-07-28 20:46:49,279 RandomForest Start
2020-07-28 20:46:49,993 Score for RandomForest is 0.21697877652933834
2020-07-28 20:46:49,993 Run Time for Linear Regression is 0.0 minutes
2020-07-28 20:46:49,994 RandomForest Start
2020-07-28 20:46:50,803 Score for RandomForest is 0.2184769038701623
2020-07-28 20:46:50,804 Run Time for Linear Regression is 0.0 minutes
2020-07-28 20:46:50,806 RandomForest Start
2020-07-28 20:46:51,502 Score for RandomForest is 0.2389513108614232
2020-07-28 20:46:51,502 Run Time for Linear Regression is 0.0 minutes
2020-07-28 20:47:12,989 Logistic Regression Start
2020-07-28 20:47:13,243 Score for Logistic Regression is 0.10461922596754057
2020-07-28 20:47:13,243 Run Time for Linear Regression is 0.0 minutes
2020-07-28 20:47:13,750 RandomForest Start
2020-07-28 20:47:14,376 Score for RandomForest is 0.26541822721598
2020-07-28 20:47:14,376 Run Time for Linear Regression is 0.0 minutes
2020-07-28 20:47:14,377 RandomForest Start
2020-07-28 20:47:14,984 Score for RandomForest is 0.2574282147315855
2020-07-28 20:47:14,985 Run Time for Linear Regression is 0.0 minutes
2020-07-28 20:47:14,985 RandomForest Start
2020-07-28 20:47:15,608 Score for RandomForest is 0.24344569288389514
2020-07-28 20:47:15,609 Run Time for Linear Regression is 0.0 minutes
2020-07-28 20:47:15,610 RandomForest Start
2020-07-28 20:47:16,229 Score for RandomForest is 0.2177278401997503
2020-07-28 20:47:16,229 Run Time for Linear Regression is 0.0 minutes
2020-07-28 20:47:16,230 RandomForest Start
2020-07-28 20:47:16,837 Score for RandomForest is 0.21423220973782772
2020-07-28 20:47:16,838 Run Time for Linear Regression is 0.0 minutes
2020-07-28 20:47:16,838 RandomForest Start
2020-07-28 20:47:17,441 Score for RandomForest is 0.17328339575530588
2020-07-28 20:47:17,441 Run Time for Linear Regression is 0.0 minutes
2020-07-28 20:47:17,442 RandomForest Start
2020-07-28 20:47:18,135 Score for RandomForest is 0.13632958801498127
2020-07-28 20:47:18,135 Run Time for Linear Regression is 0.0 minutes
2020-07-28 20:47:18,135 RandomForest Start
2020-07-28 20:47:18,904 Score for RandomForest is 0.11210986267166043
2020-07-28 20:47:18,904 Run Time for Linear Regression is 0.0 minutes
2020-07-28 20:47:18,905 RandomForest Start
2020-07-28 20:47:19,700 Score for RandomForest is 0.10561797752808989
2020-07-28 20:47:19,700 Run Time for Linear Regression is 0.0 minutes
2020-07-28 20:47:19,701 RandomForest Start
2020-07-28 20:47:19,877 Score for RandomForest is 0.17128589263420724
2020-07-28 20:47:19,877 Run Time for Linear Regression is 0.0 minutes
2020-07-28 20:47:19,877 RandomForest Start
2020-07-28 20:47:20,258 Score for RandomForest is 0.18002496878901372
2020-07-28 20:47:20,258 Run Time for Linear Regression is 0.0 minutes
2020-07-28 20:47:20,259 RandomForest Start
2020-07-28 20:47:20,642 Score for RandomForest is 0.13632958801498127
2020-07-28 20:47:20,642 Run Time for Linear Regression is 0.0 minutes
2020-07-28 20:47:20,643 RandomForest Start
2020-07-28 20:47:21,028 Score for RandomForest is 0.1418227215980025
2020-07-28 20:47:21,029 Run Time for Linear Regression is 0.0 minutes
2020-07-28 20:47:21,032 RandomForest Start
2020-07-28 20:47:21,439 Score for RandomForest is 0.12659176029962546
2020-07-28 20:47:21,440 Run Time for Linear Regression is 0.0 minutes
2020-07-28 20:47:21,441 RandomForest Start
2020-07-28 20:47:21,871 Score for RandomForest is 0.1118601747815231
2020-07-28 20:47:21,871 Run Time for Linear Regression is 0.0 minutes
2020-07-28 20:47:21,872 RandomForest Start
2020-07-28 20:47:22,293 Score for RandomForest is 0.10786516853932585
2020-07-28 20:47:22,294 Run Time for Linear Regression is 0.0 minutes
2020-07-28 20:47:22,294 RandomForest Start
2020-07-28 20:47:22,711 Score for RandomForest is 0.10511860174781523
2020-07-28 20:47:22,711 Run Time for Linear Regression is 0.0 minutes
2020-07-28 20:47:22,713 RandomForest Start
2020-07-28 20:47:23,278 Score for RandomForest is 0.10886392009987515
2020-07-28 20:47:23,278 Run Time for Linear Regression is 0.0 minutes
2020-07-28 20:47:23,279 RandomForest Start
2020-07-28 20:47:23,851 Score for RandomForest is 0.1066167290886392
2020-07-28 20:47:23,852 Run Time for Linear Regression is 0.0 minutes
2020-07-28 20:47:23,852 RandomForest Start
2020-07-28 20:47:24,551 Score for RandomForest is 0.10411985018726591
2020-07-28 20:47:24,551 Run Time for Linear Regression is 0.0 minutes
2020-07-28 20:47:24,552 RandomForest Start
2020-07-28 20:47:25,358 Score for RandomForest is 0.10536828963795256
2020-07-28 20:47:25,358 Run Time for Linear Regression is 0.0 minutes
2020-07-28 20:47:25,359 RandomForest Start
2020-07-28 20:47:26,129 Score for RandomForest is 0.10536828963795256
2020-07-28 20:47:26,129 Run Time for Linear Regression is 0.0 minutes
2020-07-28 20:47:26,130 RandomForest Start
2020-07-28 20:47:27,635 Score for RandomForest is 0.10162297128589264
2020-07-28 20:47:27,635 Run Time for Linear Regression is 0.0 minutes
2020-07-28 20:47:27,636 RandomForest Start
2020-07-28 20:47:28,604 Score for RandomForest is 0.10536828963795256
2020-07-28 20:47:28,604 Run Time for Linear Regression is 0.0 minutes
2020-07-28 20:47:28,605 RandomForest Start
2020-07-28 20:47:29,474 Score for RandomForest is 0.1083645443196005
2020-07-28 20:47:29,474 Run Time for Linear Regression is 0.0 minutes
2020-07-28 20:47:29,476 RandomForest Start
2020-07-28 20:47:30,789 Score for RandomForest is 0.1066167290886392
2020-07-28 20:47:30,789 Run Time for Linear Regression is 0.0 minutes
2020-07-28 20:47:30,790 RandomForest Start
2020-07-28 20:47:31,883 Score for RandomForest is 0.10986267166042447
2020-07-28 20:47:31,883 Run Time for Linear Regression is 0.0 minutes
2020-07-28 20:47:31,884 RandomForest Start
2020-07-28 20:47:32,865 Score for RandomForest is 0.10536828963795256
2020-07-28 20:47:32,865 Run Time for Linear Regression is 0.0 minutes
2020-07-28 20:47:32,867 RandomForest Start
2020-07-28 20:47:33,702 Score for RandomForest is 0.16329588014981272
2020-07-28 20:47:33,703 Run Time for Linear Regression is 0.0 minutes
2020-07-28 20:47:33,703 RandomForest Start
2020-07-28 20:47:34,531 Score for RandomForest is 0.1822721598002497
2020-07-28 20:47:34,531 Run Time for Linear Regression is 0.0 minutes
2020-07-28 20:47:34,532 RandomForest Start
2020-07-28 20:47:35,331 Score for RandomForest is 0.18626716604244695
2020-07-28 20:47:35,331 Run Time for Linear Regression is 0.0 minutes
2020-07-28 20:47:35,332 RandomForest Start
2020-07-28 20:47:35,991 Score for RandomForest is 0.19425717852684146
2020-07-28 20:47:35,991 Run Time for Linear Regression is 0.0 minutes
2020-07-28 20:47:35,993 RandomForest Start
2020-07-28 20:47:36,820 Score for RandomForest is 0.20199750312109863
2020-07-28 20:47:36,821 Run Time for Linear Regression is 0.0 minutes
2020-07-28 20:47:36,823 RandomForest Start
2020-07-28 20:47:37,613 Score for RandomForest is 0.20474406991260924
2020-07-28 20:47:37,613 Run Time for Linear Regression is 0.0 minutes
2020-07-28 20:47:37,614 RandomForest Start
2020-07-28 20:47:38,403 Score for RandomForest is 0.20524344569288389
2020-07-28 20:47:38,404 Run Time for Linear Regression is 0.0 minutes
2020-07-28 20:47:38,405 RandomForest Start
2020-07-28 20:47:39,085 Score for RandomForest is 0.21697877652933834
2020-07-28 20:47:39,086 Run Time for Linear Regression is 0.0 minutes
2020-07-28 20:47:39,087 RandomForest Start
2020-07-28 20:47:39,753 Score for RandomForest is 0.2184769038701623
2020-07-28 20:47:39,754 Run Time for Linear Regression is 0.0 minutes
2020-07-28 20:47:39,756 RandomForest Start
2020-07-28 20:47:40,417 Score for RandomForest is 0.2389513108614232
2020-07-28 20:47:40,417 Run Time for Linear Regression is 0.0 minutes
2020-07-28 20:47:40,608 RandomForest Start
2020-07-28 20:47:41,931 Score for RandomForest is 0.10262172284644194
2020-07-28 20:47:41,931 Run Time for Linear Regression is 0.0 minutes
2020-07-28 20:47:42,054 XGboost Start
2020-07-28 20:47:43,008 Score for XGboost is 0.14681647940074907
2020-07-28 20:47:43,008 Run Time for Linear Regression is 0.0 minutes
2020-07-28 20:47:43,009 XGboost Start
2020-07-28 20:47:43,858 Score for XGboost is 0.132334581772784
2020-07-28 20:47:43,858 Run Time for Linear Regression is 0.0 minutes
2020-07-28 20:47:43,859 XGboost Start
2020-07-28 20:47:44,691 Score for XGboost is 0.1146067415730337
2020-07-28 20:47:44,691 Run Time for Linear Regression is 0.0 minutes
2020-07-28 20:47:44,692 XGboost Start
2020-07-28 20:47:45,616 Score for XGboost is 0.09762796504369538
2020-07-28 20:47:45,616 Run Time for Linear Regression is 0.0 minutes
2020-07-28 20:47:45,617 XGboost Start
2020-07-28 20:47:46,532 Score for XGboost is 0.08764044943820225
2020-07-28 20:47:46,532 Run Time for Linear Regression is 0.0 minutes
2020-07-28 20:47:46,533 XGboost Start
2020-07-28 20:47:47,332 Score for XGboost is 0.08514357053682896
2020-07-28 20:47:47,333 Run Time for Linear Regression is 0.0 minutes
2020-07-28 20:47:47,333 XGboost Start
2020-07-28 20:47:48,204 Score for XGboost is 0.09238451935081149
2020-07-28 20:47:48,204 Run Time for Linear Regression is 0.0 minutes
2020-07-28 20:47:48,204 XGboost Start
2020-07-28 20:47:48,617 Score for XGboost is 0.18127340823970037
2020-07-28 20:47:48,617 Run Time for Linear Regression is 0.0 minutes
2020-07-28 20:47:48,618 XGboost Start
2020-07-28 20:47:49,088 Score for XGboost is 0.1470661672908864
2020-07-28 20:47:49,088 Run Time for Linear Regression is 0.0 minutes
2020-07-28 20:47:49,088 XGboost Start
2020-07-28 20:47:49,645 Score for XGboost is 0.1303370786516854
2020-07-28 20:47:49,645 Run Time for Linear Regression is 0.0 minutes
2020-07-28 20:47:49,646 XGboost Start
2020-07-28 20:47:50,353 Score for XGboost is 0.11610486891385768
2020-07-28 20:47:50,353 Run Time for Linear Regression is 0.0 minutes
2020-07-28 20:47:50,354 XGboost Start
2020-07-28 20:47:51,093 Score for XGboost is 0.1066167290886392
2020-07-28 20:47:51,093 Run Time for Linear Regression is 0.0 minutes
2020-07-28 20:47:51,094 XGboost Start
2020-07-28 20:47:52,342 Score for XGboost is 0.08838951310861423
2020-07-28 20:47:52,343 Run Time for Linear Regression is 0.0 minutes
2020-07-28 20:47:52,343 XGboost Start
2020-07-28 20:47:55,263 Score for XGboost is 0.08414481897627965
2020-07-28 20:47:55,263 Run Time for Linear Regression is 0.0 minutes
2020-07-28 20:47:55,264 XGboost Start
2020-07-28 20:48:00,252 Score for XGboost is 0.09013732833957554
2020-07-28 20:48:00,252 Run Time for Linear Regression is 0.0 minutes
2020-07-28 20:48:00,253 XGboost Start
2020-07-28 20:48:00,422 Score for XGboost is 0.1752808988764045
2020-07-28 20:48:00,422 Run Time for Linear Regression is 0.0 minutes
2020-07-28 20:48:00,423 XGboost Start
2020-07-28 20:48:00,606 Score for XGboost is 0.1637952559300874
2020-07-28 20:48:00,606 Run Time for Linear Regression is 0.0 minutes
2020-07-28 20:48:00,607 XGboost Start
2020-07-28 20:48:00,802 Score for XGboost is 0.1655430711610487
2020-07-28 20:48:00,802 Run Time for Linear Regression is 0.0 minutes
2020-07-28 20:48:00,803 XGboost Start
2020-07-28 20:48:01,003 Score for XGboost is 0.1630461922596754
2020-07-28 20:48:01,003 Run Time for Linear Regression is 0.0 minutes
2020-07-28 20:48:01,004 XGboost Start
2020-07-28 20:48:01,221 Score for XGboost is 0.16279650436953808
2020-07-28 20:48:01,221 Run Time for Linear Regression is 0.0 minutes
2020-07-28 20:48:01,222 XGboost Start
2020-07-28 20:48:01,514 Score for XGboost is 0.1470661672908864
2020-07-28 20:48:01,515 Run Time for Linear Regression is 0.0 minutes
2020-07-28 20:48:01,515 XGboost Start
2020-07-28 20:48:01,873 Score for XGboost is 0.14332084893882646
2020-07-28 20:48:01,873 Run Time for Linear Regression is 0.0 minutes
2020-07-28 20:48:01,874 XGboost Start
2020-07-28 20:48:02,280 Score for XGboost is 0.1365792759051186
2020-07-28 20:48:02,281 Run Time for Linear Regression is 0.0 minutes
2020-07-28 20:48:02,282 XGboost Start
2020-07-28 20:48:02,875 Score for XGboost is 0.12484394506866417
2020-07-28 20:48:02,876 Run Time for Linear Regression is 0.0 minutes
2020-07-28 20:48:02,876 XGboost Start
2020-07-28 20:48:03,522 Score for XGboost is 0.12134831460674157
2020-07-28 20:48:03,523 Run Time for Linear Regression is 0.0 minutes
2020-07-28 20:48:03,524 XGboost Start
2020-07-28 20:48:04,312 Score for XGboost is 0.11310861423220973
2020-07-28 20:48:04,312 Run Time for Linear Regression is 0.0 minutes
2020-07-28 20:48:04,313 XGboost Start
2020-07-28 20:48:05,246 Score for XGboost is 0.10461922596754057
2020-07-28 20:48:05,247 Run Time for Linear Regression is 0.0 minutes
2020-07-28 20:49:30,116 Logistic Regression Start
2020-07-28 20:49:30,356 Score for Logistic Regression is 0.10461922596754057
2020-07-28 20:49:30,356 Run Time for Linear Regression is 0.0 minutes
2020-07-28 20:49:31,411 RandomForest Start
2020-07-28 20:49:31,998 Score for RandomForest is 0.26541822721598
2020-07-28 20:49:31,998 Run Time for Linear Regression is 0.0 minutes
2020-07-28 20:49:31,999 RandomForest Start
2020-07-28 20:49:32,614 Score for RandomForest is 0.2574282147315855
2020-07-28 20:49:32,614 Run Time for Linear Regression is 0.0 minutes
2020-07-28 20:49:32,615 RandomForest Start
2020-07-28 20:49:33,214 Score for RandomForest is 0.24344569288389514
2020-07-28 20:49:33,214 Run Time for Linear Regression is 0.0 minutes
2020-07-28 20:49:33,214 RandomForest Start
2020-07-28 20:49:33,835 Score for RandomForest is 0.2177278401997503
2020-07-28 20:49:33,835 Run Time for Linear Regression is 0.0 minutes
2020-07-28 20:49:33,836 RandomForest Start
2020-07-28 20:49:34,442 Score for RandomForest is 0.21423220973782772
2020-07-28 20:49:34,442 Run Time for Linear Regression is 0.0 minutes
2020-07-28 20:49:34,443 RandomForest Start
2020-07-28 20:49:35,105 Score for RandomForest is 0.17328339575530588
2020-07-28 20:49:35,105 Run Time for Linear Regression is 0.0 minutes
2020-07-28 20:49:35,106 RandomForest Start
2020-07-28 20:49:35,739 Score for RandomForest is 0.13632958801498127
2020-07-28 20:49:35,740 Run Time for Linear Regression is 0.0 minutes
2020-07-28 20:49:35,740 RandomForest Start
2020-07-28 20:49:36,530 Score for RandomForest is 0.11210986267166043
2020-07-28 20:49:36,531 Run Time for Linear Regression is 0.0 minutes
2020-07-28 20:49:36,531 RandomForest Start
2020-07-28 20:49:37,318 Score for RandomForest is 0.10561797752808989
2020-07-28 20:49:37,318 Run Time for Linear Regression is 0.0 minutes
2020-07-28 20:49:37,319 RandomForest Start
2020-07-28 20:49:37,493 Score for RandomForest is 0.17128589263420724
2020-07-28 20:49:37,493 Run Time for Linear Regression is 0.0 minutes
2020-07-28 20:49:37,494 RandomForest Start
2020-07-28 20:49:37,873 Score for RandomForest is 0.18002496878901372
2020-07-28 20:49:37,873 Run Time for Linear Regression is 0.0 minutes
2020-07-28 20:49:37,873 RandomForest Start
2020-07-28 20:49:38,262 Score for RandomForest is 0.13632958801498127
2020-07-28 20:49:38,262 Run Time for Linear Regression is 0.0 minutes
2020-07-28 20:49:38,263 RandomForest Start
2020-07-28 20:49:38,654 Score for RandomForest is 0.1418227215980025
2020-07-28 20:49:38,654 Run Time for Linear Regression is 0.0 minutes
2020-07-28 20:49:38,655 RandomForest Start
2020-07-28 20:49:39,061 Score for RandomForest is 0.12659176029962546
2020-07-28 20:49:39,061 Run Time for Linear Regression is 0.0 minutes
2020-07-28 20:49:39,062 RandomForest Start
2020-07-28 20:49:39,475 Score for RandomForest is 0.1118601747815231
2020-07-28 20:49:39,475 Run Time for Linear Regression is 0.0 minutes
2020-07-28 20:49:39,476 RandomForest Start
2020-07-28 20:49:39,891 Score for RandomForest is 0.10786516853932585
2020-07-28 20:49:39,891 Run Time for Linear Regression is 0.0 minutes
2020-07-28 20:49:39,892 RandomForest Start
2020-07-28 20:49:40,327 Score for RandomForest is 0.10511860174781523
2020-07-28 20:49:40,327 Run Time for Linear Regression is 0.0 minutes
2020-07-28 20:49:40,328 RandomForest Start
2020-07-28 20:49:40,902 Score for RandomForest is 0.10886392009987515
2020-07-28 20:49:40,902 Run Time for Linear Regression is 0.0 minutes
2020-07-28 20:49:40,903 RandomForest Start
2020-07-28 20:49:41,497 Score for RandomForest is 0.1066167290886392
2020-07-28 20:49:41,497 Run Time for Linear Regression is 0.0 minutes
2020-07-28 20:49:41,497 RandomForest Start
2020-07-28 20:49:42,098 Score for RandomForest is 0.10411985018726591
2020-07-28 20:49:42,098 Run Time for Linear Regression is 0.0 minutes
2020-07-28 20:49:42,099 RandomForest Start
2020-07-28 20:49:42,906 Score for RandomForest is 0.10536828963795256
2020-07-28 20:49:42,906 Run Time for Linear Regression is 0.0 minutes
2020-07-28 20:49:42,907 RandomForest Start
2020-07-28 20:49:43,717 Score for RandomForest is 0.10536828963795256
2020-07-28 20:49:43,717 Run Time for Linear Regression is 0.0 minutes
2020-07-28 20:49:43,720 RandomForest Start
2020-07-28 20:49:45,026 Score for RandomForest is 0.10162297128589264
2020-07-28 20:49:45,027 Run Time for Linear Regression is 0.0 minutes
2020-07-28 20:49:45,029 RandomForest Start
2020-07-28 20:49:45,836 Score for RandomForest is 0.10536828963795256
2020-07-28 20:49:45,836 Run Time for Linear Regression is 0.0 minutes
2020-07-28 20:49:45,837 RandomForest Start
2020-07-28 20:49:46,684 Score for RandomForest is 0.1083645443196005
2020-07-28 20:49:46,685 Run Time for Linear Regression is 0.0 minutes
2020-07-28 20:49:46,685 RandomForest Start
2020-07-28 20:49:47,748 Score for RandomForest is 0.1066167290886392
2020-07-28 20:49:47,749 Run Time for Linear Regression is 0.0 minutes
2020-07-28 20:49:47,749 RandomForest Start
2020-07-28 20:49:48,637 Score for RandomForest is 0.10986267166042447
2020-07-28 20:49:48,637 Run Time for Linear Regression is 0.0 minutes
2020-07-28 20:49:48,638 RandomForest Start
2020-07-28 20:49:49,592 Score for RandomForest is 0.10536828963795256
2020-07-28 20:49:49,592 Run Time for Linear Regression is 0.0 minutes
2020-07-28 20:49:49,593 RandomForest Start
2020-07-28 20:49:50,208 Score for RandomForest is 0.16329588014981272
2020-07-28 20:49:50,209 Run Time for Linear Regression is 0.0 minutes
2020-07-28 20:49:50,209 RandomForest Start
2020-07-28 20:49:50,826 Score for RandomForest is 0.1822721598002497
2020-07-28 20:49:50,826 Run Time for Linear Regression is 0.0 minutes
2020-07-28 20:49:50,826 RandomForest Start
2020-07-28 20:49:51,553 Score for RandomForest is 0.18626716604244695
2020-07-28 20:49:51,553 Run Time for Linear Regression is 0.0 minutes
2020-07-28 20:49:51,554 RandomForest Start
2020-07-28 20:49:52,502 Score for RandomForest is 0.19425717852684146
2020-07-28 20:49:52,502 Run Time for Linear Regression is 0.0 minutes
2020-07-28 20:49:52,503 RandomForest Start
2020-07-28 20:49:53,424 Score for RandomForest is 0.20199750312109863
2020-07-28 20:49:53,424 Run Time for Linear Regression is 0.0 minutes
2020-07-28 20:49:53,425 RandomForest Start
2020-07-28 20:49:54,415 Score for RandomForest is 0.20474406991260924
2020-07-28 20:49:54,416 Run Time for Linear Regression is 0.0 minutes
2020-07-28 20:49:54,417 RandomForest Start
2020-07-28 20:49:55,380 Score for RandomForest is 0.20524344569288389
2020-07-28 20:49:55,380 Run Time for Linear Regression is 0.0 minutes
2020-07-28 20:49:55,382 RandomForest Start
2020-07-28 20:49:56,460 Score for RandomForest is 0.21697877652933834
2020-07-28 20:49:56,460 Run Time for Linear Regression is 0.0 minutes
2020-07-28 20:49:56,461 RandomForest Start
2020-07-28 20:49:57,390 Score for RandomForest is 0.2184769038701623
2020-07-28 20:49:57,390 Run Time for Linear Regression is 0.0 minutes
2020-07-28 20:49:57,391 RandomForest Start
2020-07-28 20:49:58,294 Score for RandomForest is 0.2389513108614232
2020-07-28 20:49:58,294 Run Time for Linear Regression is 0.0 minutes
2020-07-28 20:49:58,573 RandomForest Start
2020-07-28 20:49:59,935 Score for RandomForest is 0.10262172284644194
2020-07-28 20:49:59,935 Run Time for Linear Regression is 0.0 minutes
2020-07-28 20:50:00,066 XGboost Start
2020-07-28 20:50:01,084 Score for XGboost is 0.14681647940074907
2020-07-28 20:50:01,084 Run Time for Linear Regression is 0.0 minutes
2020-07-28 20:50:01,085 XGboost Start
2020-07-28 20:50:01,973 Score for XGboost is 0.132334581772784
2020-07-28 20:50:01,973 Run Time for Linear Regression is 0.0 minutes
2020-07-28 20:50:01,974 XGboost Start
2020-07-28 20:50:02,874 Score for XGboost is 0.1146067415730337
2020-07-28 20:50:02,874 Run Time for Linear Regression is 0.0 minutes
2020-07-28 20:50:02,875 XGboost Start
2020-07-28 20:50:03,816 Score for XGboost is 0.09762796504369538
2020-07-28 20:50:03,816 Run Time for Linear Regression is 0.0 minutes
2020-07-28 20:50:03,817 XGboost Start
2020-07-28 20:50:04,933 Score for XGboost is 0.08764044943820225
2020-07-28 20:50:04,933 Run Time for Linear Regression is 0.0 minutes
2020-07-28 20:50:04,935 XGboost Start
2020-07-28 20:50:06,418 Score for XGboost is 0.08514357053682896
2020-07-28 20:50:06,419 Run Time for Linear Regression is 0.0 minutes
2020-07-28 20:50:06,420 XGboost Start
2020-07-28 20:50:07,730 Score for XGboost is 0.09238451935081149
2020-07-28 20:50:07,730 Run Time for Linear Regression is 0.0 minutes
2020-07-28 20:50:07,731 XGboost Start
2020-07-28 20:50:08,200 Score for XGboost is 0.18127340823970037
2020-07-28 20:50:08,200 Run Time for Linear Regression is 0.0 minutes
2020-07-28 20:50:08,201 XGboost Start
2020-07-28 20:50:08,700 Score for XGboost is 0.1470661672908864
2020-07-28 20:50:08,700 Run Time for Linear Regression is 0.0 minutes
2020-07-28 20:50:08,701 XGboost Start
2020-07-28 20:50:09,318 Score for XGboost is 0.1303370786516854
2020-07-28 20:50:09,318 Run Time for Linear Regression is 0.0 minutes
2020-07-28 20:50:09,319 XGboost Start
2020-07-28 20:50:10,085 Score for XGboost is 0.11610486891385768
2020-07-28 20:50:10,085 Run Time for Linear Regression is 0.0 minutes
2020-07-28 20:50:10,086 XGboost Start
2020-07-28 20:50:10,864 Score for XGboost is 0.1066167290886392
2020-07-28 20:50:10,865 Run Time for Linear Regression is 0.0 minutes
2020-07-28 20:50:10,866 XGboost Start
2020-07-28 20:50:12,614 Score for XGboost is 0.08838951310861423
2020-07-28 20:50:12,614 Run Time for Linear Regression is 0.0 minutes
2020-07-28 20:50:12,615 XGboost Start
2020-07-28 20:50:15,334 Score for XGboost is 0.08414481897627965
2020-07-28 20:50:15,335 Run Time for Linear Regression is 0.0 minutes
2020-07-28 20:50:15,335 XGboost Start
2020-07-28 20:50:19,670 Score for XGboost is 0.09013732833957554
2020-07-28 20:50:19,671 Run Time for Linear Regression is 0.0 minutes
2020-07-28 20:50:19,671 XGboost Start
2020-07-28 20:50:19,820 Score for XGboost is 0.1752808988764045
2020-07-28 20:50:19,821 Run Time for Linear Regression is 0.0 minutes
2020-07-28 20:50:19,821 XGboost Start
2020-07-28 20:50:19,978 Score for XGboost is 0.1637952559300874
2020-07-28 20:50:19,979 Run Time for Linear Regression is 0.0 minutes
2020-07-28 20:50:19,979 XGboost Start
2020-07-28 20:50:20,143 Score for XGboost is 0.1655430711610487
2020-07-28 20:50:20,143 Run Time for Linear Regression is 0.0 minutes
2020-07-28 20:50:20,143 XGboost Start
2020-07-28 20:50:20,316 Score for XGboost is 0.1630461922596754
2020-07-28 20:50:20,316 Run Time for Linear Regression is 0.0 minutes
2020-07-28 20:50:20,316 XGboost Start
2020-07-28 20:50:20,499 Score for XGboost is 0.16279650436953808
2020-07-28 20:50:20,500 Run Time for Linear Regression is 0.0 minutes
2020-07-28 20:50:20,500 XGboost Start
2020-07-28 20:50:20,794 Score for XGboost is 0.1470661672908864
2020-07-28 20:50:20,794 Run Time for Linear Regression is 0.0 minutes
2020-07-28 20:50:20,795 XGboost Start
2020-07-28 20:50:21,229 Score for XGboost is 0.14332084893882646
2020-07-28 20:50:21,229 Run Time for Linear Regression is 0.0 minutes
2020-07-28 20:50:21,230 XGboost Start
2020-07-28 20:50:21,744 Score for XGboost is 0.1365792759051186
2020-07-28 20:50:21,745 Run Time for Linear Regression is 0.0 minutes
2020-07-28 20:50:21,746 XGboost Start
2020-07-28 20:50:22,394 Score for XGboost is 0.12484394506866417
2020-07-28 20:50:22,394 Run Time for Linear Regression is 0.0 minutes
2020-07-28 20:50:22,395 XGboost Start
2020-07-28 20:50:23,112 Score for XGboost is 0.12134831460674157
2020-07-28 20:50:23,112 Run Time for Linear Regression is 0.0 minutes
2020-07-28 20:50:23,113 XGboost Start
2020-07-28 20:50:23,930 Score for XGboost is 0.11310861423220973
2020-07-28 20:50:23,930 Run Time for Linear Regression is 0.0 minutes
2020-07-28 20:50:23,931 XGboost Start
2020-07-28 20:50:24,765 Score for XGboost is 0.10461922596754057
2020-07-28 20:50:24,766 Run Time for Linear Regression is 0.0 minutes
2020-07-29 08:45:35,057 Logistic Regression Start
2020-07-29 08:45:35,307 Score for Logistic Regression is 0.10461922596754057
2020-07-29 08:45:35,307 Run Time for Linear Regression is 0.0 minutes
2020-07-29 08:45:40,890 RandomForest Start
2020-07-29 08:45:41,498 Score for RandomForest is 0.26541822721598
2020-07-29 08:45:41,498 Run Time for Linear Regression is 0.0 minutes
2020-07-29 08:45:41,499 RandomForest Start
2020-07-29 08:45:42,260 Score for RandomForest is 0.2574282147315855
2020-07-29 08:45:42,260 Run Time for Linear Regression is 0.0 minutes
2020-07-29 08:45:42,262 RandomForest Start
2020-07-29 08:45:43,039 Score for RandomForest is 0.24344569288389514
2020-07-29 08:45:43,039 Run Time for Linear Regression is 0.0 minutes
2020-07-29 08:45:43,040 RandomForest Start
2020-07-29 08:45:43,652 Score for RandomForest is 0.2177278401997503
2020-07-29 08:45:43,652 Run Time for Linear Regression is 0.0 minutes
2020-07-29 08:45:43,653 RandomForest Start
2020-07-29 08:45:44,284 Score for RandomForest is 0.21423220973782772
2020-07-29 08:45:44,284 Run Time for Linear Regression is 0.0 minutes
2020-07-29 08:45:44,285 RandomForest Start
2020-07-29 08:45:44,909 Score for RandomForest is 0.17328339575530588
2020-07-29 08:45:44,909 Run Time for Linear Regression is 0.0 minutes
2020-07-29 08:45:44,910 RandomForest Start
2020-07-29 08:45:45,726 Score for RandomForest is 0.13632958801498127
2020-07-29 08:45:45,727 Run Time for Linear Regression is 0.0 minutes
2020-07-29 08:45:45,731 RandomForest Start
2020-07-29 08:45:46,579 Score for RandomForest is 0.11210986267166043
2020-07-29 08:45:46,579 Run Time for Linear Regression is 0.0 minutes
2020-07-29 08:45:46,580 RandomForest Start
2020-07-29 08:45:47,386 Score for RandomForest is 0.10561797752808989
2020-07-29 08:45:47,386 Run Time for Linear Regression is 0.0 minutes
2020-07-29 08:45:47,387 RandomForest Start
2020-07-29 08:45:47,570 Score for RandomForest is 0.17128589263420724
2020-07-29 08:45:47,570 Run Time for Linear Regression is 0.0 minutes
2020-07-29 08:45:47,571 RandomForest Start
2020-07-29 08:45:47,973 Score for RandomForest is 0.18002496878901372
2020-07-29 08:45:47,973 Run Time for Linear Regression is 0.0 minutes
2020-07-29 08:45:47,974 RandomForest Start
2020-07-29 08:45:48,353 Score for RandomForest is 0.13632958801498127
2020-07-29 08:45:48,353 Run Time for Linear Regression is 0.0 minutes
2020-07-29 08:45:48,354 RandomForest Start
2020-07-29 08:45:48,740 Score for RandomForest is 0.1418227215980025
2020-07-29 08:45:48,741 Run Time for Linear Regression is 0.0 minutes
2020-07-29 08:45:48,742 RandomForest Start
2020-07-29 08:45:49,148 Score for RandomForest is 0.12659176029962546
2020-07-29 08:45:49,148 Run Time for Linear Regression is 0.0 minutes
2020-07-29 08:45:49,150 RandomForest Start
2020-07-29 08:45:49,580 Score for RandomForest is 0.1118601747815231
2020-07-29 08:45:49,580 Run Time for Linear Regression is 0.0 minutes
2020-07-29 08:45:49,580 RandomForest Start
2020-07-29 08:45:50,017 Score for RandomForest is 0.10786516853932585
2020-07-29 08:45:50,017 Run Time for Linear Regression is 0.0 minutes
2020-07-29 08:45:50,018 RandomForest Start
2020-07-29 08:45:50,474 Score for RandomForest is 0.10511860174781523
2020-07-29 08:45:50,474 Run Time for Linear Regression is 0.0 minutes
2020-07-29 08:45:50,475 RandomForest Start
2020-07-29 08:45:51,186 Score for RandomForest is 0.10886392009987515
2020-07-29 08:45:51,187 Run Time for Linear Regression is 0.0 minutes
2020-07-29 08:45:51,187 RandomForest Start
2020-07-29 08:45:51,946 Score for RandomForest is 0.1066167290886392
2020-07-29 08:45:51,946 Run Time for Linear Regression is 0.0 minutes
2020-07-29 08:45:51,947 RandomForest Start
2020-07-29 08:45:52,735 Score for RandomForest is 0.10411985018726591
2020-07-29 08:45:52,735 Run Time for Linear Regression is 0.0 minutes
2020-07-29 08:45:52,736 RandomForest Start
2020-07-29 08:45:53,725 Score for RandomForest is 0.10536828963795256
2020-07-29 08:45:53,725 Run Time for Linear Regression is 0.0 minutes
2020-07-29 08:45:53,726 RandomForest Start
2020-07-29 08:45:54,686 Score for RandomForest is 0.10536828963795256
2020-07-29 08:45:54,687 Run Time for Linear Regression is 0.0 minutes
2020-07-29 08:45:54,687 RandomForest Start
2020-07-29 08:45:56,551 Score for RandomForest is 0.10162297128589264
2020-07-29 08:45:56,552 Run Time for Linear Regression is 0.0 minutes
2020-07-29 08:45:56,555 RandomForest Start
2020-07-29 08:45:57,565 Score for RandomForest is 0.10536828963795256
2020-07-29 08:45:57,565 Run Time for Linear Regression is 0.0 minutes
2020-07-29 08:45:57,568 RandomForest Start
2020-07-29 08:45:58,565 Score for RandomForest is 0.1083645443196005
2020-07-29 08:45:58,566 Run Time for Linear Regression is 0.0 minutes
2020-07-29 08:45:58,568 RandomForest Start
2020-07-29 08:45:59,965 Score for RandomForest is 0.1066167290886392
2020-07-29 08:45:59,965 Run Time for Linear Regression is 0.0 minutes
2020-07-29 08:45:59,966 RandomForest Start
2020-07-29 08:46:01,019 Score for RandomForest is 0.10986267166042447
2020-07-29 08:46:01,020 Run Time for Linear Regression is 0.0 minutes
2020-07-29 08:46:01,023 RandomForest Start
2020-07-29 08:46:02,032 Score for RandomForest is 0.10536828963795256
2020-07-29 08:46:02,032 Run Time for Linear Regression is 0.0 minutes
2020-07-29 08:46:02,033 RandomForest Start
2020-07-29 08:46:02,873 Score for RandomForest is 0.16329588014981272
2020-07-29 08:46:02,873 Run Time for Linear Regression is 0.0 minutes
2020-07-29 08:46:02,874 RandomForest Start
2020-07-29 08:46:03,741 Score for RandomForest is 0.1822721598002497
2020-07-29 08:46:03,741 Run Time for Linear Regression is 0.0 minutes
2020-07-29 08:46:03,743 RandomForest Start
2020-07-29 08:46:04,832 Score for RandomForest is 0.18626716604244695
2020-07-29 08:46:04,832 Run Time for Linear Regression is 0.0 minutes
2020-07-29 08:46:04,833 RandomForest Start
2020-07-29 08:46:05,715 Score for RandomForest is 0.19425717852684146
2020-07-29 08:46:05,716 Run Time for Linear Regression is 0.0 minutes
2020-07-29 08:46:05,720 RandomForest Start
2020-07-29 08:46:06,579 Score for RandomForest is 0.20199750312109863
2020-07-29 08:46:06,580 Run Time for Linear Regression is 0.0 minutes
2020-07-29 08:46:06,583 RandomForest Start
2020-07-29 08:46:07,314 Score for RandomForest is 0.20474406991260924
2020-07-29 08:46:07,314 Run Time for Linear Regression is 0.0 minutes
2020-07-29 08:46:07,315 RandomForest Start
2020-07-29 08:46:08,254 Score for RandomForest is 0.20524344569288389
2020-07-29 08:46:08,255 Run Time for Linear Regression is 0.0 minutes
2020-07-29 08:46:08,258 RandomForest Start
2020-07-29 08:46:09,185 Score for RandomForest is 0.21697877652933834
2020-07-29 08:46:09,185 Run Time for Linear Regression is 0.0 minutes
2020-07-29 08:46:09,186 RandomForest Start
2020-07-29 08:46:09,855 Score for RandomForest is 0.2184769038701623
2020-07-29 08:46:09,855 Run Time for Linear Regression is 0.0 minutes
2020-07-29 08:46:09,856 RandomForest Start
2020-07-29 08:46:10,547 Score for RandomForest is 0.2389513108614232
2020-07-29 08:46:10,548 Run Time for Linear Regression is 0.0 minutes
2020-07-29 08:46:39,515 RandomForest Start
2020-07-29 08:46:40,596 Score for RandomForest is 0.10262172284644194
2020-07-29 08:46:40,596 Run Time for Linear Regression is 0.0 minutes
2020-07-29 08:46:52,427 XGboost Start
2020-07-29 08:46:53,198 Score for XGboost is 0.14681647940074907
2020-07-29 08:46:53,198 Run Time for Linear Regression is 0.0 minutes
2020-07-29 08:46:53,200 XGboost Start
2020-07-29 08:46:53,947 Score for XGboost is 0.132334581772784
2020-07-29 08:46:53,947 Run Time for Linear Regression is 0.0 minutes
2020-07-29 08:46:53,948 XGboost Start
2020-07-29 08:46:54,660 Score for XGboost is 0.1146067415730337
2020-07-29 08:46:54,660 Run Time for Linear Regression is 0.0 minutes
2020-07-29 08:46:54,660 XGboost Start
2020-07-29 08:46:55,395 Score for XGboost is 0.09762796504369538
2020-07-29 08:46:55,395 Run Time for Linear Regression is 0.0 minutes
2020-07-29 08:46:55,396 XGboost Start
2020-07-29 08:46:56,135 Score for XGboost is 0.08764044943820225
2020-07-29 08:46:56,135 Run Time for Linear Regression is 0.0 minutes
2020-07-29 08:46:56,136 XGboost Start
2020-07-29 08:46:56,866 Score for XGboost is 0.08514357053682896
2020-07-29 08:46:56,866 Run Time for Linear Regression is 0.0 minutes
2020-07-29 08:46:56,867 XGboost Start
2020-07-29 08:46:57,627 Score for XGboost is 0.09238451935081149
2020-07-29 08:46:57,627 Run Time for Linear Regression is 0.0 minutes
2020-07-29 08:46:57,627 XGboost Start
2020-07-29 08:46:58,058 Score for XGboost is 0.18127340823970037
2020-07-29 08:46:58,058 Run Time for Linear Regression is 0.0 minutes
2020-07-29 08:46:58,059 XGboost Start
2020-07-29 08:46:58,576 Score for XGboost is 0.1470661672908864
2020-07-29 08:46:58,576 Run Time for Linear Regression is 0.0 minutes
2020-07-29 08:46:58,577 XGboost Start
2020-07-29 08:46:59,171 Score for XGboost is 0.1303370786516854
2020-07-29 08:46:59,171 Run Time for Linear Regression is 0.0 minutes
2020-07-29 08:46:59,172 XGboost Start
2020-07-29 08:46:59,859 Score for XGboost is 0.11610486891385768
2020-07-29 08:46:59,859 Run Time for Linear Regression is 0.0 minutes
2020-07-29 08:46:59,860 XGboost Start
2020-07-29 08:47:00,646 Score for XGboost is 0.1066167290886392
2020-07-29 08:47:00,646 Run Time for Linear Regression is 0.0 minutes
2020-07-29 08:47:00,647 XGboost Start
2020-07-29 08:47:01,979 Score for XGboost is 0.08838951310861423
2020-07-29 08:47:01,979 Run Time for Linear Regression is 0.0 minutes
2020-07-29 08:47:01,980 XGboost Start
2020-07-29 08:47:04,645 Score for XGboost is 0.08414481897627965
2020-07-29 08:47:04,645 Run Time for Linear Regression is 0.0 minutes
2020-07-29 08:47:04,646 XGboost Start
2020-07-29 08:47:09,477 Score for XGboost is 0.09013732833957554
2020-07-29 08:47:09,477 Run Time for Linear Regression is 0.0 minutes
2020-07-29 08:47:09,478 XGboost Start
2020-07-29 08:47:09,647 Score for XGboost is 0.1752808988764045
2020-07-29 08:47:09,647 Run Time for Linear Regression is 0.0 minutes
2020-07-29 08:47:09,648 XGboost Start
2020-07-29 08:47:09,831 Score for XGboost is 0.1637952559300874
2020-07-29 08:47:09,832 Run Time for Linear Regression is 0.0 minutes
2020-07-29 08:47:09,832 XGboost Start
2020-07-29 08:47:10,030 Score for XGboost is 0.1655430711610487
2020-07-29 08:47:10,031 Run Time for Linear Regression is 0.0 minutes
2020-07-29 08:47:10,031 XGboost Start
2020-07-29 08:47:10,242 Score for XGboost is 0.1630461922596754
2020-07-29 08:47:10,243 Run Time for Linear Regression is 0.0 minutes
2020-07-29 08:47:10,243 XGboost Start
2020-07-29 08:47:10,459 Score for XGboost is 0.16279650436953808
2020-07-29 08:47:10,459 Run Time for Linear Regression is 0.0 minutes
2020-07-29 08:47:10,459 XGboost Start
2020-07-29 08:47:10,735 Score for XGboost is 0.1470661672908864
2020-07-29 08:47:10,735 Run Time for Linear Regression is 0.0 minutes
2020-07-29 08:47:10,736 XGboost Start
2020-07-29 08:47:11,053 Score for XGboost is 0.14332084893882646
2020-07-29 08:47:11,053 Run Time for Linear Regression is 0.0 minutes
2020-07-29 08:47:11,054 XGboost Start
2020-07-29 08:47:11,413 Score for XGboost is 0.1365792759051186
2020-07-29 08:47:11,413 Run Time for Linear Regression is 0.0 minutes
2020-07-29 08:47:11,414 XGboost Start
2020-07-29 08:47:11,870 Score for XGboost is 0.12484394506866417
2020-07-29 08:47:11,870 Run Time for Linear Regression is 0.0 minutes
2020-07-29 08:47:11,871 XGboost Start
2020-07-29 08:47:12,462 Score for XGboost is 0.12134831460674157
2020-07-29 08:47:12,462 Run Time for Linear Regression is 0.0 minutes
2020-07-29 08:47:12,463 XGboost Start
2020-07-29 08:47:13,156 Score for XGboost is 0.11310861423220973
2020-07-29 08:47:13,156 Run Time for Linear Regression is 0.0 minutes
2020-07-29 08:47:13,157 XGboost Start
2020-07-29 08:47:14,078 Score for XGboost is 0.10461922596754057
2020-07-29 08:47:14,078 Run Time for Linear Regression is 0.0 minutes
2020-07-29 08:47:28,050 XGboost Start
2020-07-29 08:47:30,315 Score for XGboost is 0.09113607990012484
2020-07-29 08:47:30,316 Run Time for Linear Regression is 0.0 minutes
2020-07-29 08:47:33,320 LGboost Start
2020-07-29 08:47:33,641 Score for LGboost is 0.1181023720349563
2020-07-29 08:47:33,642 Run Time for Linear Regression is 0.0 minutes
2020-07-29 08:47:33,644 LGboost Start
2020-07-29 08:47:33,956 Score for LGboost is 0.10486891385767791
2020-07-29 08:47:33,956 Run Time for Linear Regression is 0.0 minutes
2020-07-29 08:47:33,957 LGboost Start
2020-07-29 08:47:34,269 Score for LGboost is 0.10087390761548065
2020-07-29 08:47:34,269 Run Time for Linear Regression is 0.0 minutes
2020-07-29 08:47:34,270 LGboost Start
2020-07-29 08:47:34,571 Score for LGboost is 0.09787765293383272
2020-07-29 08:47:34,571 Run Time for Linear Regression is 0.0 minutes
2020-07-29 08:47:34,572 LGboost Start
2020-07-29 08:47:34,887 Score for LGboost is 0.09213483146067415
2020-07-29 08:47:34,888 Run Time for Linear Regression is 0.0 minutes
2020-07-29 08:47:34,888 LGboost Start
2020-07-29 08:47:35,286 Score for LGboost is 0.099625468164794
2020-07-29 08:47:35,287 Run Time for Linear Regression is 0.0 minutes
2020-07-29 08:47:35,287 LGboost Start
2020-07-29 08:47:35,681 Score for LGboost is 0.10112359550561797
2020-07-29 08:47:35,681 Run Time for Linear Regression is 0.0 minutes
2020-07-29 08:47:35,682 LGboost Start
2020-07-29 08:47:35,849 Score for LGboost is 0.21223470661672908
2020-07-29 08:47:35,850 Run Time for Linear Regression is 0.0 minutes
2020-07-29 08:47:35,850 LGboost Start
2020-07-29 08:47:36,053 Score for LGboost is 0.16254681647940075
2020-07-29 08:47:36,054 Run Time for Linear Regression is 0.0 minutes
2020-07-29 08:47:36,054 LGboost Start
2020-07-29 08:47:36,296 Score for LGboost is 0.14132334581772785
2020-07-29 08:47:36,296 Run Time for Linear Regression is 0.0 minutes
2020-07-29 08:47:36,297 LGboost Start
2020-07-29 08:47:36,577 Score for LGboost is 0.12908863920099875
2020-07-29 08:47:36,577 Run Time for Linear Regression is 0.0 minutes
2020-07-29 08:47:36,578 LGboost Start
2020-07-29 08:47:36,888 Score for LGboost is 0.12309612983770288
2020-07-29 08:47:36,888 Run Time for Linear Regression is 0.0 minutes
2020-07-29 08:47:36,889 LGboost Start
2020-07-29 08:47:37,250 Score for LGboost is 0.11385767790262172
2020-07-29 08:47:37,250 Run Time for Linear Regression is 0.0 minutes
2020-07-29 08:47:37,251 LGboost Start
2020-07-29 08:47:37,660 Score for LGboost is 0.11210986267166043
2020-07-29 08:47:37,660 Run Time for Linear Regression is 0.0 minutes
2020-07-29 08:47:37,661 LGboost Start
2020-07-29 08:47:38,050 Score for LGboost is 0.1101123595505618
2020-07-29 08:47:38,050 Run Time for Linear Regression is 0.0 minutes
2020-07-29 08:47:38,051 LGboost Start
2020-07-29 08:47:38,212 Score for LGboost is 0.21223470661672908
2020-07-29 08:47:38,212 Run Time for Linear Regression is 0.0 minutes
2020-07-29 08:47:38,213 LGboost Start
2020-07-29 08:47:38,435 Score for LGboost is 0.14357053682896379
2020-07-29 08:47:38,435 Run Time for Linear Regression is 0.0 minutes
2020-07-29 08:47:38,436 LGboost Start
2020-07-29 08:47:38,828 Score for LGboost is 0.10486891385767791
2020-07-29 08:47:38,829 Run Time for Linear Regression is 0.0 minutes
2020-07-29 08:47:38,829 LGboost Start
2020-07-29 08:47:39,693 Score for LGboost is 0.09188514357053683
2020-07-29 08:47:39,693 Run Time for Linear Regression is 0.0 minutes
2020-07-29 08:47:39,694 LGboost Start
2020-07-29 08:47:41,434 Score for LGboost is 0.09138576779026217
2020-07-29 08:47:41,435 Run Time for Linear Regression is 0.0 minutes
2020-07-29 08:47:41,436 LGboost Start
2020-07-29 08:47:43,779 Score for LGboost is 0.09138576779026217
2020-07-29 08:47:43,779 Run Time for Linear Regression is 0.0 minutes
2020-07-29 08:47:43,780 LGboost Start
2020-07-29 08:47:46,176 Score for LGboost is 0.09138576779026217
2020-07-29 08:47:46,176 Run Time for Linear Regression is 0.0 minutes
2020-07-29 08:47:46,177 LGboost Start
2020-07-29 08:47:46,280 Score for LGboost is 0.1675405742821473
2020-07-29 08:47:46,280 Run Time for Linear Regression is 0.0 minutes
2020-07-29 08:47:46,281 LGboost Start
2020-07-29 08:47:46,385 Score for LGboost is 0.15755305867665417
2020-07-29 08:47:46,386 Run Time for Linear Regression is 0.0 minutes
2020-07-29 08:47:46,386 LGboost Start
2020-07-29 08:47:46,492 Score for LGboost is 0.14731585518102372
2020-07-29 08:47:46,493 Run Time for Linear Regression is 0.0 minutes
2020-07-29 08:47:46,493 LGboost Start
2020-07-29 08:47:46,606 Score for LGboost is 0.14831460674157304
2020-07-29 08:47:46,606 Run Time for Linear Regression is 0.0 minutes
2020-07-29 08:47:46,607 LGboost Start
2020-07-29 08:47:46,733 Score for LGboost is 0.15006242197253433
2020-07-29 08:47:46,733 Run Time for Linear Regression is 0.0 minutes
2020-07-29 08:47:46,734 LGboost Start
2020-07-29 08:47:46,885 Score for LGboost is 0.13857677902621723
2020-07-29 08:47:46,885 Run Time for Linear Regression is 0.0 minutes
2020-07-29 08:47:46,886 LGboost Start
2020-07-29 08:47:47,049 Score for LGboost is 0.13433208489388265
2020-07-29 08:47:47,049 Run Time for Linear Regression is 0.0 minutes
2020-07-29 08:47:47,050 LGboost Start
2020-07-29 08:47:47,245 Score for LGboost is 0.12833957553058678
2020-07-29 08:47:47,245 Run Time for Linear Regression is 0.0 minutes
2020-07-29 08:47:47,246 LGboost Start
2020-07-29 08:47:47,475 Score for LGboost is 0.12059925093632959
2020-07-29 08:47:47,475 Run Time for Linear Regression is 0.0 minutes
2020-07-29 08:47:47,476 LGboost Start
2020-07-29 08:47:47,720 Score for LGboost is 0.11835205992509364
2020-07-29 08:47:47,720 Run Time for Linear Regression is 0.0 minutes
2020-07-29 08:47:47,721 LGboost Start
2020-07-29 08:47:48,020 Score for LGboost is 0.11335830212234707
2020-07-29 08:47:48,020 Run Time for Linear Regression is 0.0 minutes
2020-07-29 08:47:48,021 LGboost Start
2020-07-29 08:47:48,409 Score for LGboost is 0.10486891385767791
2020-07-29 08:47:48,409 Run Time for Linear Regression is 0.0 minutes
2020-07-29 08:47:48,410 LGboost Start
2020-07-29 08:47:48,764 Score for LGboost is 0.13008739076154807
2020-07-29 08:47:48,764 Run Time for Linear Regression is 0.0 minutes
2020-07-29 08:47:48,765 LGboost Start
2020-07-29 08:47:49,091 Score for LGboost is 0.1540574282147316
2020-07-29 08:47:49,092 Run Time for Linear Regression is 0.0 minutes
2020-07-29 08:47:49,092 LGboost Start
2020-07-29 08:47:49,359 Score for LGboost is 0.17028714107365792
2020-07-29 08:47:49,359 Run Time for Linear Regression is 0.0 minutes
2020-07-29 08:47:49,360 LGboost Start
2020-07-29 08:47:49,609 Score for LGboost is 0.19300873907615482
2020-07-29 08:47:49,610 Run Time for Linear Regression is 0.0 minutes
2020-07-29 08:47:49,610 LGboost Start
2020-07-29 08:47:49,844 Score for LGboost is 0.20299625468164795
2020-07-29 08:47:49,844 Run Time for Linear Regression is 0.0 minutes
2020-07-29 08:47:50,128 LGboost Start
2020-07-29 08:47:50,679 Score for LGboost is 0.1250936329588015
2020-07-29 08:47:50,679 Run Time for Linear Regression is 0.0 minutes
2020-07-29 08:49:41,578 Logistic Regression Start
2020-07-29 08:49:42,920 Score for Logistic Regression is {'fit_time': array([0.21747398, 0.25402641, 0.27097583, 0.25820732, 0.27476716]), 'score_time': array([0.0117588 , 0.01300216, 0.01187468, 0.01165485, 0.01053286]), 'test_mse': array([0.44604613, 0.28677379, 0.40832303, 0.21466831, 0.54058508]), 'test_accuracy': array([0.55395387, 0.71322621, 0.59167697, 0.78533169, 0.45941492])}
2020-07-29 08:49:42,920 Run Time for Logistic Regression is 0.0 minutes
2020-07-29 08:49:44,971 RandomForest Start
2020-07-29 08:49:56,693 Score for RandomForest is {'fit_time': array([5.11215782, 1.31351733, 1.50473952, 1.79568362, 1.33209181]), 'score_time': array([0.13479042, 0.12456489, 0.12373996, 0.12439489, 0.13001609]), 'test_mse': array([0.43616145, 0.23733004, 0.37247631, 0.09806345, 0.54923774]), 'test_accuracy': array([0.56383855, 0.76266996, 0.62752369, 0.90193655, 0.45076226])}
2020-07-29 08:49:56,694 Run Time for RandomForest is 0.0 minutes
2020-07-29 08:50:46,913 Logistic Regression Start
2020-07-29 08:50:48,315 Score for Logistic Regression is {'fit_time': array([0.23932147, 0.28300786, 0.28057218, 0.27006054, 0.26095486]), 'score_time': array([0.01233745, 0.01182914, 0.01235366, 0.01270103, 0.01110864]), 'test_mse': array([0.44604613, 0.28677379, 0.40832303, 0.21466831, 0.54058508]), 'test_accuracy': array([0.55395387, 0.71322621, 0.59167697, 0.78533169, 0.45941492])}
2020-07-29 08:50:48,315 Run Time for Logistic Regression is 0.0 minutes
2020-07-29 08:50:49,218 RandomForest Start
2020-07-29 08:50:56,654 Score for RandomForest is {'fit_time': array([0.91049862, 1.28276873, 1.40749097, 1.85909033, 1.34157777]), 'score_time': array([0.12073708, 0.12143111, 0.12519789, 0.12374997, 0.12206125]), 'test_mse': array([0.43616145, 0.23733004, 0.37247631, 0.09806345, 0.54923774]), 'test_accuracy': array([0.56383855, 0.76266996, 0.62752369, 0.90193655, 0.45076226])}
2020-07-29 08:50:56,654 Run Time for RandomForest is 0.0 minutes
2020-07-29 08:50:59,259 XGboost Start
2020-07-29 08:51:13,229 Score for XGboost is {'fit_time': array([2.54267716, 2.57897019, 3.03711653, 2.82070708, 2.62642169]), 'score_time': array([0.07209492, 0.07071424, 0.06088758, 0.05282688, 0.08932137]), 'test_mse': array([0.43574959, 0.28141739, 0.36258756, 0.09971158, 0.53646477]), 'test_accuracy': array([0.56425041, 0.71858261, 0.63741244, 0.90028842, 0.46353523])}
2020-07-29 08:51:13,229 Run Time for XGboost is 0.0 minutes
2020-07-29 08:51:13,940 LGboost Start
2020-07-29 08:51:17,796 Score for LGboost is {'fit_time': array([0.5479002 , 0.69109678, 0.79145432, 0.70950603, 0.76432347]), 'score_time': array([0.06298327, 0.06527662, 0.0776422 , 0.05862379, 0.07015014]), 'test_mse': array([0.44481054, 0.29583848, 0.4013185 , 0.11248455, 0.54182118]), 'test_accuracy': array([0.55518946, 0.70416152, 0.5986815 , 0.88751545, 0.45817882])}
2020-07-29 08:51:17,796 Run Time for LGboost is 0.0 minutes
2020-07-29 08:51:18,469 RandomForest Start
2020-07-29 08:51:19,728 Score for RandomForest is None
2020-07-29 08:51:19,728 Run Time for Linear Regression is 0.0 minutes
2020-07-29 08:51:19,986 findfont: Matching sans\-serif:style=normal:variant=normal:weight=normal:stretch=normal:size=10.0.
2020-07-29 08:51:19,986 findfont: score(<Font 'STIXSizeTwoSym' (STIXSizTwoSymReg.ttf) normal normal regular normal>) = 10.05
2020-07-29 08:51:19,986 findfont: score(<Font 'DejaVu Serif' (DejaVuSerif.ttf) normal normal 400 normal>) = 10.05
2020-07-29 08:51:19,986 findfont: score(<Font 'DejaVu Sans Mono' (DejaVuSansMono.ttf) normal normal 400 normal>) = 10.05
2020-07-29 08:51:19,987 findfont: score(<Font 'STIXSizeFourSym' (STIXSizFourSymBol.ttf) normal normal bold normal>) = 10.335
2020-07-29 08:51:19,987 findfont: score(<Font 'DejaVu Serif' (DejaVuSerif-Italic.ttf) italic normal 400 normal>) = 11.05
2020-07-29 08:51:19,987 findfont: score(<Font 'cmex10' (cmex10.ttf) normal normal 400 normal>) = 10.05
2020-07-29 08:51:19,987 findfont: score(<Font 'STIXSizeThreeSym' (STIXSizThreeSymReg.ttf) normal normal regular normal>) = 10.05
2020-07-29 08:51:19,987 findfont: score(<Font 'STIXSizeTwoSym' (STIXSizTwoSymBol.ttf) normal normal bold normal>) = 10.335
2020-07-29 08:51:19,987 findfont: score(<Font 'DejaVu Serif' (DejaVuSerif-BoldItalic.ttf) italic normal bold normal>) = 11.335
2020-07-29 08:51:19,987 findfont: score(<Font 'DejaVu Sans Mono' (DejaVuSansMono-BoldOblique.ttf) oblique normal bold normal>) = 11.335
2020-07-29 08:51:19,987 findfont: score(<Font 'DejaVu Sans' (DejaVuSans-BoldOblique.ttf) oblique normal bold normal>) = 3.335
2020-07-29 08:51:19,987 findfont: score(<Font 'DejaVu Sans' (DejaVuSans-Oblique.ttf) oblique normal 400 normal>) = 3.05
2020-07-29 08:51:19,987 findfont: score(<Font 'STIXSizeOneSym' (STIXSizOneSymReg.ttf) normal normal regular normal>) = 10.05
2020-07-29 08:51:19,987 findfont: score(<Font 'cmtt10' (cmtt10.ttf) normal normal 400 normal>) = 10.05
2020-07-29 08:51:19,987 findfont: score(<Font 'STIXSizeThreeSym' (STIXSizThreeSymBol.ttf) normal normal bold normal>) = 10.335
2020-07-29 08:51:19,987 findfont: score(<Font 'cmsy10' (cmsy10.ttf) normal normal 400 normal>) = 10.05
2020-07-29 08:51:19,988 findfont: score(<Font 'DejaVu Sans Mono' (DejaVuSansMono-Oblique.ttf) oblique normal 400 normal>) = 11.05
2020-07-29 08:51:19,988 findfont: score(<Font 'STIXGeneral' (STIXGeneralBol.ttf) normal normal bold normal>) = 10.335
2020-07-29 08:51:19,988 findfont: score(<Font 'cmr10' (cmr10.ttf) normal normal 400 normal>) = 10.05
2020-07-29 08:51:19,988 findfont: score(<Font 'DejaVu Sans Mono' (DejaVuSansMono-Bold.ttf) normal normal bold normal>) = 10.335
2020-07-29 08:51:19,988 findfont: score(<Font 'DejaVu Sans Display' (DejaVuSansDisplay.ttf) normal normal 400 normal>) = 10.05
2020-07-29 08:51:19,988 findfont: score(<Font 'STIXGeneral' (STIXGeneralBolIta.ttf) italic normal bold normal>) = 11.335
2020-07-29 08:51:19,988 findfont: score(<Font 'DejaVu Sans' (DejaVuSans.ttf) normal normal 400 normal>) = 2.05
2020-07-29 08:51:19,988 findfont: score(<Font 'STIXGeneral' (STIXGeneral.ttf) normal normal regular normal>) = 10.05
2020-07-29 08:51:19,988 findfont: score(<Font 'STIXSizeFiveSym' (STIXSizFiveSymReg.ttf) normal normal regular normal>) = 10.05
2020-07-29 08:51:19,988 findfont: score(<Font 'STIXNonUnicode' (STIXNonUniBolIta.ttf) italic normal bold normal>) = 11.335
2020-07-29 08:51:19,988 findfont: score(<Font 'DejaVu Serif Display' (DejaVuSerifDisplay.ttf) normal normal 400 normal>) = 10.05
2020-07-29 08:51:19,988 findfont: score(<Font 'STIXNonUnicode' (STIXNonUni.ttf) normal normal regular normal>) = 10.05
2020-07-29 08:51:19,988 findfont: score(<Font 'STIXSizeOneSym' (STIXSizOneSymBol.ttf) normal normal bold normal>) = 10.335
2020-07-29 08:51:19,988 findfont: score(<Font 'DejaVu Serif' (DejaVuSerif-Bold.ttf) normal normal bold normal>) = 10.335
2020-07-29 08:51:19,989 findfont: score(<Font 'cmmi10' (cmmi10.ttf) normal normal 400 normal>) = 10.05
2020-07-29 08:51:19,989 findfont: score(<Font 'cmb10' (cmb10.ttf) normal normal 400 normal>) = 10.05
2020-07-29 08:51:19,989 findfont: score(<Font 'cmss10' (cmss10.ttf) normal normal 400 normal>) = 10.05
2020-07-29 08:51:19,989 findfont: score(<Font 'DejaVu Sans' (DejaVuSans-Bold.ttf) normal normal bold normal>) = 2.335
2020-07-29 08:51:19,989 findfont: score(<Font 'STIXSizeFourSym' (STIXSizFourSymReg.ttf) normal normal regular normal>) = 10.05
2020-07-29 08:51:19,989 findfont: score(<Font 'STIXNonUnicode' (STIXNonUniIta.ttf) italic normal 400 normal>) = 11.05
2020-07-29 08:51:19,989 findfont: score(<Font 'STIXNonUnicode' (STIXNonUniBol.ttf) normal normal bold normal>) = 10.335
2020-07-29 08:51:19,989 findfont: score(<Font 'STIXGeneral' (STIXGeneralItalic.ttf) italic normal 400 normal>) = 11.05
2020-07-29 08:51:19,989 findfont: Matching sans\-serif:style=normal:variant=normal:weight=normal:stretch=normal:size=10.0 to DejaVu Sans ('/home/narquette/anaconda/envs/claims/lib/python3.7/site-packages/matplotlib/mpl-data/fonts/ttf/DejaVuSans.ttf') with score of 2.050000.
2020-07-29 08:51:19,996 findfont: Matching sans\-serif:style=normal:variant=normal:weight=normal:stretch=normal:size=12.0.
2020-07-29 08:51:19,996 findfont: score(<Font 'STIXSizeTwoSym' (STIXSizTwoSymReg.ttf) normal normal regular normal>) = 10.05
2020-07-29 08:51:19,996 findfont: score(<Font 'DejaVu Serif' (DejaVuSerif.ttf) normal normal 400 normal>) = 10.05
2020-07-29 08:51:19,996 findfont: score(<Font 'DejaVu Sans Mono' (DejaVuSansMono.ttf) normal normal 400 normal>) = 10.05
2020-07-29 08:51:19,997 findfont: score(<Font 'STIXSizeFourSym' (STIXSizFourSymBol.ttf) normal normal bold normal>) = 10.335
2020-07-29 08:51:19,997 findfont: score(<Font 'DejaVu Serif' (DejaVuSerif-Italic.ttf) italic normal 400 normal>) = 11.05
2020-07-29 08:51:19,997 findfont: score(<Font 'cmex10' (cmex10.ttf) normal normal 400 normal>) = 10.05
2020-07-29 08:51:19,997 findfont: score(<Font 'STIXSizeThreeSym' (STIXSizThreeSymReg.ttf) normal normal regular normal>) = 10.05
2020-07-29 08:51:19,997 findfont: score(<Font 'STIXSizeTwoSym' (STIXSizTwoSymBol.ttf) normal normal bold normal>) = 10.335
2020-07-29 08:51:19,997 findfont: score(<Font 'DejaVu Serif' (DejaVuSerif-BoldItalic.ttf) italic normal bold normal>) = 11.335
2020-07-29 08:51:19,997 findfont: score(<Font 'DejaVu Sans Mono' (DejaVuSansMono-BoldOblique.ttf) oblique normal bold normal>) = 11.335
2020-07-29 08:51:19,997 findfont: score(<Font 'DejaVu Sans' (DejaVuSans-BoldOblique.ttf) oblique normal bold normal>) = 3.335
2020-07-29 08:51:19,997 findfont: score(<Font 'DejaVu Sans' (DejaVuSans-Oblique.ttf) oblique normal 400 normal>) = 3.05
2020-07-29 08:51:19,997 findfont: score(<Font 'STIXSizeOneSym' (STIXSizOneSymReg.ttf) normal normal regular normal>) = 10.05
2020-07-29 08:51:19,997 findfont: score(<Font 'cmtt10' (cmtt10.ttf) normal normal 400 normal>) = 10.05
2020-07-29 08:51:19,997 findfont: score(<Font 'STIXSizeThreeSym' (STIXSizThreeSymBol.ttf) normal normal bold normal>) = 10.335
2020-07-29 08:51:19,997 findfont: score(<Font 'cmsy10' (cmsy10.ttf) normal normal 400 normal>) = 10.05
2020-07-29 08:51:19,997 findfont: score(<Font 'DejaVu Sans Mono' (DejaVuSansMono-Oblique.ttf) oblique normal 400 normal>) = 11.05
2020-07-29 08:51:19,998 findfont: score(<Font 'STIXGeneral' (STIXGeneralBol.ttf) normal normal bold normal>) = 10.335
2020-07-29 08:51:19,998 findfont: score(<Font 'cmr10' (cmr10.ttf) normal normal 400 normal>) = 10.05
2020-07-29 08:51:19,998 findfont: score(<Font 'DejaVu Sans Mono' (DejaVuSansMono-Bold.ttf) normal normal bold normal>) = 10.335
2020-07-29 08:51:19,998 findfont: score(<Font 'DejaVu Sans Display' (DejaVuSansDisplay.ttf) normal normal 400 normal>) = 10.05
2020-07-29 08:51:19,998 findfont: score(<Font 'STIXGeneral' (STIXGeneralBolIta.ttf) italic normal bold normal>) = 11.335
2020-07-29 08:51:19,998 findfont: score(<Font 'DejaVu Sans' (DejaVuSans.ttf) normal normal 400 normal>) = 2.05
2020-07-29 08:51:19,998 findfont: score(<Font 'STIXGeneral' (STIXGeneral.ttf) normal normal regular normal>) = 10.05
2020-07-29 08:51:19,998 findfont: score(<Font 'STIXSizeFiveSym' (STIXSizFiveSymReg.ttf) normal normal regular normal>) = 10.05
2020-07-29 08:51:19,998 findfont: score(<Font 'STIXNonUnicode' (STIXNonUniBolIta.ttf) italic normal bold normal>) = 11.335
2020-07-29 08:51:19,998 findfont: score(<Font 'DejaVu Serif Display' (DejaVuSerifDisplay.ttf) normal normal 400 normal>) = 10.05
2020-07-29 08:51:19,998 findfont: score(<Font 'STIXNonUnicode' (STIXNonUni.ttf) normal normal regular normal>) = 10.05
2020-07-29 08:51:19,998 findfont: score(<Font 'STIXSizeOneSym' (STIXSizOneSymBol.ttf) normal normal bold normal>) = 10.335
2020-07-29 08:51:19,998 findfont: score(<Font 'DejaVu Serif' (DejaVuSerif-Bold.ttf) normal normal bold normal>) = 10.335
2020-07-29 08:51:19,998 findfont: score(<Font 'cmmi10' (cmmi10.ttf) normal normal 400 normal>) = 10.05
2020-07-29 08:51:19,999 findfont: score(<Font 'cmb10' (cmb10.ttf) normal normal 400 normal>) = 10.05
2020-07-29 08:51:19,999 findfont: score(<Font 'cmss10' (cmss10.ttf) normal normal 400 normal>) = 10.05
2020-07-29 08:51:19,999 findfont: score(<Font 'DejaVu Sans' (DejaVuSans-Bold.ttf) normal normal bold normal>) = 2.335
2020-07-29 08:51:19,999 findfont: score(<Font 'STIXSizeFourSym' (STIXSizFourSymReg.ttf) normal normal regular normal>) = 10.05
2020-07-29 08:51:19,999 findfont: score(<Font 'STIXNonUnicode' (STIXNonUniIta.ttf) italic normal 400 normal>) = 11.05
2020-07-29 08:51:19,999 findfont: score(<Font 'STIXNonUnicode' (STIXNonUniBol.ttf) normal normal bold normal>) = 10.335
2020-07-29 08:51:19,999 findfont: score(<Font 'STIXGeneral' (STIXGeneralItalic.ttf) italic normal 400 normal>) = 11.05
2020-07-29 08:51:19,999 findfont: Matching sans\-serif:style=normal:variant=normal:weight=normal:stretch=normal:size=12.0 to DejaVu Sans ('/home/narquette/anaconda/envs/claims/lib/python3.7/site-packages/matplotlib/mpl-data/fonts/ttf/DejaVuSans.ttf') with score of 2.050000.
