2020-08-13 12:56:06,802:INFO:Logistic Regression Start
2020-08-13 12:56:06,802:INFO:Parameters for model are None
2020-08-13 12:56:07,186:INFO:Mean squared error for Logistic Regression is 0.08644198610753795
2020-08-13 12:56:07,186:INFO:Accuracy for Logistic Regression is 0.913558013892462
2020-08-13 12:56:07,186:INFO:Precision for Logistic Regression is 0.9388312397596942
2020-08-13 12:56:07,186:INFO:Recall for Logistic Regression is 0.8847143592382913
2020-08-13 12:56:07,187:INFO:F1 for Logistic Regression is 0.9109697933227344
2020-08-13 12:56:07,187:INFO:Run Time for Logistic Regression is 0.0 minutes
2020-08-13 12:56:28,724:INFO:RandomForest Start
2020-08-13 12:56:28,724:INFO:Parameters for model are {'max_depth': 1}
2020-08-13 12:56:29,517:INFO:Mean squared error for RandomForest is 0.24980704913815283
2020-08-13 12:56:29,517:INFO:Accuracy for RandomForest is 0.7501929508618472
2020-08-13 12:56:29,517:INFO:Precision for RandomForest is 0.8900481540930979
2020-08-13 12:56:29,518:INFO:Recall for RandomForest is 0.570766855378281
2020-08-13 12:56:29,518:INFO:F1 for RandomForest is 0.6955158356851676
2020-08-13 12:56:29,518:INFO:Run Time for RandomForest is 0.0 minutes
2020-08-13 12:56:29,518:INFO:RandomForest Start
2020-08-13 12:56:29,518:INFO:Parameters for model are {'max_depth': 2}
2020-08-13 12:56:30,407:INFO:Mean squared error for RandomForest is 0.20066889632107024
2020-08-13 12:56:30,408:INFO:Accuracy for RandomForest is 0.7993311036789298
2020-08-13 12:56:30,408:INFO:Precision for RandomForest is 0.8778427550357375
2020-08-13 12:56:30,408:INFO:Recall for RandomForest is 0.6953165208440556
2020-08-13 12:56:30,408:INFO:F1 for RandomForest is 0.7759908098793795
2020-08-13 12:56:30,408:INFO:Run Time for RandomForest is 0.0 minutes
2020-08-13 12:56:30,409:INFO:RandomForest Start
2020-08-13 12:56:30,409:INFO:Parameters for model are {'max_depth': 3}
2020-08-13 12:56:31,293:INFO:Mean squared error for RandomForest is 0.19449446874196039
2020-08-13 12:56:31,293:INFO:Accuracy for RandomForest is 0.8055055312580396
2020-08-13 12:56:31,293:INFO:Precision for RandomForest is 0.8806927517639512
2020-08-13 12:56:31,293:INFO:Recall for RandomForest is 0.7066392177045805
2020-08-13 12:56:31,294:INFO:F1 for RandomForest is 0.7841233580810965
2020-08-13 12:56:31,294:INFO:Run Time for RandomForest is 0.0 minutes
2020-08-13 12:56:31,294:INFO:RandomForest Start
2020-08-13 12:56:31,294:INFO:Parameters for model are {'max_depth': 4}
2020-08-13 12:56:32,113:INFO:Mean squared error for RandomForest is 0.18780550553125805
2020-08-13 12:56:32,113:INFO:Accuracy for RandomForest is 0.8121944944687419
2020-08-13 12:56:32,113:INFO:Precision for RandomForest is 0.8925566343042072
2020-08-13 12:56:32,113:INFO:Recall for RandomForest is 0.7097272259392692
2020-08-13 12:56:32,113:INFO:F1 for RandomForest is 0.7907110091743119
2020-08-13 12:56:32,113:INFO:Run Time for RandomForest is 0.0 minutes
2020-08-13 12:56:32,114:INFO:RandomForest Start
2020-08-13 12:56:32,114:INFO:Parameters for model are {'max_depth': 5}
2020-08-13 12:56:32,935:INFO:Mean squared error for RandomForest is 0.18034473887316696
2020-08-13 12:56:32,935:INFO:Accuracy for RandomForest is 0.8196552611268331
2020-08-13 12:56:32,935:INFO:Precision for RandomForest is 0.8960459183673469
2020-08-13 12:56:32,935:INFO:Recall for RandomForest is 0.7231085949562532
2020-08-13 12:56:32,935:INFO:F1 for RandomForest is 0.8003417829678156
2020-08-13 12:56:32,935:INFO:Run Time for RandomForest is 0.0 minutes
2020-08-13 12:56:32,936:INFO:RandomForest Start
2020-08-13 12:56:32,936:INFO:Parameters for model are {'max_depth': 10}
2020-08-13 12:56:33,800:INFO:Mean squared error for RandomForest is 0.12245948031901209
2020-08-13 12:56:33,801:INFO:Accuracy for RandomForest is 0.8775405196809879
2020-08-13 12:56:33,801:INFO:Precision for RandomForest is 0.9281961471103327
2020-08-13 12:56:33,801:INFO:Recall for RandomForest is 0.8183221821924859
2020-08-13 12:56:33,801:INFO:F1 for RandomForest is 0.8698030634573304
2020-08-13 12:56:33,801:INFO:Run Time for RandomForest is 0.0 minutes
2020-08-13 12:56:33,801:INFO:RandomForest Start
2020-08-13 12:56:33,801:INFO:Parameters for model are {'max_depth': 20}
2020-08-13 12:56:34,649:INFO:Mean squared error for RandomForest is 0.08798559300231541
2020-08-13 12:56:34,649:INFO:Accuracy for RandomForest is 0.9120144069976845
2020-08-13 12:56:34,649:INFO:Precision for RandomForest is 0.9269333333333334
2020-08-13 12:56:34,649:INFO:Recall for RandomForest is 0.894493051981472
2020-08-13 12:56:34,649:INFO:F1 for RandomForest is 0.9104243059193295
2020-08-13 12:56:34,649:INFO:Run Time for RandomForest is 0.0 minutes
2020-08-13 12:56:34,649:INFO:RandomForest Start
2020-08-13 12:56:34,649:INFO:Parameters for model are {'max_depth': 50}
2020-08-13 12:56:35,693:INFO:Mean squared error for RandomForest is 0.07615127347568819
2020-08-13 12:56:35,693:INFO:Accuracy for RandomForest is 0.9238487265243118
2020-08-13 12:56:35,694:INFO:Precision for RandomForest is 0.933649289099526
2020-08-13 12:56:35,694:INFO:Recall for RandomForest is 0.912506433350489
2020-08-13 12:56:35,694:INFO:F1 for RandomForest is 0.9229567933368038
2020-08-13 12:56:35,695:INFO:Run Time for RandomForest is 0.0 minutes
2020-08-13 12:56:35,698:INFO:RandomForest Start
2020-08-13 12:56:35,698:INFO:Parameters for model are {'max_depth': 100}
2020-08-13 12:56:36,747:INFO:Mean squared error for RandomForest is 0.07743761255466941
2020-08-13 12:56:36,747:INFO:Accuracy for RandomForest is 0.9225623874453306
2020-08-13 12:56:36,747:INFO:Precision for RandomForest is 0.9343915343915344
2020-08-13 12:56:36,747:INFO:Recall for RandomForest is 0.9089037570766856
2020-08-13 12:56:36,747:INFO:F1 for RandomForest is 0.9214714322984607
2020-08-13 12:56:36,748:INFO:Run Time for RandomForest is 0.0 minutes
2020-08-13 12:56:36,748:INFO:RandomForest Start
2020-08-13 12:56:36,748:INFO:Parameters for model are {'n_estimators': 1}
2020-08-13 12:56:36,966:INFO:Mean squared error for RandomForest is 0.14149729868793415
2020-08-13 12:56:36,966:INFO:Accuracy for RandomForest is 0.8585027013120659
2020-08-13 12:56:36,966:INFO:Precision for RandomForest is 0.8614426569797613
2020-08-13 12:56:36,966:INFO:Recall for RandomForest is 0.8543489449305198
2020-08-13 12:56:36,966:INFO:F1 for RandomForest is 0.8578811369509045
2020-08-13 12:56:36,966:INFO:Run Time for RandomForest is 0.0 minutes
2020-08-13 12:56:36,966:INFO:RandomForest Start
2020-08-13 12:56:36,966:INFO:Parameters for model are {'n_estimators': 2}
2020-08-13 12:56:37,374:INFO:Mean squared error for RandomForest is 0.15667609981991254
2020-08-13 12:56:37,374:INFO:Accuracy for RandomForest is 0.8433239001800875
2020-08-13 12:56:37,374:INFO:Precision for RandomForest is 0.9243002544529262
2020-08-13 12:56:37,374:INFO:Recall for RandomForest is 0.7478126608337622
2020-08-13 12:56:37,374:INFO:F1 for RandomForest is 0.8267425320056898
2020-08-13 12:56:37,374:INFO:Run Time for RandomForest is 0.0 minutes
2020-08-13 12:56:37,375:INFO:RandomForest Start
2020-08-13 12:56:37,375:INFO:Parameters for model are {'n_estimators': 3}
2020-08-13 12:56:37,779:INFO:Mean squared error for RandomForest is 0.10805248263442244
2020-08-13 12:56:37,779:INFO:Accuracy for RandomForest is 0.8919475173655775
2020-08-13 12:56:37,779:INFO:Precision for RandomForest is 0.8935400516795866
2020-08-13 12:56:37,779:INFO:Recall for RandomForest is 0.889861039629439
2020-08-13 12:56:37,779:INFO:F1 for RandomForest is 0.891696750902527
2020-08-13 12:56:37,779:INFO:Run Time for RandomForest is 0.0 minutes
2020-08-13 12:56:37,780:INFO:RandomForest Start
2020-08-13 12:56:37,780:INFO:Parameters for model are {'n_estimators': 4}
2020-08-13 12:56:38,210:INFO:Mean squared error for RandomForest is 0.1090815538976074
2020-08-13 12:56:38,210:INFO:Accuracy for RandomForest is 0.8909184461023926
2020-08-13 12:56:38,210:INFO:Precision for RandomForest is 0.9402898550724638
2020-08-13 12:56:38,210:INFO:Recall for RandomForest is 0.8347915594441585
2020-08-13 12:56:38,210:INFO:F1 for RandomForest is 0.8844056706652127
2020-08-13 12:56:38,210:INFO:Run Time for RandomForest is 0.0 minutes
2020-08-13 12:56:38,211:INFO:RandomForest Start
2020-08-13 12:56:38,211:INFO:Parameters for model are {'n_estimators': 5}
2020-08-13 12:56:38,627:INFO:Mean squared error for RandomForest is 0.08901466426550039
2020-08-13 12:56:38,627:INFO:Accuracy for RandomForest is 0.9109853357344996
2020-08-13 12:56:38,627:INFO:Precision for RandomForest is 0.9213720316622691
2020-08-13 12:56:38,627:INFO:Recall for RandomForest is 0.8986103962943901
2020-08-13 12:56:38,627:INFO:F1 for RandomForest is 0.9098488796248045
2020-08-13 12:56:38,627:INFO:Run Time for RandomForest is 0.0 minutes
2020-08-13 12:56:38,627:INFO:RandomForest Start
2020-08-13 12:56:38,627:INFO:Parameters for model are {'n_estimators': 15}
2020-08-13 12:56:39,058:INFO:Mean squared error for RandomForest is 0.073835863133522
2020-08-13 12:56:39,058:INFO:Accuracy for RandomForest is 0.926164136866478
2020-08-13 12:56:39,058:INFO:Precision for RandomForest is 0.9376321353065539
2020-08-13 12:56:39,058:INFO:Recall for RandomForest is 0.9130211013896037
2020-08-13 12:56:39,058:INFO:F1 for RandomForest is 0.9251629726205997
2020-08-13 12:56:39,058:INFO:Run Time for RandomForest is 0.0 minutes
2020-08-13 12:56:39,058:INFO:RandomForest Start
2020-08-13 12:56:39,058:INFO:Parameters for model are {'n_estimators': 20}
2020-08-13 12:56:39,503:INFO:Mean squared error for RandomForest is 0.07177772060715204
2020-08-13 12:56:39,503:INFO:Accuracy for RandomForest is 0.928222279392848
2020-08-13 12:56:39,503:INFO:Precision for RandomForest is 0.9439701173959445
2020-08-13 12:56:39,503:INFO:Recall for RandomForest is 0.9104477611940298
2020-08-13 12:56:39,503:INFO:F1 for RandomForest is 0.9269059470788578
2020-08-13 12:56:39,503:INFO:Run Time for RandomForest is 0.0 minutes
2020-08-13 12:56:39,504:INFO:RandomForest Start
2020-08-13 12:56:39,504:INFO:Parameters for model are {'n_estimators': 25}
2020-08-13 12:56:39,971:INFO:Mean squared error for RandomForest is 0.07435039876511448
2020-08-13 12:56:39,971:INFO:Accuracy for RandomForest is 0.9256496012348855
2020-08-13 12:56:39,971:INFO:Precision for RandomForest is 0.9357218124341412
2020-08-13 12:56:39,971:INFO:Recall for RandomForest is 0.9140504374678332
2020-08-13 12:56:39,971:INFO:F1 for RandomForest is 0.9247591772975787
2020-08-13 12:56:39,971:INFO:Run Time for RandomForest is 0.0 minutes
2020-08-13 12:56:39,972:INFO:RandomForest Start
2020-08-13 12:56:39,972:INFO:Parameters for model are {'n_estimators': 40}
2020-08-13 12:56:40,575:INFO:Mean squared error for RandomForest is 0.07666580910728069
2020-08-13 12:56:40,575:INFO:Accuracy for RandomForest is 0.9233341908927193
2020-08-13 12:56:40,575:INFO:Precision for RandomForest is 0.9363395225464191
2020-08-13 12:56:40,575:INFO:Recall for RandomForest is 0.9083890890375708
2020-08-13 12:56:40,575:INFO:F1 for RandomForest is 0.9221525600835945
2020-08-13 12:56:40,575:INFO:Run Time for RandomForest is 0.0 minutes
2020-08-13 12:56:40,576:INFO:RandomForest Start
2020-08-13 12:56:40,576:INFO:Parameters for model are {'n_estimators': 50}
2020-08-13 12:56:41,212:INFO:Mean squared error for RandomForest is 0.07537947002829946
2020-08-13 12:56:41,212:INFO:Accuracy for RandomForest is 0.9246205299717005
2020-08-13 12:56:41,212:INFO:Precision for RandomForest is 0.9383634431455898
2020-08-13 12:56:41,213:INFO:Recall for RandomForest is 0.9089037570766856
2020-08-13 12:56:41,213:INFO:F1 for RandomForest is 0.9233986928104576
2020-08-13 12:56:41,213:INFO:Run Time for RandomForest is 0.0 minutes
2020-08-13 12:56:41,213:INFO:RandomForest Start
2020-08-13 12:56:41,213:INFO:Parameters for model are {'n_estimators': 70}
2020-08-13 12:56:42,026:INFO:Mean squared error for RandomForest is 0.07512220221250322
2020-08-13 12:56:42,026:INFO:Accuracy for RandomForest is 0.9248777977874968
2020-08-13 12:56:42,026:INFO:Precision for RandomForest is 0.93608029582673
2020-08-13 12:56:42,026:INFO:Recall for RandomForest is 0.9119917653113742
2020-08-13 12:56:42,026:INFO:F1 for RandomForest is 0.9238790406673618
2020-08-13 12:56:42,026:INFO:Run Time for RandomForest is 0.0 minutes
2020-08-13 12:56:42,027:INFO:RandomForest Start
2020-08-13 12:56:42,027:INFO:Parameters for model are {'n_estimators': 100}
2020-08-13 12:56:43,041:INFO:Mean squared error for RandomForest is 0.07692307692307693
2020-08-13 12:56:43,041:INFO:Accuracy for RandomForest is 0.9230769230769231
2020-08-13 12:56:43,041:INFO:Precision for RandomForest is 0.9349206349206349
2020-08-13 12:56:43,041:INFO:Recall for RandomForest is 0.9094184251158003
2020-08-13 12:56:43,041:INFO:F1 for RandomForest is 0.921993216801461
2020-08-13 12:56:43,041:INFO:Run Time for RandomForest is 0.0 minutes
2020-08-13 12:56:43,041:INFO:RandomForest Start
2020-08-13 12:56:43,041:INFO:Parameters for model are {'max_features': 'auto'}
2020-08-13 12:56:44,069:INFO:Mean squared error for RandomForest is 0.07692307692307693
2020-08-13 12:56:44,070:INFO:Accuracy for RandomForest is 0.9230769230769231
2020-08-13 12:56:44,070:INFO:Precision for RandomForest is 0.9349206349206349
2020-08-13 12:56:44,070:INFO:Recall for RandomForest is 0.9094184251158003
2020-08-13 12:56:44,070:INFO:F1 for RandomForest is 0.921993216801461
2020-08-13 12:56:44,070:INFO:Run Time for RandomForest is 0.0 minutes
2020-08-13 12:56:44,070:INFO:RandomForest Start
2020-08-13 12:56:44,070:INFO:Parameters for model are {'max_features': None}
2020-08-13 12:56:45,609:INFO:Mean squared error for RandomForest is 0.07615127347568819
2020-08-13 12:56:45,609:INFO:Accuracy for RandomForest is 0.9238487265243118
2020-08-13 12:56:45,609:INFO:Precision for RandomForest is 0.9517279210093252
2020-08-13 12:56:45,609:INFO:Recall for RandomForest is 0.8929490478641277
2020-08-13 12:56:45,610:INFO:F1 for RandomForest is 0.9214020180562933
2020-08-13 12:56:45,610:INFO:Run Time for RandomForest is 0.0 minutes
2020-08-13 12:56:45,610:INFO:RandomForest Start
2020-08-13 12:56:45,610:INFO:Parameters for model are {'max_features': 'sqrt'}
2020-08-13 12:56:46,611:INFO:Mean squared error for RandomForest is 0.07692307692307693
2020-08-13 12:56:46,611:INFO:Accuracy for RandomForest is 0.9230769230769231
2020-08-13 12:56:46,611:INFO:Precision for RandomForest is 0.9349206349206349
2020-08-13 12:56:46,611:INFO:Recall for RandomForest is 0.9094184251158003
2020-08-13 12:56:46,611:INFO:F1 for RandomForest is 0.921993216801461
2020-08-13 12:56:46,611:INFO:Run Time for RandomForest is 0.0 minutes
2020-08-13 12:56:46,612:INFO:RandomForest Start
2020-08-13 12:56:46,612:INFO:Parameters for model are {'max_features': 'log2'}
2020-08-13 12:56:47,635:INFO:Mean squared error for RandomForest is 0.07666580910728069
2020-08-13 12:56:47,635:INFO:Accuracy for RandomForest is 0.9233341908927193
2020-08-13 12:56:47,635:INFO:Precision for RandomForest is 0.931758530183727
2020-08-13 12:56:47,635:INFO:Recall for RandomForest is 0.9135357694287185
2020-08-13 12:56:47,635:INFO:F1 for RandomForest is 0.9225571725571726
2020-08-13 12:56:47,635:INFO:Run Time for RandomForest is 0.0 minutes
2020-08-13 12:56:47,636:INFO:RandomForest Start
2020-08-13 12:56:47,636:INFO:Parameters for model are {'max_features': 0.7}
2020-08-13 12:56:48,968:INFO:Mean squared error for RandomForest is 0.07640854129148443
2020-08-13 12:56:48,969:INFO:Accuracy for RandomForest is 0.9235914587085156
2020-08-13 12:56:48,969:INFO:Precision for RandomForest is 0.9482570806100218
2020-08-13 12:56:48,969:INFO:Recall for RandomForest is 0.8960370560988162
2020-08-13 12:56:48,969:INFO:F1 for RandomForest is 0.9214077798359354
2020-08-13 12:56:48,969:INFO:Run Time for RandomForest is 0.0 minutes
2020-08-13 12:56:48,969:INFO:RandomForest Start
2020-08-13 12:56:48,969:INFO:Parameters for model are {'max_features': 0.2}
2020-08-13 12:56:50,066:INFO:Mean squared error for RandomForest is 0.07126318497555956
2020-08-13 12:56:50,066:INFO:Accuracy for RandomForest is 0.9287368150244404
2020-08-13 12:56:50,066:INFO:Precision for RandomForest is 0.9492988133764833
2020-08-13 12:56:50,066:INFO:Recall for RandomForest is 0.9058157488419969
2020-08-13 12:56:50,066:INFO:F1 for RandomForest is 0.9270476692125362
2020-08-13 12:56:50,066:INFO:Run Time for RandomForest is 0.0 minutes
2020-08-13 12:56:50,067:INFO:RandomForest Start
2020-08-13 12:56:50,067:INFO:Parameters for model are {'min_samples_leaf': 1}
2020-08-13 12:56:51,036:INFO:Mean squared error for RandomForest is 0.07692307692307693
2020-08-13 12:56:51,036:INFO:Accuracy for RandomForest is 0.9230769230769231
2020-08-13 12:56:51,037:INFO:Precision for RandomForest is 0.9349206349206349
2020-08-13 12:56:51,037:INFO:Recall for RandomForest is 0.9094184251158003
2020-08-13 12:56:51,037:INFO:F1 for RandomForest is 0.921993216801461
2020-08-13 12:56:51,037:INFO:Run Time for RandomForest is 0.0 minutes
2020-08-13 12:56:51,039:INFO:RandomForest Start
2020-08-13 12:56:51,039:INFO:Parameters for model are {'min_samples_leaf': 2}
2020-08-13 12:56:51,870:INFO:Mean squared error for RandomForest is 0.10419346539747877
2020-08-13 12:56:51,870:INFO:Accuracy for RandomForest is 0.8958065346025212
2020-08-13 12:56:51,870:INFO:Precision for RandomForest is 0.9216008771929824
2020-08-13 12:56:51,870:INFO:Recall for RandomForest is 0.86515697375193
2020-08-13 12:56:51,870:INFO:F1 for RandomForest is 0.8924873904964162
2020-08-13 12:56:51,870:INFO:Run Time for RandomForest is 0.0 minutes
2020-08-13 12:56:51,871:INFO:RandomForest Start
2020-08-13 12:56:51,871:INFO:Parameters for model are {'min_samples_leaf': 3}
2020-08-13 12:56:52,677:INFO:Mean squared error for RandomForest is 0.12245948031901209
2020-08-13 12:56:52,677:INFO:Accuracy for RandomForest is 0.8775405196809879
2020-08-13 12:56:52,677:INFO:Precision for RandomForest is 0.9077265147304058
2020-08-13 12:56:52,677:INFO:Recall for RandomForest is 0.840452907874421
2020-08-13 12:56:52,677:INFO:F1 for RandomForest is 0.8727952966328166
2020-08-13 12:56:52,677:INFO:Run Time for RandomForest is 0.0 minutes
2020-08-13 12:56:52,678:INFO:RandomForest Start
2020-08-13 12:56:52,678:INFO:Parameters for model are {'min_samples_leaf': 4}
2020-08-13 12:56:53,478:INFO:Mean squared error for RandomForest is 0.1553897607409313
2020-08-13 12:56:53,478:INFO:Accuracy for RandomForest is 0.8446102392590686
2020-08-13 12:56:53,478:INFO:Precision for RandomForest is 0.8949852507374632
2020-08-13 12:56:53,478:INFO:Recall for RandomForest is 0.7807514153371076
2020-08-13 12:56:53,478:INFO:F1 for RandomForest is 0.8339747113798791
2020-08-13 12:56:53,478:INFO:Run Time for RandomForest is 0.0 minutes
2020-08-13 12:56:53,479:INFO:RandomForest Start
2020-08-13 12:56:53,479:INFO:Parameters for model are {'min_samples_leaf': 5}
2020-08-13 12:56:54,266:INFO:Mean squared error for RandomForest is 0.1654232055569848
2020-08-13 12:56:54,266:INFO:Accuracy for RandomForest is 0.8345767944430151
2020-08-13 12:56:54,266:INFO:Precision for RandomForest is 0.8878281622911695
2020-08-13 12:56:54,266:INFO:Recall for RandomForest is 0.7658260422027792
2020-08-13 12:56:54,266:INFO:F1 for RandomForest is 0.8223266095606522
2020-08-13 12:56:54,266:INFO:Run Time for RandomForest is 0.0 minutes
2020-08-13 12:56:54,267:INFO:RandomForest Start
2020-08-13 12:56:54,267:INFO:Parameters for model are {'min_samples_leaf': 6}
2020-08-13 12:56:54,949:INFO:Mean squared error for RandomForest is 0.16799588371494725
2020-08-13 12:56:54,949:INFO:Accuracy for RandomForest is 0.8320041162850528
2020-08-13 12:56:54,949:INFO:Precision for RandomForest is 0.8928136419001218
2020-08-13 12:56:54,949:INFO:Recall for RandomForest is 0.7545033453422543
2020-08-13 12:56:54,949:INFO:F1 for RandomForest is 0.8178521617852161
2020-08-13 12:56:54,949:INFO:Run Time for RandomForest is 0.0 minutes
2020-08-13 12:56:54,950:INFO:RandomForest Start
2020-08-13 12:56:54,950:INFO:Parameters for model are {'min_samples_leaf': 7}
2020-08-13 12:56:55,715:INFO:Mean squared error for RandomForest is 0.1577051710830975
2020-08-13 12:56:55,715:INFO:Accuracy for RandomForest is 0.8422948289169025
2020-08-13 12:56:55,716:INFO:Precision for RandomForest is 0.8948931116389549
2020-08-13 12:56:55,716:INFO:Recall for RandomForest is 0.7756047349459598
2020-08-13 12:56:55,716:INFO:F1 for RandomForest is 0.8309897987317343
2020-08-13 12:56:55,716:INFO:Run Time for RandomForest is 0.0 minutes
2020-08-13 12:56:55,716:INFO:RandomForest Start
2020-08-13 12:56:55,716:INFO:Parameters for model are {'min_samples_leaf': 8}
2020-08-13 12:56:56,390:INFO:Mean squared error for RandomForest is 0.17339850784666838
2020-08-13 12:56:56,390:INFO:Accuracy for RandomForest is 0.8266014921533316
2020-08-13 12:56:56,390:INFO:Precision for RandomForest is 0.8943443132380361
2020-08-13 12:56:56,391:INFO:Recall for RandomForest is 0.7406073082861554
2020-08-13 12:56:56,391:INFO:F1 for RandomForest is 0.8102477477477477
2020-08-13 12:56:56,391:INFO:Run Time for RandomForest is 0.0 minutes
2020-08-13 12:56:56,391:INFO:RandomForest Start
2020-08-13 12:56:56,391:INFO:Parameters for model are {'min_samples_leaf': 9}
2020-08-13 12:56:57,084:INFO:Mean squared error for RandomForest is 0.17134036532029842
2020-08-13 12:56:57,085:INFO:Accuracy for RandomForest is 0.8286596346797016
2020-08-13 12:56:57,085:INFO:Precision for RandomForest is 0.8953560371517028
2020-08-13 12:56:57,085:INFO:Recall for RandomForest is 0.7442099845599588
2020-08-13 12:56:57,085:INFO:F1 for RandomForest is 0.8128161888701517
2020-08-13 12:56:57,085:INFO:Run Time for RandomForest is 0.0 minutes
2020-08-13 12:56:57,085:INFO:RandomForest Start
2020-08-13 12:56:57,085:INFO:Parameters for model are {'min_samples_leaf': 10}
2020-08-13 12:56:57,828:INFO:Mean squared error for RandomForest is 0.168767687162336
2020-08-13 12:56:57,828:INFO:Accuracy for RandomForest is 0.831232312837664
2020-08-13 12:56:57,828:INFO:Precision for RandomForest is 0.9014348097317529
2020-08-13 12:56:57,828:INFO:Recall for RandomForest is 0.7436953165208441
2020-08-13 12:56:57,828:INFO:F1 for RandomForest is 0.8150028200789622
2020-08-13 12:56:57,828:INFO:Run Time for RandomForest is 0.0 minutes
2020-08-13 12:56:57,829:INFO:RandomForest Start
2020-08-13 12:56:57,829:INFO:Parameters for model are {'min_samples_leaf': 20}
2020-08-13 12:56:58,644:INFO:Mean squared error for RandomForest is 0.1939799331103679
2020-08-13 12:56:58,645:INFO:Accuracy for RandomForest is 0.8060200668896321
2020-08-13 12:56:58,645:INFO:Precision for RandomForest is 0.89137590520079
2020-08-13 12:56:58,645:INFO:Recall for RandomForest is 0.6968605249613999
2020-08-13 12:56:58,645:INFO:F1 for RandomForest is 0.782206816868862
2020-08-13 12:56:58,645:INFO:Run Time for RandomForest is 0.0 minutes
2020-08-13 12:56:58,901:INFO:RandomForest Start
2020-08-13 12:56:58,901:INFO:Parameters for model are {'max_depth': 50, 'n_estimators': 20, 'max_features': 0.2, 'min_samples_leaf': 1}
2020-08-13 12:56:59,403:INFO:Mean squared error for RandomForest is 0.07435039876511448
2020-08-13 12:56:59,403:INFO:Accuracy for RandomForest is 0.9256496012348855
2020-08-13 12:56:59,403:INFO:Precision for RandomForest is 0.9475108225108225
2020-08-13 12:56:59,403:INFO:Recall for RandomForest is 0.901183736489964
2020-08-13 12:56:59,403:INFO:F1 for RandomForest is 0.9237668161434978
2020-08-13 12:56:59,403:INFO:Run Time for RandomForest is 0.0 minutes
2020-08-13 12:56:59,551:INFO:XGBoost Start
2020-08-13 12:56:59,551:INFO:Parameters for model are {'learning_rate': 0.05}
2020-08-13 12:57:00,506:INFO:Mean squared error for XGBoost is 0.0921018780550553
2020-08-13 12:57:00,506:INFO:Accuracy for XGBoost is 0.9078981219449447
2020-08-13 12:57:00,506:INFO:Precision for XGBoost is 0.9410127991096272
2020-08-13 12:57:00,506:INFO:Recall for XGBoost is 0.8703036541430778
2020-08-13 12:57:00,507:INFO:F1 for XGBoost is 0.9042780748663102
2020-08-13 12:57:00,507:INFO:Run Time for XGBoost is 0.0 minutes
2020-08-13 12:57:00,507:INFO:XGBoost Start
2020-08-13 12:57:00,507:INFO:Parameters for model are {'learning_rate': 0.1}
2020-08-13 12:57:01,388:INFO:Mean squared error for XGBoost is 0.08155389760740932
2020-08-13 12:57:01,388:INFO:Accuracy for XGBoost is 0.9184461023925907
2020-08-13 12:57:01,388:INFO:Precision for XGBoost is 0.9442622950819672
2020-08-13 12:57:01,388:INFO:Recall for XGBoost is 0.8893463715903243
2020-08-13 12:57:01,388:INFO:F1 for XGBoost is 0.915981977206467
2020-08-13 12:57:01,388:INFO:Run Time for XGBoost is 0.0 minutes
2020-08-13 12:57:01,388:INFO:XGBoost Start
2020-08-13 12:57:01,388:INFO:Parameters for model are {'learning_rate': 0.2}
2020-08-13 12:57:02,225:INFO:Mean squared error for XGBoost is 0.0733213275019295
2020-08-13 12:57:02,226:INFO:Accuracy for XGBoost is 0.9266786724980705
2020-08-13 12:57:02,226:INFO:Precision for XGBoost is 0.9423692636072573
2020-08-13 12:57:02,226:INFO:Recall for XGBoost is 0.9089037570766856
2020-08-13 12:57:02,226:INFO:F1 for XGBoost is 0.925334031962274
2020-08-13 12:57:02,226:INFO:Run Time for XGBoost is 0.0 minutes
2020-08-13 12:57:02,226:INFO:XGBoost Start
2020-08-13 12:57:02,226:INFO:Parameters for model are {'learning_rate': 0.4}
2020-08-13 12:57:03,079:INFO:Mean squared error for XGBoost is 0.06766143555441215
2020-08-13 12:57:03,080:INFO:Accuracy for XGBoost is 0.9323385644455878
2020-08-13 12:57:03,080:INFO:Precision for XGBoost is 0.949678800856531
2020-08-13 12:57:03,080:INFO:Recall for XGBoost is 0.9130211013896037
2020-08-13 12:57:03,080:INFO:F1 for XGBoost is 0.9309892416688532
2020-08-13 12:57:03,080:INFO:Run Time for XGBoost is 0.0 minutes
2020-08-13 12:57:03,080:INFO:XGBoost Start
2020-08-13 12:57:03,080:INFO:Parameters for model are {'learning_rate': 0.6}
2020-08-13 12:57:03,917:INFO:Mean squared error for XGBoost is 0.0674041677386159
2020-08-13 12:57:03,917:INFO:Accuracy for XGBoost is 0.9325958322613841
2020-08-13 12:57:03,917:INFO:Precision for XGBoost is 0.9435356200527705
2020-08-13 12:57:03,917:INFO:Recall for XGBoost is 0.9202264539372105
2020-08-13 12:57:03,917:INFO:F1 for XGBoost is 0.931735278791037
2020-08-13 12:57:03,917:INFO:Run Time for XGBoost is 0.0 minutes
2020-08-13 12:57:03,917:INFO:XGBoost Start
2020-08-13 12:57:03,917:INFO:Parameters for model are {'learning_rate': 0.8}
2020-08-13 12:57:04,745:INFO:Mean squared error for XGBoost is 0.07074864934396707
2020-08-13 12:57:04,745:INFO:Accuracy for XGBoost is 0.9292513506560329
2020-08-13 12:57:04,745:INFO:Precision for XGBoost is 0.9408033826638478
2020-08-13 12:57:04,745:INFO:Recall for XGBoost is 0.9161091096242924
2020-08-13 12:57:04,745:INFO:F1 for XGBoost is 0.9282920469361148
2020-08-13 12:57:04,745:INFO:Run Time for XGBoost is 0.0 minutes
2020-08-13 12:57:04,745:INFO:XGBoost Start
2020-08-13 12:57:04,745:INFO:Parameters for model are {'learning_rate': 1}
2020-08-13 12:57:05,627:INFO:Mean squared error for XGBoost is 0.0756367378440957
2020-08-13 12:57:05,627:INFO:Accuracy for XGBoost is 0.9243632621559043
2020-08-13 12:57:05,627:INFO:Precision for XGBoost is 0.9369369369369369
2020-08-13 12:57:05,627:INFO:Recall for XGBoost is 0.9099330931549151
2020-08-13 12:57:05,627:INFO:F1 for XGBoost is 0.9232375979112272
2020-08-13 12:57:05,627:INFO:Run Time for XGBoost is 0.0 minutes
2020-08-13 12:57:05,627:INFO:XGBoost Start
2020-08-13 12:57:05,627:INFO:Parameters for model are {'max_depth': 1}
2020-08-13 12:57:06,021:INFO:Mean squared error for XGBoost is 0.11679958837149472
2020-08-13 12:57:06,022:INFO:Accuracy for XGBoost is 0.8832004116285053
2020-08-13 12:57:06,022:INFO:Precision for XGBoost is 0.9381989405532666
2020-08-13 12:57:06,022:INFO:Recall for XGBoost is 0.8203808543489449
2020-08-13 12:57:06,022:INFO:F1 for XGBoost is 0.8753432180120813
2020-08-13 12:57:06,022:INFO:Run Time for XGBoost is 0.0 minutes
2020-08-13 12:57:06,022:INFO:XGBoost Start
2020-08-13 12:57:06,022:INFO:Parameters for model are {'max_depth': 2}
2020-08-13 12:57:06,541:INFO:Mean squared error for XGBoost is 0.09853357344996141
2020-08-13 12:57:06,541:INFO:Accuracy for XGBoost is 0.9014664265500386
2020-08-13 12:57:06,541:INFO:Precision for XGBoost is 0.9426787741203179
2020-08-13 12:57:06,541:INFO:Recall for XGBoost is 0.8548636129696345
2020-08-13 12:57:06,541:INFO:F1 for XGBoost is 0.8966261808367071
2020-08-13 12:57:06,541:INFO:Run Time for XGBoost is 0.0 minutes
2020-08-13 12:57:06,542:INFO:XGBoost Start
2020-08-13 12:57:06,542:INFO:Parameters for model are {'max_depth': 3}
2020-08-13 12:57:07,124:INFO:Mean squared error for XGBoost is 0.08001029071263185
2020-08-13 12:57:07,124:INFO:Accuracy for XGBoost is 0.9199897092873681
2020-08-13 12:57:07,124:INFO:Precision for XGBoost is 0.9410810810810811
2020-08-13 12:57:07,124:INFO:Recall for XGBoost is 0.8960370560988162
2020-08-13 12:57:07,124:INFO:F1 for XGBoost is 0.9180068547324017
2020-08-13 12:57:07,124:INFO:Run Time for XGBoost is 0.0 minutes
2020-08-13 12:57:07,124:INFO:XGBoost Start
2020-08-13 12:57:07,124:INFO:Parameters for model are {'max_depth': 4}
2020-08-13 12:57:07,774:INFO:Mean squared error for XGBoost is 0.08103936197581682
2020-08-13 12:57:07,774:INFO:Accuracy for XGBoost is 0.9189606380241832
2020-08-13 12:57:07,774:INFO:Precision for XGBoost is 0.9366952789699571
2020-08-13 12:57:07,774:INFO:Recall for XGBoost is 0.8986103962943901
2020-08-13 12:57:07,774:INFO:F1 for XGBoost is 0.9172576832151301
2020-08-13 12:57:07,775:INFO:Run Time for XGBoost is 0.0 minutes
2020-08-13 12:57:07,775:INFO:XGBoost Start
2020-08-13 12:57:07,775:INFO:Parameters for model are {'max_depth': 5}
2020-08-13 12:57:08,525:INFO:Mean squared error for XGBoost is 0.07512220221250322
2020-08-13 12:57:08,525:INFO:Accuracy for XGBoost is 0.9248777977874968
2020-08-13 12:57:08,525:INFO:Precision for XGBoost is 0.9412079102084446
2020-08-13 12:57:08,525:INFO:Recall for XGBoost is 0.9063304168811117
2020-08-13 12:57:08,525:INFO:F1 for XGBoost is 0.923439958049292
2020-08-13 12:57:08,525:INFO:Run Time for XGBoost is 0.0 minutes
2020-08-13 12:57:08,526:INFO:XGBoost Start
2020-08-13 12:57:08,526:INFO:Parameters for model are {'max_depth': 10}
2020-08-13 12:57:09,845:INFO:Mean squared error for XGBoost is 0.06663236429122717
2020-08-13 12:57:09,845:INFO:Accuracy for XGBoost is 0.9333676357087728
2020-08-13 12:57:09,845:INFO:Precision for XGBoost is 0.9478723404255319
2020-08-13 12:57:09,845:INFO:Recall for XGBoost is 0.9171384457025219
2020-08-13 12:57:09,845:INFO:F1 for XGBoost is 0.9322521579911065
2020-08-13 12:57:09,845:INFO:Run Time for XGBoost is 0.0 minutes
2020-08-13 12:57:09,845:INFO:XGBoost Start
2020-08-13 12:57:09,845:INFO:Parameters for model are {'max_depth': 20}
2020-08-13 12:57:12,350:INFO:Mean squared error for XGBoost is 0.07229225623874454
2020-08-13 12:57:12,350:INFO:Accuracy for XGBoost is 0.9277077437612554
2020-08-13 12:57:12,350:INFO:Precision for XGBoost is 0.9364495798319328
2020-08-13 12:57:12,350:INFO:Recall for XGBoost is 0.9176531137416366
2020-08-13 12:57:12,350:INFO:F1 for XGBoost is 0.9269560696646737
2020-08-13 12:57:12,350:INFO:Run Time for XGBoost is 0.0 minutes
2020-08-13 12:57:12,350:INFO:XGBoost Start
2020-08-13 12:57:12,350:INFO:Parameters for model are {'max_depth': 50}
2020-08-13 12:57:16,478:INFO:Mean squared error for XGBoost is 0.073835863133522
2020-08-13 12:57:16,478:INFO:Accuracy for XGBoost is 0.926164136866478
2020-08-13 12:57:16,479:INFO:Precision for XGBoost is 0.9335078534031414
2020-08-13 12:57:16,479:INFO:Recall for XGBoost is 0.9176531137416366
2020-08-13 12:57:16,479:INFO:F1 for XGBoost is 0.9255125875940825
2020-08-13 12:57:16,479:INFO:Run Time for XGBoost is 0.0 minutes
2020-08-13 12:57:16,479:INFO:XGBoost Start
2020-08-13 12:57:16,479:INFO:Parameters for model are {'n_estimators': 1}
2020-08-13 12:57:16,679:INFO:Mean squared error for XGBoost is 0.09801903781836892
2020-08-13 12:57:16,680:INFO:Accuracy for XGBoost is 0.901980962181631
2020-08-13 12:57:16,680:INFO:Precision for XGBoost is 0.9338888888888889
2020-08-13 12:57:16,680:INFO:Recall for XGBoost is 0.86515697375193
2020-08-13 12:57:16,680:INFO:F1 for XGBoost is 0.8982099919850388
2020-08-13 12:57:16,680:INFO:Run Time for XGBoost is 0.0 minutes
2020-08-13 12:57:16,680:INFO:XGBoost Start
2020-08-13 12:57:16,680:INFO:Parameters for model are {'n_estimators': 2}
2020-08-13 12:57:16,882:INFO:Mean squared error for XGBoost is 0.09879084126575766
2020-08-13 12:57:16,882:INFO:Accuracy for XGBoost is 0.9012091587342423
2020-08-13 12:57:16,882:INFO:Precision for XGBoost is 0.9421440726035167
2020-08-13 12:57:16,882:INFO:Recall for XGBoost is 0.8548636129696345
2020-08-13 12:57:16,882:INFO:F1 for XGBoost is 0.8963842417701025
2020-08-13 12:57:16,882:INFO:Run Time for XGBoost is 0.0 minutes
2020-08-13 12:57:16,883:INFO:XGBoost Start
2020-08-13 12:57:16,883:INFO:Parameters for model are {'n_estimators': 3}
2020-08-13 12:57:17,088:INFO:Mean squared error for XGBoost is 0.09827630563416516
2020-08-13 12:57:17,089:INFO:Accuracy for XGBoost is 0.9017236943658349
2020-08-13 12:57:17,089:INFO:Precision for XGBoost is 0.9387296233839235
2020-08-13 12:57:17,089:INFO:Recall for XGBoost is 0.8594956253216676
2020-08-13 12:57:17,089:INFO:F1 for XGBoost is 0.8973670069854917
2020-08-13 12:57:17,089:INFO:Run Time for XGBoost is 0.0 minutes
2020-08-13 12:57:17,089:INFO:XGBoost Start
2020-08-13 12:57:17,089:INFO:Parameters for model are {'n_estimators': 4}
2020-08-13 12:57:17,302:INFO:Mean squared error for XGBoost is 0.09467455621301775
2020-08-13 12:57:17,302:INFO:Accuracy for XGBoost is 0.9053254437869822
2020-08-13 12:57:17,302:INFO:Precision for XGBoost is 0.9396984924623115
2020-08-13 12:57:17,302:INFO:Recall for XGBoost is 0.8661863098301595
2020-08-13 12:57:17,302:INFO:F1 for XGBoost is 0.9014461703267275
2020-08-13 12:57:17,302:INFO:Run Time for XGBoost is 0.0 minutes
2020-08-13 12:57:17,303:INFO:XGBoost Start
2020-08-13 12:57:17,303:INFO:Parameters for model are {'n_estimators': 5}
2020-08-13 12:57:17,526:INFO:Mean squared error for XGBoost is 0.09518909184461023
2020-08-13 12:57:17,526:INFO:Accuracy for XGBoost is 0.9048109081553898
2020-08-13 12:57:17,526:INFO:Precision for XGBoost is 0.9421023046655425
2020-08-13 12:57:17,526:INFO:Recall for XGBoost is 0.8625836335563561
2020-08-13 12:57:17,526:INFO:F1 for XGBoost is 0.9005910800644815
2020-08-13 12:57:17,526:INFO:Run Time for XGBoost is 0.0 minutes
2020-08-13 12:57:17,526:INFO:XGBoost Start
2020-08-13 12:57:17,527:INFO:Parameters for model are {'n_estimators': 15}
2020-08-13 12:57:17,849:INFO:Mean squared error for XGBoost is 0.09184461023925906
2020-08-13 12:57:17,849:INFO:Accuracy for XGBoost is 0.908155389760741
2020-08-13 12:57:17,849:INFO:Precision for XGBoost is 0.9415367483296214
2020-08-13 12:57:17,849:INFO:Recall for XGBoost is 0.8703036541430778
2020-08-13 12:57:17,849:INFO:F1 for XGBoost is 0.9045199251136667
2020-08-13 12:57:17,849:INFO:Run Time for XGBoost is 0.0 minutes
2020-08-13 12:57:17,849:INFO:XGBoost Start
2020-08-13 12:57:17,850:INFO:Parameters for model are {'n_estimators': 20}
2020-08-13 12:57:18,186:INFO:Mean squared error for XGBoost is 0.09107280679187034
2020-08-13 12:57:18,186:INFO:Accuracy for XGBoost is 0.9089271932081296
2020-08-13 12:57:18,186:INFO:Precision for XGBoost is 0.9421257651641625
2020-08-13 12:57:18,186:INFO:Recall for XGBoost is 0.8713329902213073
2020-08-13 12:57:18,186:INFO:F1 for XGBoost is 0.9053475935828877
2020-08-13 12:57:18,186:INFO:Run Time for XGBoost is 0.0 minutes
2020-08-13 12:57:18,186:INFO:XGBoost Start
2020-08-13 12:57:18,186:INFO:Parameters for model are {'n_estimators': 25}
2020-08-13 12:57:18,551:INFO:Mean squared error for XGBoost is 0.08309750450218678
2020-08-13 12:57:18,551:INFO:Accuracy for XGBoost is 0.9169024954978132
2020-08-13 12:57:18,551:INFO:Precision for XGBoost is 0.9364224137931034
2020-08-13 12:57:18,551:INFO:Recall for XGBoost is 0.894493051981472
2020-08-13 12:57:18,551:INFO:F1 for XGBoost is 0.9149776256909713
2020-08-13 12:57:18,551:INFO:Run Time for XGBoost is 0.0 minutes
2020-08-13 12:57:18,551:INFO:XGBoost Start
2020-08-13 12:57:18,551:INFO:Parameters for model are {'n_estimators': 40}
2020-08-13 12:57:18,997:INFO:Mean squared error for XGBoost is 0.07975302289683561
2020-08-13 12:57:18,997:INFO:Accuracy for XGBoost is 0.9202469771031644
2020-08-13 12:57:18,997:INFO:Precision for XGBoost is 0.9382716049382716
2020-08-13 12:57:18,997:INFO:Recall for XGBoost is 0.8996397323726196
2020-08-13 12:57:18,997:INFO:F1 for XGBoost is 0.9185496584340515
2020-08-13 12:57:18,997:INFO:Run Time for XGBoost is 0.0 minutes
2020-08-13 12:57:18,997:INFO:XGBoost Start
2020-08-13 12:57:18,997:INFO:Parameters for model are {'n_estimators': 50}
2020-08-13 12:57:19,507:INFO:Mean squared error for XGBoost is 0.07692307692307693
2020-08-13 12:57:19,507:INFO:Accuracy for XGBoost is 0.9230769230769231
2020-08-13 12:57:19,507:INFO:Precision for XGBoost is 0.9405144694533762
2020-08-13 12:57:19,507:INFO:Recall for XGBoost is 0.903242408646423
2020-08-13 12:57:19,507:INFO:F1 for XGBoost is 0.9215017064846416
2020-08-13 12:57:19,507:INFO:Run Time for XGBoost is 0.0 minutes
2020-08-13 12:57:19,507:INFO:XGBoost Start
2020-08-13 12:57:19,508:INFO:Parameters for model are {'n_estimators': 70}
2020-08-13 12:57:20,229:INFO:Mean squared error for XGBoost is 0.07718034473887317
2020-08-13 12:57:20,229:INFO:Accuracy for XGBoost is 0.9228196552611269
2020-08-13 12:57:20,229:INFO:Precision for XGBoost is 0.9438141545110751
2020-08-13 12:57:20,230:INFO:Recall for XGBoost is 0.8991250643335049
2020-08-13 12:57:20,230:INFO:F1 for XGBoost is 0.9209277807063785
2020-08-13 12:57:20,230:INFO:Run Time for XGBoost is 0.0 minutes
2020-08-13 12:57:20,230:INFO:XGBoost Start
2020-08-13 12:57:20,230:INFO:Parameters for model are {'n_estimators': 100}
2020-08-13 12:57:21,087:INFO:Mean squared error for XGBoost is 0.07100591715976332
2020-08-13 12:57:21,087:INFO:Accuracy for XGBoost is 0.9289940828402367
2020-08-13 12:57:21,087:INFO:Precision for XGBoost is 0.9454836985569214
2020-08-13 12:57:21,087:INFO:Recall for XGBoost is 0.9104477611940298
2020-08-13 12:57:21,087:INFO:F1 for XGBoost is 0.9276350288411117
2020-08-13 12:57:21,087:INFO:Run Time for XGBoost is 0.0 minutes
2020-08-13 12:57:21,295:INFO:XGBoost Start
2020-08-13 12:57:21,295:INFO:Parameters for model are {'learning_rate': 0.6, 'max_depth': 10, 'n_estimators': 100}
2020-08-13 12:57:22,594:INFO:Mean squared error for XGBoost is 0.0720349884229483
2020-08-13 12:57:22,594:INFO:Accuracy for XGBoost is 0.9279650115770517
2020-08-13 12:57:22,594:INFO:Precision for XGBoost is 0.940646528881823
2020-08-13 12:57:22,594:INFO:Recall for XGBoost is 0.9135357694287185
2020-08-13 12:57:22,594:INFO:F1 for XGBoost is 0.926892950391645
2020-08-13 12:57:22,594:INFO:Run Time for XGBoost is 0.0 minutes
2020-08-13 12:57:22,728:INFO:LGBoost Start
2020-08-13 12:57:22,728:INFO:Parameters for model are {'learning_rate': 0.05}
2020-08-13 12:57:23,145:INFO:Mean squared error for LGBoost is 0.07898121944944687
2020-08-13 12:57:23,145:INFO:Accuracy for LGBoost is 0.9210187805505531
2020-08-13 12:57:23,145:INFO:Precision for LGBoost is 0.9305263157894736
2020-08-13 12:57:23,145:INFO:Recall for LGBoost is 0.9099330931549151
2020-08-13 12:57:23,145:INFO:F1 for LGBoost is 0.9201144938849857
2020-08-13 12:57:23,145:INFO:Run Time for LGBoost is 0.0 minutes
2020-08-13 12:57:23,146:INFO:LGBoost Start
2020-08-13 12:57:23,146:INFO:Parameters for model are {'learning_rate': 0.1}
2020-08-13 12:57:23,532:INFO:Mean squared error for LGBoost is 0.07615127347568819
2020-08-13 12:57:23,532:INFO:Accuracy for LGBoost is 0.9238487265243118
2020-08-13 12:57:23,532:INFO:Precision for LGBoost is 0.9331930562861652
2020-08-13 12:57:23,532:INFO:Recall for LGBoost is 0.9130211013896037
2020-08-13 12:57:23,532:INFO:F1 for LGBoost is 0.9229968782518211
2020-08-13 12:57:23,532:INFO:Run Time for LGBoost is 0.0 minutes
2020-08-13 12:57:23,532:INFO:LGBoost Start
2020-08-13 12:57:23,532:INFO:Parameters for model are {'learning_rate': 0.2}
2020-08-13 12:57:24,056:INFO:Mean squared error for LGBoost is 0.07589400565989195
2020-08-13 12:57:24,056:INFO:Accuracy for LGBoost is 0.9241059943401081
2020-08-13 12:57:24,056:INFO:Precision for LGBoost is 0.934141201264489
2020-08-13 12:57:24,056:INFO:Recall for LGBoost is 0.912506433350489
2020-08-13 12:57:24,056:INFO:F1 for LGBoost is 0.9231970840926843
2020-08-13 12:57:24,056:INFO:Run Time for LGBoost is 0.0 minutes
2020-08-13 12:57:24,057:INFO:LGBoost Start
2020-08-13 12:57:24,057:INFO:Parameters for model are {'learning_rate': 0.4}
2020-08-13 12:57:24,651:INFO:Mean squared error for LGBoost is 0.0820684332390018
2020-08-13 12:57:24,651:INFO:Accuracy for LGBoost is 0.9179315667609982
2020-08-13 12:57:24,652:INFO:Precision for LGBoost is 0.9273684210526316
2020-08-13 12:57:24,652:INFO:Recall for LGBoost is 0.9068450849202264
2020-08-13 12:57:24,652:INFO:F1 for LGBoost is 0.916991933385376
2020-08-13 12:57:24,652:INFO:Run Time for LGBoost is 0.0 minutes
2020-08-13 12:57:24,652:INFO:LGBoost Start
2020-08-13 12:57:24,652:INFO:Parameters for model are {'learning_rate': 0.6}
2020-08-13 12:57:25,054:INFO:Mean squared error for LGBoost is 0.08258296887059428
2020-08-13 12:57:25,055:INFO:Accuracy for LGBoost is 0.9174170311294058
2020-08-13 12:57:25,055:INFO:Precision for LGBoost is 0.9304670912951167
2020-08-13 12:57:25,055:INFO:Recall for LGBoost is 0.9022130725681935
2020-08-13 12:57:25,055:INFO:F1 for LGBoost is 0.9161222889992161
2020-08-13 12:57:25,055:INFO:Run Time for LGBoost is 0.0 minutes
2020-08-13 12:57:25,055:INFO:LGBoost Start
2020-08-13 12:57:25,055:INFO:Parameters for model are {'learning_rate': 0.8}
2020-08-13 12:57:25,428:INFO:Mean squared error for LGBoost is 0.08618471829174171
2020-08-13 12:57:25,429:INFO:Accuracy for LGBoost is 0.9138152817082583
2020-08-13 12:57:25,429:INFO:Precision for LGBoost is 0.9213836477987422
2020-08-13 12:57:25,429:INFO:Recall for LGBoost is 0.9047864127637674
2020-08-13 12:57:25,429:INFO:F1 for LGBoost is 0.9130096078940535
2020-08-13 12:57:25,429:INFO:Run Time for LGBoost is 0.0 minutes
2020-08-13 12:57:25,429:INFO:LGBoost Start
2020-08-13 12:57:25,429:INFO:Parameters for model are {'learning_rate': 1}
2020-08-13 12:57:25,788:INFO:Mean squared error for LGBoost is 0.08927193208129663
2020-08-13 12:57:25,788:INFO:Accuracy for LGBoost is 0.9107280679187034
2020-08-13 12:57:25,788:INFO:Precision for LGBoost is 0.916058394160584
2020-08-13 12:57:25,788:INFO:Recall for LGBoost is 0.9042717447246525
2020-08-13 12:57:25,788:INFO:F1 for LGBoost is 0.9101269101269102
2020-08-13 12:57:25,788:INFO:Run Time for LGBoost is 0.0 minutes
2020-08-13 12:57:25,789:INFO:LGBoost Start
2020-08-13 12:57:25,789:INFO:Parameters for model are {'max_depth': 1}
2020-08-13 12:57:25,959:INFO:Mean squared error for LGBoost is 0.12734756881914072
2020-08-13 12:57:25,959:INFO:Accuracy for LGBoost is 0.8726524311808592
2020-08-13 12:57:25,959:INFO:Precision for LGBoost is 0.934052757793765
2020-08-13 12:57:25,959:INFO:Recall for LGBoost is 0.8018528049408131
2020-08-13 12:57:25,959:INFO:F1 for LGBoost is 0.8629188590418166
2020-08-13 12:57:25,959:INFO:Run Time for LGBoost is 0.0 minutes
2020-08-13 12:57:25,959:INFO:LGBoost Start
2020-08-13 12:57:25,960:INFO:Parameters for model are {'max_depth': 3}
2020-08-13 12:57:26,167:INFO:Mean squared error for LGBoost is 0.10393619758168253
2020-08-13 12:57:26,167:INFO:Accuracy for LGBoost is 0.8960638024183175
2020-08-13 12:57:26,167:INFO:Precision for LGBoost is 0.9404693760732684
2020-08-13 12:57:26,168:INFO:Recall for LGBoost is 0.8455995882655687
2020-08-13 12:57:26,168:INFO:F1 for LGBoost is 0.8905149051490515
2020-08-13 12:57:26,168:INFO:Run Time for LGBoost is 0.0 minutes
2020-08-13 12:57:26,168:INFO:LGBoost Start
2020-08-13 12:57:26,168:INFO:Parameters for model are {'max_depth': 5}
2020-08-13 12:57:26,423:INFO:Mean squared error for LGBoost is 0.08618471829174171
2020-08-13 12:57:26,423:INFO:Accuracy for LGBoost is 0.9138152817082583
2020-08-13 12:57:26,423:INFO:Precision for LGBoost is 0.9360086767895879
2020-08-13 12:57:26,423:INFO:Recall for LGBoost is 0.8883170355120947
2020-08-13 12:57:26,423:INFO:F1 for LGBoost is 0.9115394771587009
2020-08-13 12:57:26,423:INFO:Run Time for LGBoost is 0.0 minutes
2020-08-13 12:57:26,423:INFO:LGBoost Start
2020-08-13 12:57:26,424:INFO:Parameters for model are {'max_depth': 7}
2020-08-13 12:57:26,710:INFO:Mean squared error for LGBoost is 0.08103936197581682
2020-08-13 12:57:26,711:INFO:Accuracy for LGBoost is 0.9189606380241832
2020-08-13 12:57:26,711:INFO:Precision for LGBoost is 0.9343649946638207
2020-08-13 12:57:26,711:INFO:Recall for LGBoost is 0.901183736489964
2020-08-13 12:57:26,711:INFO:F1 for LGBoost is 0.9174744563793554
2020-08-13 12:57:26,711:INFO:Run Time for LGBoost is 0.0 minutes
2020-08-13 12:57:26,712:INFO:LGBoost Start
2020-08-13 12:57:26,712:INFO:Parameters for model are {'max_depth': 9}
2020-08-13 12:57:27,029:INFO:Mean squared error for LGBoost is 0.07872395163365063
2020-08-13 12:57:27,029:INFO:Accuracy for LGBoost is 0.9212760483663494
2020-08-13 12:57:27,029:INFO:Precision for LGBoost is 0.9319261213720317
2020-08-13 12:57:27,029:INFO:Recall for LGBoost is 0.9089037570766856
2020-08-13 12:57:27,029:INFO:F1 for LGBoost is 0.9202709744658677
2020-08-13 12:57:27,029:INFO:Run Time for LGBoost is 0.0 minutes
2020-08-13 12:57:27,030:INFO:LGBoost Start
2020-08-13 12:57:27,030:INFO:Parameters for model are {'max_depth': 11}
2020-08-13 12:57:27,359:INFO:Mean squared error for LGBoost is 0.07846668381785439
2020-08-13 12:57:27,359:INFO:Accuracy for LGBoost is 0.9215333161821456
2020-08-13 12:57:27,359:INFO:Precision for LGBoost is 0.9319620253164557
2020-08-13 12:57:27,360:INFO:Recall for LGBoost is 0.9094184251158003
2020-08-13 12:57:27,360:INFO:F1 for LGBoost is 0.920552227142485
2020-08-13 12:57:27,360:INFO:Run Time for LGBoost is 0.0 minutes
2020-08-13 12:57:27,360:INFO:LGBoost Start
2020-08-13 12:57:27,360:INFO:Parameters for model are {'max_depth': 13}
2020-08-13 12:57:27,697:INFO:Mean squared error for LGBoost is 0.07872395163365063
2020-08-13 12:57:27,697:INFO:Accuracy for LGBoost is 0.9212760483663494
2020-08-13 12:57:27,697:INFO:Precision for LGBoost is 0.9301103520756699
2020-08-13 12:57:27,697:INFO:Recall for LGBoost is 0.9109624292331446
2020-08-13 12:57:27,697:INFO:F1 for LGBoost is 0.9204368174726989
2020-08-13 12:57:27,697:INFO:Run Time for LGBoost is 0.0 minutes
2020-08-13 12:57:27,698:INFO:LGBoost Start
2020-08-13 12:57:27,698:INFO:Parameters for model are {'max_depth': 15}
2020-08-13 12:57:28,049:INFO:Mean squared error for LGBoost is 0.07692307692307693
2020-08-13 12:57:28,049:INFO:Accuracy for LGBoost is 0.9230769230769231
2020-08-13 12:57:28,049:INFO:Precision for LGBoost is 0.9326315789473684
2020-08-13 12:57:28,049:INFO:Recall for LGBoost is 0.9119917653113742
2020-08-13 12:57:28,049:INFO:F1 for LGBoost is 0.9221962008847254
2020-08-13 12:57:28,049:INFO:Run Time for LGBoost is 0.0 minutes
2020-08-13 12:57:28,050:INFO:LGBoost Start
2020-08-13 12:57:28,050:INFO:Parameters for model are {'num_leaves': 2}
2020-08-13 12:57:28,223:INFO:Mean squared error for LGBoost is 0.12734756881914072
2020-08-13 12:57:28,224:INFO:Accuracy for LGBoost is 0.8726524311808592
2020-08-13 12:57:28,224:INFO:Precision for LGBoost is 0.934052757793765
2020-08-13 12:57:28,224:INFO:Recall for LGBoost is 0.8018528049408131
2020-08-13 12:57:28,224:INFO:F1 for LGBoost is 0.8629188590418166
2020-08-13 12:57:28,224:INFO:Run Time for LGBoost is 0.0 minutes
2020-08-13 12:57:28,224:INFO:LGBoost Start
2020-08-13 12:57:28,224:INFO:Parameters for model are {'num_leaves': 7}
2020-08-13 12:57:28,453:INFO:Mean squared error for LGBoost is 0.09390275276562902
2020-08-13 12:57:28,453:INFO:Accuracy for LGBoost is 0.906097247234371
2020-08-13 12:57:28,453:INFO:Precision for LGBoost is 0.9368770764119602
2020-08-13 12:57:28,453:INFO:Recall for LGBoost is 0.8708183221821925
2020-08-13 12:57:28,453:INFO:F1 for LGBoost is 0.9026407041877834
2020-08-13 12:57:28,453:INFO:Run Time for LGBoost is 0.0 minutes
2020-08-13 12:57:28,454:INFO:LGBoost Start
2020-08-13 12:57:28,454:INFO:Parameters for model are {'num_leaves': 31}
2020-08-13 12:57:28,825:INFO:Mean squared error for LGBoost is 0.07615127347568819
2020-08-13 12:57:28,826:INFO:Accuracy for LGBoost is 0.9238487265243118
2020-08-13 12:57:28,826:INFO:Precision for LGBoost is 0.9331930562861652
2020-08-13 12:57:28,826:INFO:Recall for LGBoost is 0.9130211013896037
2020-08-13 12:57:28,826:INFO:F1 for LGBoost is 0.9229968782518211
2020-08-13 12:57:28,826:INFO:Run Time for LGBoost is 0.0 minutes
2020-08-13 12:57:28,826:INFO:LGBoost Start
2020-08-13 12:57:28,826:INFO:Parameters for model are {'num_leaves': 126}
2020-08-13 12:57:29,565:INFO:Mean squared error for LGBoost is 0.08181116542320556
2020-08-13 12:57:29,565:INFO:Accuracy for LGBoost is 0.9181888345767945
2020-08-13 12:57:29,565:INFO:Precision for LGBoost is 0.9283078545071165
2020-08-13 12:57:29,565:INFO:Recall for LGBoost is 0.9063304168811117
2020-08-13 12:57:29,565:INFO:F1 for LGBoost is 0.9171874999999999
2020-08-13 12:57:29,565:INFO:Run Time for LGBoost is 0.0 minutes
2020-08-13 12:57:29,565:INFO:LGBoost Start
2020-08-13 12:57:29,566:INFO:Parameters for model are {'num_leaves': 2020}
2020-08-13 12:57:31,081:INFO:Mean squared error for LGBoost is 0.08284023668639054
2020-08-13 12:57:31,081:INFO:Accuracy for LGBoost is 0.9171597633136095
2020-08-13 12:57:31,081:INFO:Precision for LGBoost is 0.9268035808320169
2020-08-13 12:57:31,081:INFO:Recall for LGBoost is 0.9058157488419969
2020-08-13 12:57:31,081:INFO:F1 for LGBoost is 0.916189484643415
2020-08-13 12:57:31,082:INFO:Run Time for LGBoost is 0.0 minutes
2020-08-13 12:57:31,082:INFO:LGBoost Start
2020-08-13 12:57:31,082:INFO:Parameters for model are {'num_leaves': 8000}
2020-08-13 12:57:33,595:INFO:Mean squared error for LGBoost is 0.08284023668639054
2020-08-13 12:57:33,595:INFO:Accuracy for LGBoost is 0.9171597633136095
2020-08-13 12:57:33,595:INFO:Precision for LGBoost is 0.9268035808320169
2020-08-13 12:57:33,595:INFO:Recall for LGBoost is 0.9058157488419969
2020-08-13 12:57:33,595:INFO:F1 for LGBoost is 0.916189484643415
2020-08-13 12:57:33,595:INFO:Run Time for LGBoost is 0.0 minutes
2020-08-13 12:57:33,596:INFO:LGBoost Start
2020-08-13 12:57:33,596:INFO:Parameters for model are {'num_leaves': 10000}
2020-08-13 12:57:35,930:INFO:Mean squared error for LGBoost is 0.08284023668639054
2020-08-13 12:57:35,930:INFO:Accuracy for LGBoost is 0.9171597633136095
2020-08-13 12:57:35,930:INFO:Precision for LGBoost is 0.9268035808320169
2020-08-13 12:57:35,930:INFO:Recall for LGBoost is 0.9058157488419969
2020-08-13 12:57:35,930:INFO:F1 for LGBoost is 0.916189484643415
2020-08-13 12:57:35,930:INFO:Run Time for LGBoost is 0.0 minutes
2020-08-13 12:57:35,931:INFO:LGBoost Start
2020-08-13 12:57:35,931:INFO:Parameters for model are {'n_estimators': 1}
2020-08-13 12:57:36,057:INFO:Mean squared error for LGBoost is 0.09776177000257268
2020-08-13 12:57:36,057:INFO:Accuracy for LGBoost is 0.9022382299974273
2020-08-13 12:57:36,057:INFO:Precision for LGBoost is 0.9047125841532885
2020-08-13 12:57:36,057:INFO:Recall for LGBoost is 0.8991250643335049
2020-08-13 12:57:36,057:INFO:F1 for LGBoost is 0.9019101703665463
2020-08-13 12:57:36,057:INFO:Run Time for LGBoost is 0.0 minutes
2020-08-13 12:57:36,058:INFO:LGBoost Start
2020-08-13 12:57:36,058:INFO:Parameters for model are {'n_estimators': 2}
2020-08-13 12:57:36,182:INFO:Mean squared error for LGBoost is 0.09647543092359145
2020-08-13 12:57:36,182:INFO:Accuracy for LGBoost is 0.9035245690764085
2020-08-13 12:57:36,182:INFO:Precision for LGBoost is 0.9192513368983958
2020-08-13 12:57:36,182:INFO:Recall for LGBoost is 0.8847143592382913
2020-08-13 12:57:36,182:INFO:F1 for LGBoost is 0.9016522423288749
2020-08-13 12:57:36,182:INFO:Run Time for LGBoost is 0.0 minutes
2020-08-13 12:57:36,182:INFO:LGBoost Start
2020-08-13 12:57:36,182:INFO:Parameters for model are {'n_estimators': 3}
2020-08-13 12:57:36,307:INFO:Mean squared error for LGBoost is 0.09544635966040649
2020-08-13 12:57:36,307:INFO:Accuracy for LGBoost is 0.9045536403395935
2020-08-13 12:57:36,307:INFO:Precision for LGBoost is 0.9216738197424893
2020-08-13 12:57:36,307:INFO:Recall for LGBoost is 0.8841996911991765
2020-08-13 12:57:36,307:INFO:F1 for LGBoost is 0.9025479380089309
2020-08-13 12:57:36,307:INFO:Run Time for LGBoost is 0.0 minutes
2020-08-13 12:57:36,307:INFO:LGBoost Start
2020-08-13 12:57:36,308:INFO:Parameters for model are {'n_estimators': 4}
2020-08-13 12:57:36,433:INFO:Mean squared error for LGBoost is 0.09853357344996141
2020-08-13 12:57:36,433:INFO:Accuracy for LGBoost is 0.9014664265500386
2020-08-13 12:57:36,433:INFO:Precision for LGBoost is 0.913135593220339
2020-08-13 12:57:36,433:INFO:Recall for LGBoost is 0.8872876994338652
2020-08-13 12:57:36,434:INFO:F1 for LGBoost is 0.9000261028452101
2020-08-13 12:57:36,434:INFO:Run Time for LGBoost is 0.0 minutes
2020-08-13 12:57:36,434:INFO:LGBoost Start
2020-08-13 12:57:36,434:INFO:Parameters for model are {'n_estimators': 5}
2020-08-13 12:57:36,560:INFO:Mean squared error for LGBoost is 0.0967326987393877
2020-08-13 12:57:36,560:INFO:Accuracy for LGBoost is 0.9032673012606123
2020-08-13 12:57:36,560:INFO:Precision for LGBoost is 0.9138932910723719
2020-08-13 12:57:36,560:INFO:Recall for LGBoost is 0.8903757076685538
2020-08-13 12:57:36,560:INFO:F1 for LGBoost is 0.9019812304483837
2020-08-13 12:57:36,560:INFO:Run Time for LGBoost is 0.0 minutes
2020-08-13 12:57:36,560:INFO:LGBoost Start
2020-08-13 12:57:36,561:INFO:Parameters for model are {'n_estimators': 15}
2020-08-13 12:57:36,709:INFO:Mean squared error for LGBoost is 0.08489837921276049
2020-08-13 12:57:36,709:INFO:Accuracy for LGBoost is 0.9151016207872396
2020-08-13 12:57:36,709:INFO:Precision for LGBoost is 0.9251449657353716
2020-08-13 12:57:36,709:INFO:Recall for LGBoost is 0.903242408646423
2020-08-13 12:57:36,709:INFO:F1 for LGBoost is 0.9140625
2020-08-13 12:57:36,709:INFO:Run Time for LGBoost is 0.0 minutes
2020-08-13 12:57:36,710:INFO:LGBoost Start
2020-08-13 12:57:36,710:INFO:Parameters for model are {'n_estimators': 20}
2020-08-13 12:57:36,870:INFO:Mean squared error for LGBoost is 0.0820684332390018
2020-08-13 12:57:36,871:INFO:Accuracy for LGBoost is 0.9179315667609982
2020-08-13 12:57:36,871:INFO:Precision for LGBoost is 0.9282700421940928
2020-08-13 12:57:36,871:INFO:Recall for LGBoost is 0.9058157488419969
2020-08-13 12:57:36,871:INFO:F1 for LGBoost is 0.9169054441260744
2020-08-13 12:57:36,871:INFO:Run Time for LGBoost is 0.0 minutes
2020-08-13 12:57:36,871:INFO:LGBoost Start
2020-08-13 12:57:36,872:INFO:Parameters for model are {'n_estimators': 25}
2020-08-13 12:57:37,040:INFO:Mean squared error for LGBoost is 0.08181116542320556
2020-08-13 12:57:37,040:INFO:Accuracy for LGBoost is 0.9181888345767945
2020-08-13 12:57:37,040:INFO:Precision for LGBoost is 0.9292128895932382
2020-08-13 12:57:37,040:INFO:Recall for LGBoost is 0.9053010808028822
2020-08-13 12:57:37,041:INFO:F1 for LGBoost is 0.9171011470281543
2020-08-13 12:57:37,041:INFO:Run Time for LGBoost is 0.0 minutes
2020-08-13 12:57:37,041:INFO:LGBoost Start
2020-08-13 12:57:37,041:INFO:Parameters for model are {'n_estimators': 40}
2020-08-13 12:57:37,253:INFO:Mean squared error for LGBoost is 0.08052482634422434
2020-08-13 12:57:37,253:INFO:Accuracy for LGBoost is 0.9194751736557757
2020-08-13 12:57:37,253:INFO:Precision for LGBoost is 0.9293993677555321
2020-08-13 12:57:37,253:INFO:Recall for LGBoost is 0.9078744209984559
2020-08-13 12:57:37,253:INFO:F1 for LGBoost is 0.9185108044780005
2020-08-13 12:57:37,253:INFO:Run Time for LGBoost is 0.0 minutes
2020-08-13 12:57:37,253:INFO:LGBoost Start
2020-08-13 12:57:37,253:INFO:Parameters for model are {'n_estimators': 50}
2020-08-13 12:57:37,493:INFO:Mean squared error for LGBoost is 0.08052482634422434
2020-08-13 12:57:37,493:INFO:Accuracy for LGBoost is 0.9194751736557757
2020-08-13 12:57:37,493:INFO:Precision for LGBoost is 0.9298523206751055
2020-08-13 12:57:37,493:INFO:Recall for LGBoost is 0.9073597529593412
2020-08-13 12:57:37,493:INFO:F1 for LGBoost is 0.9184683511331077
2020-08-13 12:57:37,493:INFO:Run Time for LGBoost is 0.0 minutes
2020-08-13 12:57:37,494:INFO:LGBoost Start
2020-08-13 12:57:37,494:INFO:Parameters for model are {'n_estimators': 70}
2020-08-13 12:57:37,781:INFO:Mean squared error for LGBoost is 0.07949575508103936
2020-08-13 12:57:37,781:INFO:Accuracy for LGBoost is 0.9205042449189607
2020-08-13 12:57:37,781:INFO:Precision for LGBoost is 0.9290966386554622
2020-08-13 12:57:37,781:INFO:Recall for LGBoost is 0.9104477611940298
2020-08-13 12:57:37,781:INFO:F1 for LGBoost is 0.9196776709123993
2020-08-13 12:57:37,781:INFO:Run Time for LGBoost is 0.0 minutes
2020-08-13 12:57:37,782:INFO:LGBoost Start
2020-08-13 12:57:37,782:INFO:Parameters for model are {'n_estimators': 100}
2020-08-13 12:57:38,154:INFO:Mean squared error for LGBoost is 0.07615127347568819
2020-08-13 12:57:38,154:INFO:Accuracy for LGBoost is 0.9238487265243118
2020-08-13 12:57:38,154:INFO:Precision for LGBoost is 0.9331930562861652
2020-08-13 12:57:38,155:INFO:Recall for LGBoost is 0.9130211013896037
2020-08-13 12:57:38,155:INFO:F1 for LGBoost is 0.9229968782518211
2020-08-13 12:57:38,155:INFO:Run Time for LGBoost is 0.0 minutes
2020-08-13 12:57:38,155:INFO:LGBoost Start
2020-08-13 12:57:38,155:INFO:Parameters for model are {'min_data_in_leaf': 100}
2020-08-13 12:57:38,507:INFO:Mean squared error for LGBoost is 0.08541291484435297
2020-08-13 12:57:38,507:INFO:Accuracy for LGBoost is 0.914587085155647
2020-08-13 12:57:38,508:INFO:Precision for LGBoost is 0.9215070643642073
2020-08-13 12:57:38,508:INFO:Recall for LGBoost is 0.9063304168811117
2020-08-13 12:57:38,508:INFO:F1 for LGBoost is 0.9138557343020239
2020-08-13 12:57:38,508:INFO:Run Time for LGBoost is 0.0 minutes
2020-08-13 12:57:38,508:INFO:LGBoost Start
2020-08-13 12:57:38,508:INFO:Parameters for model are {'min_data_in_leaf': 250}
2020-08-13 12:57:38,824:INFO:Mean squared error for LGBoost is 0.09416002058142527
2020-08-13 12:57:38,824:INFO:Accuracy for LGBoost is 0.9058399794185747
2020-08-13 12:57:38,824:INFO:Precision for LGBoost is 0.925067385444744
2020-08-13 12:57:38,824:INFO:Recall for LGBoost is 0.883170355120947
2020-08-13 12:57:38,824:INFO:F1 for LGBoost is 0.9036334913112164
2020-08-13 12:57:38,824:INFO:Run Time for LGBoost is 0.0 minutes
2020-08-13 12:57:38,825:INFO:LGBoost Start
2020-08-13 12:57:38,825:INFO:Parameters for model are {'min_data_in_leaf': 500}
2020-08-13 12:57:39,090:INFO:Mean squared error for LGBoost is 0.11165423205556985
2020-08-13 12:57:39,090:INFO:Accuracy for LGBoost is 0.8883457679444301
2020-08-13 12:57:39,090:INFO:Precision for LGBoost is 0.918005540166205
2020-08-13 12:57:39,090:INFO:Recall for LGBoost is 0.8528049408131755
2020-08-13 12:57:39,090:INFO:F1 for LGBoost is 0.884204909284952
2020-08-13 12:57:39,091:INFO:Run Time for LGBoost is 0.0 minutes
2020-08-13 12:57:39,091:INFO:LGBoost Start
2020-08-13 12:57:39,091:INFO:Parameters for model are {'min_data_in_leaf': 750}
2020-08-13 12:57:39,328:INFO:Mean squared error for LGBoost is 0.11937226652945716
2020-08-13 12:57:39,328:INFO:Accuracy for LGBoost is 0.8806277334705428
2020-08-13 12:57:39,328:INFO:Precision for LGBoost is 0.9218482601254991
2020-08-13 12:57:39,328:INFO:Recall for LGBoost is 0.8317035512094699
2020-08-13 12:57:39,328:INFO:F1 for LGBoost is 0.8744588744588745
2020-08-13 12:57:39,328:INFO:Run Time for LGBoost is 0.0 minutes
2020-08-13 12:57:39,329:INFO:LGBoost Start
2020-08-13 12:57:39,329:INFO:Parameters for model are {'min_data_in_leaf': 1000}
2020-08-13 12:57:39,546:INFO:Mean squared error for LGBoost is 0.12606122974015951
2020-08-13 12:57:39,546:INFO:Accuracy for LGBoost is 0.8739387702598405
2020-08-13 12:57:39,546:INFO:Precision for LGBoost is 0.9326980345443716
2020-08-13 12:57:39,546:INFO:Recall for LGBoost is 0.8059701492537313
2020-08-13 12:57:39,546:INFO:F1 for LGBoost is 0.8647156267255659
2020-08-13 12:57:39,546:INFO:Run Time for LGBoost is 0.0 minutes
2020-08-13 12:57:39,784:INFO:LGBoost Start
2020-08-13 12:57:39,784:INFO:Parameters for model are {'learning_rate': 0.2, 'max_depth': 15, 'num_leaves': 31, 'n_estimators': 100, 'min_data_in_leaf': 100}
2020-08-13 12:57:40,181:INFO:Mean squared error for LGBoost is 0.08721378955492667
2020-08-13 12:57:40,182:INFO:Accuracy for LGBoost is 0.9127862104450734
2020-08-13 12:57:40,182:INFO:Precision for LGBoost is 0.9194560669456067
2020-08-13 12:57:40,182:INFO:Recall for LGBoost is 0.9047864127637674
2020-08-13 12:57:40,182:INFO:F1 for LGBoost is 0.9120622568093385
2020-08-13 12:57:40,182:INFO:Run Time for LGBoost is 0.0 minutes
2020-08-13 12:57:40,601:INFO:Logistic Regression Cross Validation Start
2020-08-13 12:57:40,601:INFO:Parameters for model are None
2020-08-13 12:57:42,403:INFO:Mean squared error for Logistic Regression is {'fit_time': array([0.33845377, 0.40369296, 0.30743146, 0.32619762, 0.29550314]), 'score_time': array([0.03117609, 0.02662206, 0.02208638, 0.01983452, 0.02005529]), 'test_mse': array([0.43505942, 0.19354839, 0.39855688, 0.20934183, 0.53715499]), 'test_accuracy': array([0.56494058, 0.80645161, 0.60144312, 0.79065817, 0.46284501]), 'test_precision': array([0.53853904, 0.75639205, 0.56498097, 0.75018262, 0.48047915]), 'test_recall': array([0.90747029, 0.9040747 , 0.8820034 , 0.87181664, 0.92013594]), 'test_f1': array([0.67594056, 0.82366589, 0.68876367, 0.80643895, 0.63130283])}
2020-08-13 12:57:42,404:INFO:Accuracy for Logistic Regression is [0.56494058 0.80645161 0.60144312 0.79065817 0.46284501]
2020-08-13 12:57:42,404:INFO:Precision for Logistic Regression is [0.53853904 0.75639205 0.56498097 0.75018262 0.48047915]
2020-08-13 12:57:42,404:INFO:Recall for Logistic Regression is [0.90747029 0.9040747  0.8820034  0.87181664 0.92013594]
2020-08-13 12:57:42,404:INFO:F1 for Logistic Regression is [0.67594056 0.82366589 0.68876367 0.80643895 0.63130283]
2020-08-13 12:57:42,405:INFO:Run Time for Logistic Regression is 0.0 minutes
2020-08-13 12:57:42,738:INFO:RandomForest Cross Validation Start
2020-08-13 12:57:42,738:INFO:Parameters for model are {'max_depth': 50, 'n_estimators': 20, 'max_features': 0.2, 'min_samples_leaf': 1}
2020-08-13 12:57:49,284:INFO:Mean squared error for RandomForest is {'fit_time': array([4.92961526, 0.25237632, 0.23446107, 0.23970556, 0.23700237]), 'score_time': array([0.13595629, 0.12679935, 0.1250844 , 0.12525558, 0.12528491]), 'test_mse': array([0.43505942, 0.15365025, 0.33234295, 0.20849257, 0.53757962]), 'test_accuracy': array([0.56494058, 0.84634975, 0.66765705, 0.79150743, 0.46242038]), 'test_precision': array([0.53823088, 0.80909091, 0.6167948 , 0.74413646, 0.48030102]), 'test_recall': array([0.91426146, 0.90662139, 0.88539898, 0.88879457, 0.92183517]), 'test_f1': array([0.67757156, 0.85508407, 0.72708261, 0.81005803, 0.63154831])}
2020-08-13 12:57:49,284:INFO:Accuracy for RandomForest is [0.56494058 0.84634975 0.66765705 0.79150743 0.46242038]
2020-08-13 12:57:49,285:INFO:Precision for RandomForest is [0.53823088 0.80909091 0.6167948  0.74413646 0.48030102]
2020-08-13 12:57:49,285:INFO:Recall for RandomForest is [0.91426146 0.90662139 0.88539898 0.88879457 0.92183517]
2020-08-13 12:57:49,285:INFO:F1 for RandomForest is [0.67757156 0.85508407 0.72708261 0.81005803 0.63154831]
2020-08-13 12:57:49,285:INFO:Run Time for RandomForest is 0.0 minutes
2020-08-13 12:57:50,579:INFO:XGBoost Cross Validation Start
2020-08-13 12:57:50,579:INFO:Parameters for model are {'learning_rate': 0.6, 'max_depth': 10, 'n_estimators': 100}
2020-08-13 12:57:57,090:INFO:Mean squared error for XGBoost is {'fit_time': array([1.31895757, 1.24691772, 1.24138451, 1.22903514, 1.23777246]), 'score_time': array([0.04348278, 0.04622269, 0.0466888 , 0.04205847, 0.04129934]), 'test_mse': array([0.42614601, 0.18633277, 0.35526316, 0.1133758 , 0.53036093]), 'test_accuracy': array([0.57385399, 0.81366723, 0.64473684, 0.8866242 , 0.46963907]), 'test_precision': array([0.54264706, 0.75535591, 0.59393939, 0.87123064, 0.48421053]), 'test_recall': array([0.93972835, 0.9278438 , 0.91511036, 0.90747029, 0.93797791]), 'test_f1': array([0.68800497, 0.8327619 , 0.72034748, 0.88898129, 0.63870408])}
2020-08-13 12:57:57,091:INFO:Accuracy for XGBoost is [0.57385399 0.81366723 0.64473684 0.8866242  0.46963907]
2020-08-13 12:57:57,091:INFO:Precision for XGBoost is [0.54264706 0.75535591 0.59393939 0.87123064 0.48421053]
2020-08-13 12:57:57,091:INFO:Recall for XGBoost is [0.93972835 0.9278438  0.91511036 0.90747029 0.93797791]
2020-08-13 12:57:57,091:INFO:F1 for XGBoost is [0.68800497 0.8327619  0.72034748 0.88898129 0.63870408]
2020-08-13 12:57:57,091:INFO:Run Time for XGBoost is 0.0 minutes
2020-08-13 12:57:57,485:INFO:LGBoost Cross Validation Start
2020-08-13 12:57:57,485:INFO:Parameters for model are {'learning_rate': 0.2, 'max_depth': 15, 'num_leaves': 31, 'n_estimators': 100, 'min_data_in_leaf': 100}
2020-08-13 12:57:59,026:INFO:Mean squared error for LGBoost is {'fit_time': array([0.26154852, 0.27370214, 0.27842021, 0.26600289, 0.2597208 ]), 'score_time': array([0.03891492, 0.04028106, 0.0367074 , 0.03452539, 0.03838158]), 'test_mse': array([0.43633277, 0.18548387, 0.39558574, 0.32441614, 0.53927813]), 'test_accuracy': array([0.56366723, 0.81451613, 0.60441426, 0.67558386, 0.46072187]), 'test_precision': array([0.53746254, 0.76483202, 0.56641469, 0.6227758 , 0.47945205]), 'test_recall': array([0.91341256, 0.90831919, 0.89049236, 0.89134126, 0.92183517]), 'test_f1': array([0.67672956, 0.83042297, 0.69240924, 0.73324022, 0.63081395])}
2020-08-13 12:57:59,026:INFO:Accuracy for LGBoost is [0.56366723 0.81451613 0.60441426 0.67558386 0.46072187]
2020-08-13 12:57:59,027:INFO:Precision for LGBoost is [0.53746254 0.76483202 0.56641469 0.6227758  0.47945205]
2020-08-13 12:57:59,027:INFO:Recall for LGBoost is [0.91341256 0.90831919 0.89049236 0.89134126 0.92183517]
2020-08-13 12:57:59,027:INFO:F1 for LGBoost is [0.67672956 0.83042297 0.69240924 0.73324022 0.63081395]
2020-08-13 12:57:59,027:INFO:Run Time for LGBoost is 0.0 minutes
2020-08-13 12:57:59,491:INFO:XGBoost Start
2020-08-13 12:57:59,491:INFO:Parameters for model are {'learning_rate': 0.6, 'max_depth': 10, 'n_estimators': 100}
2020-08-13 12:58:00,861:INFO:Mean squared error for XGBoost is 0.0720349884229483
2020-08-13 12:58:00,862:INFO:Accuracy for XGBoost is 0.9279650115770517
2020-08-13 12:58:00,862:INFO:Precision for XGBoost is 0.940646528881823
2020-08-13 12:58:00,862:INFO:Recall for XGBoost is 0.9135357694287185
2020-08-13 12:58:00,862:INFO:F1 for XGBoost is 0.926892950391645
2020-08-13 12:58:00,862:INFO:Run Time for XGBoost is 0.0 minutes
