2020-07-27 17:06:10,515 RandomForest Start
2020-07-27 17:06:11,563 Score for RandomForest is 0.10262172284644194
2020-07-27 17:06:11,563 Run Time for Linear Regression is 0.0 minutes
2020-07-27 17:08:02,239 Logistic Regression Start
2020-07-27 17:08:02,491 Score for Logistic Regression is 0.10461922596754057
2020-07-27 17:08:02,491 Run Time for Linear Regression is 0.0 minutes
2020-07-27 17:08:04,731 RandomForest Start
2020-07-27 17:08:05,338 Score for RandomForest is 0.26541822721598
2020-07-27 17:08:05,346 Run Time for Linear Regression is 0.0 minutes
2020-07-27 17:08:05,347 RandomForest Start
2020-07-27 17:08:05,976 Score for RandomForest is 0.2574282147315855
2020-07-27 17:08:05,977 Run Time for Linear Regression is 0.0 minutes
2020-07-27 17:08:05,977 RandomForest Start
2020-07-27 17:08:06,742 Score for RandomForest is 0.24344569288389514
2020-07-27 17:08:06,742 Run Time for Linear Regression is 0.0 minutes
2020-07-27 17:08:06,743 RandomForest Start
2020-07-27 17:08:07,530 Score for RandomForest is 0.2177278401997503
2020-07-27 17:08:07,530 Run Time for Linear Regression is 0.0 minutes
2020-07-27 17:08:07,531 RandomForest Start
2020-07-27 17:08:08,338 Score for RandomForest is 0.21423220973782772
2020-07-27 17:08:08,338 Run Time for Linear Regression is 0.0 minutes
2020-07-27 17:08:08,340 RandomForest Start
2020-07-27 17:08:09,081 Score for RandomForest is 0.17328339575530588
2020-07-27 17:08:09,081 Run Time for Linear Regression is 0.0 minutes
2020-07-27 17:08:09,082 RandomForest Start
2020-07-27 17:08:09,711 Score for RandomForest is 0.13632958801498127
2020-07-27 17:08:09,711 Run Time for Linear Regression is 0.0 minutes
2020-07-27 17:08:09,712 RandomForest Start
2020-07-27 17:08:10,470 Score for RandomForest is 0.11210986267166043
2020-07-27 17:08:10,470 Run Time for Linear Regression is 0.0 minutes
2020-07-27 17:08:10,471 RandomForest Start
2020-07-27 17:08:11,329 Score for RandomForest is 0.10561797752808989
2020-07-27 17:08:11,329 Run Time for Linear Regression is 0.0 minutes
2020-07-27 17:08:11,330 RandomForest Start
2020-07-27 17:08:11,506 Score for RandomForest is 0.17128589263420724
2020-07-27 17:08:11,507 Run Time for Linear Regression is 0.0 minutes
2020-07-27 17:08:11,507 RandomForest Start
2020-07-27 17:08:11,886 Score for RandomForest is 0.18002496878901372
2020-07-27 17:08:11,886 Run Time for Linear Regression is 0.0 minutes
2020-07-27 17:08:11,887 RandomForest Start
2020-07-27 17:08:12,267 Score for RandomForest is 0.13632958801498127
2020-07-27 17:08:12,267 Run Time for Linear Regression is 0.0 minutes
2020-07-27 17:08:12,268 RandomForest Start
2020-07-27 17:08:12,650 Score for RandomForest is 0.1418227215980025
2020-07-27 17:08:12,650 Run Time for Linear Regression is 0.0 minutes
2020-07-27 17:08:12,651 RandomForest Start
2020-07-27 17:08:13,035 Score for RandomForest is 0.12659176029962546
2020-07-27 17:08:13,035 Run Time for Linear Regression is 0.0 minutes
2020-07-27 17:08:13,036 RandomForest Start
2020-07-27 17:08:13,439 Score for RandomForest is 0.1118601747815231
2020-07-27 17:08:13,439 Run Time for Linear Regression is 0.0 minutes
2020-07-27 17:08:13,439 RandomForest Start
2020-07-27 17:08:13,869 Score for RandomForest is 0.10786516853932585
2020-07-27 17:08:13,869 Run Time for Linear Regression is 0.0 minutes
2020-07-27 17:08:13,869 RandomForest Start
2020-07-27 17:08:14,319 Score for RandomForest is 0.10511860174781523
2020-07-27 17:08:14,319 Run Time for Linear Regression is 0.0 minutes
2020-07-27 17:08:14,320 RandomForest Start
2020-07-27 17:08:14,958 Score for RandomForest is 0.10886392009987515
2020-07-27 17:08:14,958 Run Time for Linear Regression is 0.0 minutes
2020-07-27 17:08:14,959 RandomForest Start
2020-07-27 17:08:15,583 Score for RandomForest is 0.1066167290886392
2020-07-27 17:08:15,583 Run Time for Linear Regression is 0.0 minutes
2020-07-27 17:08:15,584 RandomForest Start
2020-07-27 17:08:16,204 Score for RandomForest is 0.10411985018726591
2020-07-27 17:08:16,204 Run Time for Linear Regression is 0.0 minutes
2020-07-27 17:08:16,205 RandomForest Start
2020-07-27 17:08:17,029 Score for RandomForest is 0.10536828963795256
2020-07-27 17:08:17,029 Run Time for Linear Regression is 0.0 minutes
2020-07-27 17:08:17,030 RandomForest Start
2020-07-27 17:08:17,836 Score for RandomForest is 0.10536828963795256
2020-07-27 17:08:17,836 Run Time for Linear Regression is 0.0 minutes
2020-07-27 17:08:17,837 RandomForest Start
2020-07-27 17:08:19,227 Score for RandomForest is 0.10162297128589264
2020-07-27 17:08:19,227 Run Time for Linear Regression is 0.0 minutes
2020-07-27 17:08:19,228 RandomForest Start
2020-07-27 17:08:20,037 Score for RandomForest is 0.10536828963795256
2020-07-27 17:08:20,037 Run Time for Linear Regression is 0.0 minutes
2020-07-27 17:08:20,038 RandomForest Start
2020-07-27 17:08:20,976 Score for RandomForest is 0.1083645443196005
2020-07-27 17:08:20,977 Run Time for Linear Regression is 0.0 minutes
2020-07-27 17:08:20,977 RandomForest Start
2020-07-27 17:08:22,104 Score for RandomForest is 0.1066167290886392
2020-07-27 17:08:22,104 Run Time for Linear Regression is 0.0 minutes
2020-07-27 17:08:22,105 RandomForest Start
2020-07-27 17:08:23,041 Score for RandomForest is 0.10986267166042447
2020-07-27 17:08:23,042 Run Time for Linear Regression is 0.0 minutes
2020-07-27 17:08:23,043 RandomForest Start
2020-07-27 17:08:23,824 Score for RandomForest is 0.10536828963795256
2020-07-27 17:08:23,824 Run Time for Linear Regression is 0.0 minutes
2020-07-27 17:08:23,825 RandomForest Start
2020-07-27 17:08:24,472 Score for RandomForest is 0.16329588014981272
2020-07-27 17:08:24,472 Run Time for Linear Regression is 0.0 minutes
2020-07-27 17:08:24,473 RandomForest Start
2020-07-27 17:08:25,095 Score for RandomForest is 0.1822721598002497
2020-07-27 17:08:25,095 Run Time for Linear Regression is 0.0 minutes
2020-07-27 17:08:25,096 RandomForest Start
2020-07-27 17:08:25,715 Score for RandomForest is 0.18626716604244695
2020-07-27 17:08:25,715 Run Time for Linear Regression is 0.0 minutes
2020-07-27 17:08:25,716 RandomForest Start
2020-07-27 17:08:26,327 Score for RandomForest is 0.19425717852684146
2020-07-27 17:08:26,327 Run Time for Linear Regression is 0.0 minutes
2020-07-27 17:08:26,328 RandomForest Start
2020-07-27 17:08:26,953 Score for RandomForest is 0.20199750312109863
2020-07-27 17:08:26,953 Run Time for Linear Regression is 0.0 minutes
2020-07-27 17:08:26,954 RandomForest Start
2020-07-27 17:08:27,565 Score for RandomForest is 0.20474406991260924
2020-07-27 17:08:27,565 Run Time for Linear Regression is 0.0 minutes
2020-07-27 17:08:27,566 RandomForest Start
2020-07-27 17:08:28,175 Score for RandomForest is 0.20524344569288389
2020-07-27 17:08:28,175 Run Time for Linear Regression is 0.0 minutes
2020-07-27 17:08:28,176 RandomForest Start
2020-07-27 17:08:28,779 Score for RandomForest is 0.21697877652933834
2020-07-27 17:08:28,779 Run Time for Linear Regression is 0.0 minutes
2020-07-27 17:08:28,780 RandomForest Start
2020-07-27 17:08:29,388 Score for RandomForest is 0.2184769038701623
2020-07-27 17:08:29,388 Run Time for Linear Regression is 0.0 minutes
2020-07-27 17:08:29,389 RandomForest Start
2020-07-27 17:08:29,995 Score for RandomForest is 0.2389513108614232
2020-07-27 17:08:29,995 Run Time for Linear Regression is 0.0 minutes
2020-07-27 17:11:19,378 RandomForest Start
2020-07-27 17:11:20,411 Score for RandomForest is 0.10262172284644194
2020-07-27 17:11:20,411 Run Time for Linear Regression is 0.0 minutes
2020-07-27 17:11:29,629 Logistic Regression Start
2020-07-27 17:11:29,886 Score for Logistic Regression is 0.10461922596754057
2020-07-27 17:11:29,886 Run Time for Linear Regression is 0.0 minutes
2020-07-27 17:11:35,803 RandomForest Start
2020-07-27 17:11:36,411 Score for RandomForest is 0.26541822721598
2020-07-27 17:11:36,411 Run Time for Linear Regression is 0.0 minutes
2020-07-27 17:11:36,412 RandomForest Start
2020-07-27 17:11:37,016 Score for RandomForest is 0.2574282147315855
2020-07-27 17:11:37,016 Run Time for Linear Regression is 0.0 minutes
2020-07-27 17:11:37,017 RandomForest Start
2020-07-27 17:11:37,634 Score for RandomForest is 0.24344569288389514
2020-07-27 17:11:37,634 Run Time for Linear Regression is 0.0 minutes
2020-07-27 17:11:37,635 RandomForest Start
2020-07-27 17:11:38,254 Score for RandomForest is 0.2177278401997503
2020-07-27 17:11:38,255 Run Time for Linear Regression is 0.0 minutes
2020-07-27 17:11:38,255 RandomForest Start
2020-07-27 17:11:38,871 Score for RandomForest is 0.21423220973782772
2020-07-27 17:11:38,871 Run Time for Linear Regression is 0.0 minutes
2020-07-27 17:11:38,872 RandomForest Start
2020-07-27 17:11:39,509 Score for RandomForest is 0.17328339575530588
2020-07-27 17:11:39,509 Run Time for Linear Regression is 0.0 minutes
2020-07-27 17:11:39,511 RandomForest Start
2020-07-27 17:11:40,257 Score for RandomForest is 0.13632958801498127
2020-07-27 17:11:40,257 Run Time for Linear Regression is 0.0 minutes
2020-07-27 17:11:40,258 RandomForest Start
2020-07-27 17:11:41,015 Score for RandomForest is 0.11210986267166043
2020-07-27 17:11:41,015 Run Time for Linear Regression is 0.0 minutes
2020-07-27 17:11:41,016 RandomForest Start
2020-07-27 17:11:41,788 Score for RandomForest is 0.10561797752808989
2020-07-27 17:11:41,788 Run Time for Linear Regression is 0.0 minutes
2020-07-27 17:11:41,789 RandomForest Start
2020-07-27 17:11:41,961 Score for RandomForest is 0.17128589263420724
2020-07-27 17:11:41,961 Run Time for Linear Regression is 0.0 minutes
2020-07-27 17:11:41,962 RandomForest Start
2020-07-27 17:11:42,339 Score for RandomForest is 0.18002496878901372
2020-07-27 17:11:42,339 Run Time for Linear Regression is 0.0 minutes
2020-07-27 17:11:42,340 RandomForest Start
2020-07-27 17:11:42,722 Score for RandomForest is 0.13632958801498127
2020-07-27 17:11:42,722 Run Time for Linear Regression is 0.0 minutes
2020-07-27 17:11:42,723 RandomForest Start
2020-07-27 17:11:43,103 Score for RandomForest is 0.1418227215980025
2020-07-27 17:11:43,103 Run Time for Linear Regression is 0.0 minutes
2020-07-27 17:11:43,104 RandomForest Start
2020-07-27 17:11:43,487 Score for RandomForest is 0.12659176029962546
2020-07-27 17:11:43,487 Run Time for Linear Regression is 0.0 minutes
2020-07-27 17:11:43,488 RandomForest Start
2020-07-27 17:11:43,895 Score for RandomForest is 0.1118601747815231
2020-07-27 17:11:43,895 Run Time for Linear Regression is 0.0 minutes
2020-07-27 17:11:43,896 RandomForest Start
2020-07-27 17:11:44,307 Score for RandomForest is 0.10786516853932585
2020-07-27 17:11:44,307 Run Time for Linear Regression is 0.0 minutes
2020-07-27 17:11:44,308 RandomForest Start
2020-07-27 17:11:44,728 Score for RandomForest is 0.10511860174781523
2020-07-27 17:11:44,728 Run Time for Linear Regression is 0.0 minutes
2020-07-27 17:11:44,729 RandomForest Start
2020-07-27 17:11:45,282 Score for RandomForest is 0.10886392009987515
2020-07-27 17:11:45,282 Run Time for Linear Regression is 0.0 minutes
2020-07-27 17:11:45,283 RandomForest Start
2020-07-27 17:11:45,894 Score for RandomForest is 0.1066167290886392
2020-07-27 17:11:45,894 Run Time for Linear Regression is 0.0 minutes
2020-07-27 17:11:45,895 RandomForest Start
2020-07-27 17:11:46,699 Score for RandomForest is 0.10411985018726591
2020-07-27 17:11:46,699 Run Time for Linear Regression is 0.0 minutes
2020-07-27 17:11:46,699 RandomForest Start
2020-07-27 17:11:47,513 Score for RandomForest is 0.10536828963795256
2020-07-27 17:11:47,513 Run Time for Linear Regression is 0.0 minutes
2020-07-27 17:11:47,514 RandomForest Start
2020-07-27 17:11:48,366 Score for RandomForest is 0.10536828963795256
2020-07-27 17:11:48,367 Run Time for Linear Regression is 0.0 minutes
2020-07-27 17:11:48,367 RandomForest Start
2020-07-27 17:11:49,646 Score for RandomForest is 0.10162297128589264
2020-07-27 17:11:49,646 Run Time for Linear Regression is 0.0 minutes
2020-07-27 17:11:49,647 RandomForest Start
2020-07-27 17:11:50,460 Score for RandomForest is 0.10536828963795256
2020-07-27 17:11:50,460 Run Time for Linear Regression is 0.0 minutes
2020-07-27 17:11:50,461 RandomForest Start
2020-07-27 17:11:51,292 Score for RandomForest is 0.1083645443196005
2020-07-27 17:11:51,292 Run Time for Linear Regression is 0.0 minutes
2020-07-27 17:11:51,293 RandomForest Start
2020-07-27 17:11:52,599 Score for RandomForest is 0.1066167290886392
2020-07-27 17:11:52,600 Run Time for Linear Regression is 0.0 minutes
2020-07-27 17:11:52,600 RandomForest Start
2020-07-27 17:11:53,516 Score for RandomForest is 0.10986267166042447
2020-07-27 17:11:53,516 Run Time for Linear Regression is 0.0 minutes
2020-07-27 17:11:53,517 RandomForest Start
2020-07-27 17:11:54,375 Score for RandomForest is 0.10536828963795256
2020-07-27 17:11:54,375 Run Time for Linear Regression is 0.0 minutes
2020-07-27 17:11:54,376 RandomForest Start
2020-07-27 17:11:55,004 Score for RandomForest is 0.16329588014981272
2020-07-27 17:11:55,005 Run Time for Linear Regression is 0.0 minutes
2020-07-27 17:11:55,005 RandomForest Start
2020-07-27 17:11:55,625 Score for RandomForest is 0.1822721598002497
2020-07-27 17:11:55,626 Run Time for Linear Regression is 0.0 minutes
2020-07-27 17:11:55,627 RandomForest Start
2020-07-27 17:11:56,245 Score for RandomForest is 0.18626716604244695
2020-07-27 17:11:56,245 Run Time for Linear Regression is 0.0 minutes
2020-07-27 17:11:56,245 RandomForest Start
2020-07-27 17:11:56,859 Score for RandomForest is 0.19425717852684146
2020-07-27 17:11:56,860 Run Time for Linear Regression is 0.0 minutes
2020-07-27 17:11:56,860 RandomForest Start
2020-07-27 17:11:57,474 Score for RandomForest is 0.20199750312109863
2020-07-27 17:11:57,474 Run Time for Linear Regression is 0.0 minutes
2020-07-27 17:11:57,474 RandomForest Start
2020-07-27 17:11:58,104 Score for RandomForest is 0.20474406991260924
2020-07-27 17:11:58,104 Run Time for Linear Regression is 0.0 minutes
2020-07-27 17:11:58,105 RandomForest Start
2020-07-27 17:11:58,716 Score for RandomForest is 0.20524344569288389
2020-07-27 17:11:58,716 Run Time for Linear Regression is 0.0 minutes
2020-07-27 17:11:58,717 RandomForest Start
2020-07-27 17:11:59,337 Score for RandomForest is 0.21697877652933834
2020-07-27 17:11:59,337 Run Time for Linear Regression is 0.0 minutes
2020-07-27 17:11:59,338 RandomForest Start
2020-07-27 17:11:59,992 Score for RandomForest is 0.2184769038701623
2020-07-27 17:11:59,992 Run Time for Linear Regression is 0.0 minutes
2020-07-27 17:11:59,993 RandomForest Start
2020-07-27 17:12:00,651 Score for RandomForest is 0.2389513108614232
2020-07-27 17:12:00,651 Run Time for Linear Regression is 0.0 minutes
