2020-07-15 16:17:50,688 XGboost Start
2020-07-15 16:18:06,638 Score for XGboost is None
2020-07-15 16:18:06,638 Run Time for Linear Regression is 0.0 minutes
2020-07-15 16:28:01,756 findfont: Matching sans\-serif:style=normal:variant=normal:weight=normal:stretch=normal:size=10.0.
2020-07-15 16:28:01,757 findfont: score(<Font 'STIXSizeTwoSym' (STIXSizTwoSymReg.ttf) normal normal regular normal>) = 10.05
2020-07-15 16:28:01,757 findfont: score(<Font 'DejaVu Serif' (DejaVuSerif.ttf) normal normal 400 normal>) = 10.05
2020-07-15 16:28:01,758 findfont: score(<Font 'DejaVu Sans Mono' (DejaVuSansMono.ttf) normal normal 400 normal>) = 10.05
2020-07-15 16:28:01,758 findfont: score(<Font 'STIXSizeFourSym' (STIXSizFourSymBol.ttf) normal normal bold normal>) = 10.335
2020-07-15 16:28:01,758 findfont: score(<Font 'DejaVu Serif' (DejaVuSerif-Italic.ttf) italic normal 400 normal>) = 11.05
2020-07-15 16:28:01,758 findfont: score(<Font 'cmex10' (cmex10.ttf) normal normal 400 normal>) = 10.05
2020-07-15 16:28:01,758 findfont: score(<Font 'STIXSizeThreeSym' (STIXSizThreeSymReg.ttf) normal normal regular normal>) = 10.05
2020-07-15 16:28:01,758 findfont: score(<Font 'STIXSizeTwoSym' (STIXSizTwoSymBol.ttf) normal normal bold normal>) = 10.335
2020-07-15 16:28:01,758 findfont: score(<Font 'DejaVu Serif' (DejaVuSerif-BoldItalic.ttf) italic normal bold normal>) = 11.335
2020-07-15 16:28:01,758 findfont: score(<Font 'DejaVu Sans Mono' (DejaVuSansMono-BoldOblique.ttf) oblique normal bold normal>) = 11.335
2020-07-15 16:28:01,758 findfont: score(<Font 'DejaVu Sans' (DejaVuSans-BoldOblique.ttf) oblique normal bold normal>) = 3.335
2020-07-15 16:28:01,759 findfont: score(<Font 'DejaVu Sans' (DejaVuSans-Oblique.ttf) oblique normal 400 normal>) = 3.05
2020-07-15 16:28:01,759 findfont: score(<Font 'STIXSizeOneSym' (STIXSizOneSymReg.ttf) normal normal regular normal>) = 10.05
2020-07-15 16:28:01,759 findfont: score(<Font 'cmtt10' (cmtt10.ttf) normal normal 400 normal>) = 10.05
2020-07-15 16:28:01,759 findfont: score(<Font 'STIXSizeThreeSym' (STIXSizThreeSymBol.ttf) normal normal bold normal>) = 10.335
2020-07-15 16:28:01,759 findfont: score(<Font 'cmsy10' (cmsy10.ttf) normal normal 400 normal>) = 10.05
2020-07-15 16:28:01,759 findfont: score(<Font 'DejaVu Sans Mono' (DejaVuSansMono-Oblique.ttf) oblique normal 400 normal>) = 11.05
2020-07-15 16:28:01,759 findfont: score(<Font 'STIXGeneral' (STIXGeneralBol.ttf) normal normal bold normal>) = 10.335
2020-07-15 16:28:01,759 findfont: score(<Font 'cmr10' (cmr10.ttf) normal normal 400 normal>) = 10.05
2020-07-15 16:28:01,759 findfont: score(<Font 'DejaVu Sans Mono' (DejaVuSansMono-Bold.ttf) normal normal bold normal>) = 10.335
2020-07-15 16:28:01,759 findfont: score(<Font 'DejaVu Sans Display' (DejaVuSansDisplay.ttf) normal normal 400 normal>) = 10.05
2020-07-15 16:28:01,759 findfont: score(<Font 'STIXGeneral' (STIXGeneralBolIta.ttf) italic normal bold normal>) = 11.335
2020-07-15 16:28:01,760 findfont: score(<Font 'DejaVu Sans' (DejaVuSans.ttf) normal normal 400 normal>) = 2.05
2020-07-15 16:28:01,760 findfont: score(<Font 'STIXGeneral' (STIXGeneral.ttf) normal normal regular normal>) = 10.05
2020-07-15 16:28:01,760 findfont: score(<Font 'STIXSizeFiveSym' (STIXSizFiveSymReg.ttf) normal normal regular normal>) = 10.05
2020-07-15 16:28:01,760 findfont: score(<Font 'STIXNonUnicode' (STIXNonUniBolIta.ttf) italic normal bold normal>) = 11.335
2020-07-15 16:28:01,760 findfont: score(<Font 'DejaVu Serif Display' (DejaVuSerifDisplay.ttf) normal normal 400 normal>) = 10.05
2020-07-15 16:28:01,760 findfont: score(<Font 'STIXNonUnicode' (STIXNonUni.ttf) normal normal regular normal>) = 10.05
2020-07-15 16:28:01,760 findfont: score(<Font 'STIXSizeOneSym' (STIXSizOneSymBol.ttf) normal normal bold normal>) = 10.335
2020-07-15 16:28:01,760 findfont: score(<Font 'DejaVu Serif' (DejaVuSerif-Bold.ttf) normal normal bold normal>) = 10.335
2020-07-15 16:28:01,760 findfont: score(<Font 'cmmi10' (cmmi10.ttf) normal normal 400 normal>) = 10.05
2020-07-15 16:28:01,760 findfont: score(<Font 'cmb10' (cmb10.ttf) normal normal 400 normal>) = 10.05
2020-07-15 16:28:01,760 findfont: score(<Font 'cmss10' (cmss10.ttf) normal normal 400 normal>) = 10.05
2020-07-15 16:28:01,760 findfont: score(<Font 'DejaVu Sans' (DejaVuSans-Bold.ttf) normal normal bold normal>) = 2.335
2020-07-15 16:28:01,761 findfont: score(<Font 'STIXSizeFourSym' (STIXSizFourSymReg.ttf) normal normal regular normal>) = 10.05
2020-07-15 16:28:01,761 findfont: score(<Font 'STIXNonUnicode' (STIXNonUniIta.ttf) italic normal 400 normal>) = 11.05
2020-07-15 16:28:01,761 findfont: score(<Font 'STIXNonUnicode' (STIXNonUniBol.ttf) normal normal bold normal>) = 10.335
2020-07-15 16:28:01,761 findfont: score(<Font 'STIXGeneral' (STIXGeneralItalic.ttf) italic normal 400 normal>) = 11.05
2020-07-15 16:28:01,761 findfont: Matching sans\-serif:style=normal:variant=normal:weight=normal:stretch=normal:size=10.0 to DejaVu Sans ('/home/narquette/anaconda/envs/claims/lib/python3.7/site-packages/matplotlib/mpl-data/fonts/ttf/DejaVuSans.ttf') with score of 2.050000.
2020-07-15 16:28:01,769 findfont: Matching sans\-serif:style=normal:variant=normal:weight=normal:stretch=normal:size=11.0.
2020-07-15 16:28:01,769 findfont: score(<Font 'STIXSizeTwoSym' (STIXSizTwoSymReg.ttf) normal normal regular normal>) = 10.05
2020-07-15 16:28:01,769 findfont: score(<Font 'DejaVu Serif' (DejaVuSerif.ttf) normal normal 400 normal>) = 10.05
2020-07-15 16:28:01,770 findfont: score(<Font 'DejaVu Sans Mono' (DejaVuSansMono.ttf) normal normal 400 normal>) = 10.05
2020-07-15 16:28:01,770 findfont: score(<Font 'STIXSizeFourSym' (STIXSizFourSymBol.ttf) normal normal bold normal>) = 10.335
2020-07-15 16:28:01,770 findfont: score(<Font 'DejaVu Serif' (DejaVuSerif-Italic.ttf) italic normal 400 normal>) = 11.05
2020-07-15 16:28:01,770 findfont: score(<Font 'cmex10' (cmex10.ttf) normal normal 400 normal>) = 10.05
2020-07-15 16:28:01,770 findfont: score(<Font 'STIXSizeThreeSym' (STIXSizThreeSymReg.ttf) normal normal regular normal>) = 10.05
2020-07-15 16:28:01,770 findfont: score(<Font 'STIXSizeTwoSym' (STIXSizTwoSymBol.ttf) normal normal bold normal>) = 10.335
2020-07-15 16:28:01,770 findfont: score(<Font 'DejaVu Serif' (DejaVuSerif-BoldItalic.ttf) italic normal bold normal>) = 11.335
2020-07-15 16:28:01,770 findfont: score(<Font 'DejaVu Sans Mono' (DejaVuSansMono-BoldOblique.ttf) oblique normal bold normal>) = 11.335
2020-07-15 16:28:01,770 findfont: score(<Font 'DejaVu Sans' (DejaVuSans-BoldOblique.ttf) oblique normal bold normal>) = 3.335
2020-07-15 16:28:01,770 findfont: score(<Font 'DejaVu Sans' (DejaVuSans-Oblique.ttf) oblique normal 400 normal>) = 3.05
2020-07-15 16:28:01,770 findfont: score(<Font 'STIXSizeOneSym' (STIXSizOneSymReg.ttf) normal normal regular normal>) = 10.05
2020-07-15 16:28:01,771 findfont: score(<Font 'cmtt10' (cmtt10.ttf) normal normal 400 normal>) = 10.05
2020-07-15 16:28:01,771 findfont: score(<Font 'STIXSizeThreeSym' (STIXSizThreeSymBol.ttf) normal normal bold normal>) = 10.335
2020-07-15 16:28:01,771 findfont: score(<Font 'cmsy10' (cmsy10.ttf) normal normal 400 normal>) = 10.05
2020-07-15 16:28:01,771 findfont: score(<Font 'DejaVu Sans Mono' (DejaVuSansMono-Oblique.ttf) oblique normal 400 normal>) = 11.05
2020-07-15 16:28:01,771 findfont: score(<Font 'STIXGeneral' (STIXGeneralBol.ttf) normal normal bold normal>) = 10.335
2020-07-15 16:28:01,771 findfont: score(<Font 'cmr10' (cmr10.ttf) normal normal 400 normal>) = 10.05
2020-07-15 16:28:01,771 findfont: score(<Font 'DejaVu Sans Mono' (DejaVuSansMono-Bold.ttf) normal normal bold normal>) = 10.335
2020-07-15 16:28:01,771 findfont: score(<Font 'DejaVu Sans Display' (DejaVuSansDisplay.ttf) normal normal 400 normal>) = 10.05
2020-07-15 16:28:01,771 findfont: score(<Font 'STIXGeneral' (STIXGeneralBolIta.ttf) italic normal bold normal>) = 11.335
2020-07-15 16:28:01,771 findfont: score(<Font 'DejaVu Sans' (DejaVuSans.ttf) normal normal 400 normal>) = 2.05
2020-07-15 16:28:01,771 findfont: score(<Font 'STIXGeneral' (STIXGeneral.ttf) normal normal regular normal>) = 10.05
2020-07-15 16:28:01,772 findfont: score(<Font 'STIXSizeFiveSym' (STIXSizFiveSymReg.ttf) normal normal regular normal>) = 10.05
2020-07-15 16:28:01,772 findfont: score(<Font 'STIXNonUnicode' (STIXNonUniBolIta.ttf) italic normal bold normal>) = 11.335
2020-07-15 16:28:01,772 findfont: score(<Font 'DejaVu Serif Display' (DejaVuSerifDisplay.ttf) normal normal 400 normal>) = 10.05
2020-07-15 16:28:01,772 findfont: score(<Font 'STIXNonUnicode' (STIXNonUni.ttf) normal normal regular normal>) = 10.05
2020-07-15 16:28:01,772 findfont: score(<Font 'STIXSizeOneSym' (STIXSizOneSymBol.ttf) normal normal bold normal>) = 10.335
2020-07-15 16:28:01,772 findfont: score(<Font 'DejaVu Serif' (DejaVuSerif-Bold.ttf) normal normal bold normal>) = 10.335
2020-07-15 16:28:01,772 findfont: score(<Font 'cmmi10' (cmmi10.ttf) normal normal 400 normal>) = 10.05
2020-07-15 16:28:01,772 findfont: score(<Font 'cmb10' (cmb10.ttf) normal normal 400 normal>) = 10.05
2020-07-15 16:28:01,772 findfont: score(<Font 'cmss10' (cmss10.ttf) normal normal 400 normal>) = 10.05
2020-07-15 16:28:01,772 findfont: score(<Font 'DejaVu Sans' (DejaVuSans-Bold.ttf) normal normal bold normal>) = 2.335
2020-07-15 16:28:01,773 findfont: score(<Font 'STIXSizeFourSym' (STIXSizFourSymReg.ttf) normal normal regular normal>) = 10.05
2020-07-15 16:28:01,773 findfont: score(<Font 'STIXNonUnicode' (STIXNonUniIta.ttf) italic normal 400 normal>) = 11.05
2020-07-15 16:28:01,773 findfont: score(<Font 'STIXNonUnicode' (STIXNonUniBol.ttf) normal normal bold normal>) = 10.335
2020-07-15 16:28:01,773 findfont: score(<Font 'STIXGeneral' (STIXGeneralItalic.ttf) italic normal 400 normal>) = 11.05
2020-07-15 16:28:01,773 findfont: Matching sans\-serif:style=normal:variant=normal:weight=normal:stretch=normal:size=11.0 to DejaVu Sans ('/home/narquette/anaconda/envs/claims/lib/python3.7/site-packages/matplotlib/mpl-data/fonts/ttf/DejaVuSans.ttf') with score of 2.050000.
2020-07-15 16:28:10,596 findfont: Matching sans\-serif:style=normal:variant=normal:weight=normal:stretch=normal:size=12.0.
2020-07-15 16:28:10,597 findfont: score(<Font 'STIXSizeTwoSym' (STIXSizTwoSymReg.ttf) normal normal regular normal>) = 10.05
2020-07-15 16:28:10,597 findfont: score(<Font 'DejaVu Serif' (DejaVuSerif.ttf) normal normal 400 normal>) = 10.05
2020-07-15 16:28:10,597 findfont: score(<Font 'DejaVu Sans Mono' (DejaVuSansMono.ttf) normal normal 400 normal>) = 10.05
2020-07-15 16:28:10,597 findfont: score(<Font 'STIXSizeFourSym' (STIXSizFourSymBol.ttf) normal normal bold normal>) = 10.335
2020-07-15 16:28:10,597 findfont: score(<Font 'DejaVu Serif' (DejaVuSerif-Italic.ttf) italic normal 400 normal>) = 11.05
2020-07-15 16:28:10,597 findfont: score(<Font 'cmex10' (cmex10.ttf) normal normal 400 normal>) = 10.05
2020-07-15 16:28:10,597 findfont: score(<Font 'STIXSizeThreeSym' (STIXSizThreeSymReg.ttf) normal normal regular normal>) = 10.05
2020-07-15 16:28:10,597 findfont: score(<Font 'STIXSizeTwoSym' (STIXSizTwoSymBol.ttf) normal normal bold normal>) = 10.335
2020-07-15 16:28:10,598 findfont: score(<Font 'DejaVu Serif' (DejaVuSerif-BoldItalic.ttf) italic normal bold normal>) = 11.335
2020-07-15 16:28:10,598 findfont: score(<Font 'DejaVu Sans Mono' (DejaVuSansMono-BoldOblique.ttf) oblique normal bold normal>) = 11.335
2020-07-15 16:28:10,598 findfont: score(<Font 'DejaVu Sans' (DejaVuSans-BoldOblique.ttf) oblique normal bold normal>) = 3.335
2020-07-15 16:28:10,598 findfont: score(<Font 'DejaVu Sans' (DejaVuSans-Oblique.ttf) oblique normal 400 normal>) = 3.05
2020-07-15 16:28:10,598 findfont: score(<Font 'STIXSizeOneSym' (STIXSizOneSymReg.ttf) normal normal regular normal>) = 10.05
2020-07-15 16:28:10,598 findfont: score(<Font 'cmtt10' (cmtt10.ttf) normal normal 400 normal>) = 10.05
2020-07-15 16:28:10,598 findfont: score(<Font 'STIXSizeThreeSym' (STIXSizThreeSymBol.ttf) normal normal bold normal>) = 10.335
2020-07-15 16:28:10,599 findfont: score(<Font 'cmsy10' (cmsy10.ttf) normal normal 400 normal>) = 10.05
2020-07-15 16:28:10,599 findfont: score(<Font 'DejaVu Sans Mono' (DejaVuSansMono-Oblique.ttf) oblique normal 400 normal>) = 11.05
2020-07-15 16:28:10,599 findfont: score(<Font 'STIXGeneral' (STIXGeneralBol.ttf) normal normal bold normal>) = 10.335
2020-07-15 16:28:10,599 findfont: score(<Font 'cmr10' (cmr10.ttf) normal normal 400 normal>) = 10.05
2020-07-15 16:28:10,599 findfont: score(<Font 'DejaVu Sans Mono' (DejaVuSansMono-Bold.ttf) normal normal bold normal>) = 10.335
2020-07-15 16:28:10,599 findfont: score(<Font 'DejaVu Sans Display' (DejaVuSansDisplay.ttf) normal normal 400 normal>) = 10.05
2020-07-15 16:28:10,600 findfont: score(<Font 'STIXGeneral' (STIXGeneralBolIta.ttf) italic normal bold normal>) = 11.335
2020-07-15 16:28:10,600 findfont: score(<Font 'DejaVu Sans' (DejaVuSans.ttf) normal normal 400 normal>) = 2.05
2020-07-15 16:28:10,600 findfont: score(<Font 'STIXGeneral' (STIXGeneral.ttf) normal normal regular normal>) = 10.05
2020-07-15 16:28:10,600 findfont: score(<Font 'STIXSizeFiveSym' (STIXSizFiveSymReg.ttf) normal normal regular normal>) = 10.05
2020-07-15 16:28:10,600 findfont: score(<Font 'STIXNonUnicode' (STIXNonUniBolIta.ttf) italic normal bold normal>) = 11.335
2020-07-15 16:28:10,600 findfont: score(<Font 'DejaVu Serif Display' (DejaVuSerifDisplay.ttf) normal normal 400 normal>) = 10.05
2020-07-15 16:28:10,600 findfont: score(<Font 'STIXNonUnicode' (STIXNonUni.ttf) normal normal regular normal>) = 10.05
2020-07-15 16:28:10,600 findfont: score(<Font 'STIXSizeOneSym' (STIXSizOneSymBol.ttf) normal normal bold normal>) = 10.335
2020-07-15 16:28:10,600 findfont: score(<Font 'DejaVu Serif' (DejaVuSerif-Bold.ttf) normal normal bold normal>) = 10.335
2020-07-15 16:28:10,601 findfont: score(<Font 'cmmi10' (cmmi10.ttf) normal normal 400 normal>) = 10.05
2020-07-15 16:28:10,601 findfont: score(<Font 'cmb10' (cmb10.ttf) normal normal 400 normal>) = 10.05
2020-07-15 16:28:10,601 findfont: score(<Font 'cmss10' (cmss10.ttf) normal normal 400 normal>) = 10.05
2020-07-15 16:28:10,601 findfont: score(<Font 'DejaVu Sans' (DejaVuSans-Bold.ttf) normal normal bold normal>) = 2.335
2020-07-15 16:28:10,601 findfont: score(<Font 'STIXSizeFourSym' (STIXSizFourSymReg.ttf) normal normal regular normal>) = 10.05
2020-07-15 16:28:10,601 findfont: score(<Font 'STIXNonUnicode' (STIXNonUniIta.ttf) italic normal 400 normal>) = 11.05
2020-07-15 16:28:10,601 findfont: score(<Font 'STIXNonUnicode' (STIXNonUniBol.ttf) normal normal bold normal>) = 10.335
2020-07-15 16:28:10,601 findfont: score(<Font 'STIXGeneral' (STIXGeneralItalic.ttf) italic normal 400 normal>) = 11.05
2020-07-15 16:28:10,601 findfont: Matching sans\-serif:style=normal:variant=normal:weight=normal:stretch=normal:size=12.0 to DejaVu Sans ('/home/narquette/anaconda/envs/claims/lib/python3.7/site-packages/matplotlib/mpl-data/fonts/ttf/DejaVuSans.ttf') with score of 2.050000.
2020-07-15 17:42:02,352 Logistic Regression Start
